TN:
SF:src/server.ts
FN:41,(anonymous_0)
FN:60,(anonymous_1)
FN:79,(anonymous_2)
FN:109,(anonymous_3)
FN:111,(anonymous_4)
FN:125,(anonymous_5)
FN:144,(anonymous_6)
FN:154,(anonymous_7)
FN:171,(anonymous_8)
FN:185,(anonymous_9)
FN:187,(anonymous_10)
FN:202,(anonymous_11)
FN:223,(anonymous_12)
FN:228,(anonymous_13)
FN:238,(anonymous_14)
FN:241,(anonymous_15)
FN:242,(anonymous_16)
FN:253,(anonymous_17)
FN:257,(anonymous_18)
FN:261,(anonymous_19)
FN:274,(anonymous_20)
FN:283,(anonymous_21)
FNF:22
FNH:0
FNDA:0,(anonymous_0)
FNDA:0,(anonymous_1)
FNDA:0,(anonymous_2)
FNDA:0,(anonymous_3)
FNDA:0,(anonymous_4)
FNDA:0,(anonymous_5)
FNDA:0,(anonymous_6)
FNDA:0,(anonymous_7)
FNDA:0,(anonymous_8)
FNDA:0,(anonymous_9)
FNDA:0,(anonymous_10)
FNDA:0,(anonymous_11)
FNDA:0,(anonymous_12)
FNDA:0,(anonymous_13)
FNDA:0,(anonymous_14)
FNDA:0,(anonymous_15)
FNDA:0,(anonymous_16)
FNDA:0,(anonymous_17)
FNDA:0,(anonymous_18)
FNDA:0,(anonymous_19)
FNDA:0,(anonymous_20)
FNDA:0,(anonymous_21)
DA:28,0
DA:29,0
DA:30,0
DA:33,0
DA:34,0
DA:35,0
DA:42,0
DA:44,0
DA:45,0
DA:48,0
DA:51,0
DA:54,0
DA:57,0
DA:60,0
DA:61,0
DA:62,0
DA:63,0
DA:67,0
DA:70,0
DA:71,0
DA:81,0
DA:94,0
DA:102,0
DA:105,0
DA:106,0
DA:109,0
DA:110,0
DA:111,0
DA:112,0
DA:113,0
DA:121,0
DA:125,0
DA:126,0
DA:127,0
DA:136,0
DA:146,0
DA:147,0
DA:150,0
DA:151,0
DA:154,0
DA:155,0
DA:171,0
DA:172,0
DA:187,0
DA:188,0
DA:197,0
DA:198,0
DA:200,0
DA:201,0
DA:202,0
DA:203,0
DA:204,0
DA:205,0
DA:206,0
DA:207,0
DA:208,0
DA:211,0
DA:219,0
DA:223,0
DA:224,0
DA:225,0
DA:228,0
DA:229,0
DA:230,0
DA:239,0
DA:241,0
DA:242,0
DA:243,0
DA:244,0
DA:254,0
DA:257,0
DA:258,0
DA:261,0
DA:262,0
DA:265,0
DA:266,0
DA:268,0
DA:269,0
DA:274,0
DA:275,0
DA:276,0
DA:282,0
DA:283,0
DA:284,0
DA:285,0
LF:85
LH:0
BRDA:28,0,0,0
BRDA:28,0,1,0
BRDA:29,1,0,0
BRDA:29,1,1,0
BRDA:30,2,0,0
BRDA:30,2,1,0
BRDA:200,3,0,0
BRDA:200,3,1,0
BRDA:203,4,0,0
BRDA:203,4,1,0
BRDA:206,5,0,0
BRDA:206,6,0,0
BRDA:206,6,1,0
BRDA:214,7,0,0
BRDA:214,7,1,0
BRDA:216,8,0,0
BRDA:216,8,1,0
BRF:17
BRH:0
end_of_record
TN:
SF:src/routes/assessment.ts
FN:51,(anonymous_0)
FN:83,(anonymous_1)
FN:106,(anonymous_2)
FN:153,(anonymous_3)
FN:191,(anonymous_4)
FN:237,(anonymous_5)
FN:283,(anonymous_6)
FN:322,(anonymous_7)
FNF:8
FNH:1
FNDA:2,(anonymous_0)
FNDA:0,(anonymous_1)
FNDA:0,(anonymous_2)
FNDA:0,(anonymous_3)
FNDA:0,(anonymous_4)
FNDA:0,(anonymous_5)
FNDA:0,(anonymous_6)
FNDA:0,(anonymous_7)
DA:15,1
DA:16,1
DA:17,1
DA:18,1
DA:21,1
DA:24,1
DA:33,1
DA:39,1
DA:51,1
DA:52,2
DA:53,2
DA:54,1
DA:56,0
DA:59,0
DA:61,0
DA:62,0
DA:65,0
DA:71,0
DA:72,0
DA:75,2
DA:83,1
DA:84,0
DA:85,0
DA:88,0
DA:90,0
DA:96,0
DA:98,0
DA:106,1
DA:107,0
DA:108,0
DA:109,0
DA:111,0
DA:114,0
DA:119,0
DA:120,0
DA:124,0
DA:129,0
DA:141,0
DA:142,0
DA:145,0
DA:153,1
DA:154,0
DA:155,0
DA:156,0
DA:158,0
DA:160,0
DA:163,0
DA:170,0
DA:171,0
DA:174,0
DA:180,0
DA:183,0
DA:191,1
DA:192,0
DA:193,0
DA:194,0
DA:196,0
DA:198,0
DA:201,0
DA:210,0
DA:211,0
DA:214,0
DA:225,0
DA:226,0
DA:229,0
DA:237,1
DA:238,0
DA:239,0
DA:240,0
DA:242,0
DA:245,0
DA:250,0
DA:251,0
DA:254,0
DA:266,0
DA:272,0
DA:275,0
DA:283,1
DA:284,0
DA:285,0
DA:286,0
DA:288,0
DA:291,0
DA:296,0
DA:297,0
DA:300,0
DA:310,0
DA:311,0
DA:314,0
DA:322,1
DA:323,0
DA:324,0
DA:325,0
DA:327,0
DA:330,0
DA:335,0
DA:336,0
DA:339,0
DA:349,0
DA:350,0
DA:353,0
DA:357,1
LF:102
LH:21
BRDA:61,0,0,0
BRDA:62,1,0,0
BRDA:62,1,1,0
BRDA:92,2,0,0
BRDA:92,2,1,0
BRDA:119,3,0,0
BRDA:134,4,0,0
BRDA:134,4,1,0
BRDA:170,5,0,0
BRDA:171,6,0,0
BRDA:171,6,1,0
BRDA:176,7,0,0
BRDA:176,7,1,0
BRDA:210,8,0,0
BRDA:211,9,0,0
BRDA:211,9,1,0
BRDA:219,10,0,0
BRDA:219,10,1,0
BRDA:250,11,0,0
BRDA:251,12,0,0
BRDA:251,12,1,0
BRDA:255,13,0,0
BRDA:255,13,1,0
BRDA:257,14,0,0
BRDA:257,14,1,0
BRDA:258,15,0,0
BRDA:258,15,1,0
BRDA:259,16,0,0
BRDA:259,16,1,0
BRDA:260,17,0,0
BRDA:260,17,1,0
BRDA:261,18,0,0
BRDA:261,18,1,0
BRDA:263,19,0,0
BRDA:263,19,1,0
BRDA:296,20,0,0
BRDA:297,21,0,0
BRDA:297,21,1,0
BRDA:335,22,0,0
BRDA:336,23,0,0
BRDA:336,23,1,0
BRF:41
BRH:0
end_of_record
TN:
SF:src/routes/dashboard.ts
FN:25,(anonymous_0)
FN:97,(anonymous_1)
FN:137,(anonymous_2)
FN:165,calculateImplementationScore
FN:170,calculateEffectivenessScore
FN:177,mapFunctionScores
FN:178,(anonymous_6)
FN:189,mapBenchmarkData
FN:199,mapRiskHeatMap
FN:200,(anonymous_9)
FN:211,mapRecommendations
FN:212,(anonymous_11)
FNF:12
FNH:0
FNDA:0,(anonymous_0)
FNDA:0,(anonymous_1)
FNDA:0,(anonymous_2)
FNDA:0,calculateImplementationScore
FNDA:0,calculateEffectivenessScore
FNDA:0,mapFunctionScores
FNDA:0,(anonymous_6)
FNDA:0,mapBenchmarkData
FNDA:0,mapRiskHeatMap
FNDA:0,(anonymous_9)
FNDA:0,mapRecommendations
FNDA:0,(anonymous_11)
DA:19,0
DA:25,0
DA:26,0
DA:27,0
DA:28,0
DA:30,0
DA:33,0
DA:37,0
DA:38,0
DA:42,0
DA:49,0
DA:56,0
DA:63,0
DA:79,0
DA:85,0
DA:86,0
DA:89,0
DA:97,0
DA:98,0
DA:99,0
DA:100,0
DA:102,0
DA:105,0
DA:109,0
DA:110,0
DA:114,0
DA:120,0
DA:126,0
DA:129,0
DA:137,0
DA:138,0
DA:139,0
DA:142,0
DA:147,0
DA:157,0
DA:160,0
DA:167,0
DA:172,0
DA:173,0
DA:174,0
DA:178,0
DA:190,0
DA:200,0
DA:212,0
LF:44
LH:0
BRDA:37,0,0,0
BRDA:67,1,0,0
BRDA:67,1,1,0
BRDA:68,2,0,0
BRDA:68,2,1,0
BRDA:72,3,0,0
BRDA:72,3,1,0
BRDA:74,4,0,0
BRDA:74,4,1,0
BRDA:75,5,0,0
BRDA:75,5,1,0
BRDA:109,6,0,0
BRDA:167,7,0,0
BRDA:167,7,1,0
BRDA:172,8,0,0
BRDA:172,8,1,0
BRDA:173,9,0,0
BRDA:173,9,1,0
BRDA:180,10,0,0
BRDA:180,10,1,0
BRDA:181,11,0,0
BRDA:181,11,1,0
BRDA:182,12,0,0
BRDA:182,12,1,0
BRDA:183,13,0,0
BRDA:183,13,1,0
BRDA:184,14,0,0
BRDA:184,14,1,0
BRDA:185,15,0,0
BRDA:185,15,1,0
BRDA:191,16,0,0
BRDA:191,16,1,0
BRDA:192,17,0,0
BRDA:192,17,1,0
BRDA:193,18,0,0
BRDA:193,18,1,0
BRDA:194,19,0,0
BRDA:194,19,1,0
BRDA:195,20,0,0
BRDA:195,20,1,0
BRDA:202,21,0,0
BRDA:202,21,1,0
BRDA:204,22,0,0
BRDA:204,22,1,0
BRDA:205,23,0,0
BRDA:205,23,1,0
BRDA:206,24,0,0
BRDA:206,24,1,0
BRDA:207,25,0,0
BRDA:207,25,1,0
BRDA:214,26,0,0
BRDA:214,26,1,0
BRDA:215,27,0,0
BRDA:215,27,1,0
BRDA:216,28,0,0
BRDA:216,28,1,0
BRDA:217,29,0,0
BRDA:217,29,1,0
BRDA:218,30,0,0
BRDA:218,30,1,0
BRDA:219,31,0,0
BRDA:219,31,1,0
BRDA:220,32,0,0
BRDA:220,32,1,0
BRF:64
BRH:0
end_of_record
TN:
SF:src/services/mcp-client.ts
FN:32,(anonymous_0)
FN:41,(anonymous_1)
FN:59,(anonymous_2)
FN:63,(anonymous_3)
FN:67,(anonymous_4)
FN:72,(anonymous_5)
FN:96,(anonymous_6)
FN:97,(anonymous_7)
FN:136,(anonymous_8)
FN:155,(anonymous_9)
FN:157,(anonymous_10)
FN:199,(anonymous_11)
FN:200,(anonymous_12)
FN:201,(anonymous_13)
FN:215,(anonymous_14)
FN:231,(anonymous_15)
FN:237,(anonymous_16)
FN:238,(anonymous_17)
FN:252,(anonymous_18)
FN:269,(anonymous_19)
FN:271,(anonymous_20)
FN:272,(anonymous_21)
FN:273,(anonymous_22)
FN:280,(anonymous_23)
FN:303,(anonymous_24)
FN:311,(anonymous_25)
FN:333,getMCPClient
FN:347,initializeMCPConnection
FNF:28
FNH:8
FNDA:1,(anonymous_0)
FNDA:0,(anonymous_1)
FNDA:0,(anonymous_2)
FNDA:0,(anonymous_3)
FNDA:0,(anonymous_4)
FNDA:0,(anonymous_5)
FNDA:1,(anonymous_6)
FNDA:1,(anonymous_7)
FNDA:0,(anonymous_8)
FNDA:0,(anonymous_9)
FNDA:0,(anonymous_10)
FNDA:0,(anonymous_11)
FNDA:0,(anonymous_12)
FNDA:0,(anonymous_13)
FNDA:0,(anonymous_14)
FNDA:0,(anonymous_15)
FNDA:0,(anonymous_16)
FNDA:0,(anonymous_17)
FNDA:0,(anonymous_18)
FNDA:1,(anonymous_19)
FNDA:0,(anonymous_20)
FNDA:0,(anonymous_21)
FNDA:0,(anonymous_22)
FNDA:1,(anonymous_23)
FNDA:2,(anonymous_24)
FNDA:1,(anonymous_25)
FNDA:1,getMCPClient
FNDA:0,initializeMCPConnection
DA:14,2
DA:15,2
DA:16,2
DA:17,2
DA:20,2
DA:21,1
DA:22,1
DA:27,1
DA:28,1
DA:29,1
DA:30,1
DA:32,1
DA:33,1
DA:34,1
DA:42,0
DA:43,0
DA:44,0
DA:47,0
DA:50,0
DA:56,0
DA:57,0
DA:59,0
DA:60,0
DA:63,0
DA:64,0
DA:67,0
DA:68,0
DA:69,0
DA:72,0
DA:73,0
DA:74,0
DA:78,0
DA:80,0
DA:81,0
DA:82,0
DA:84,0
DA:86,0
DA:87,0
DA:88,0
DA:97,1
DA:98,1
DA:99,1
DA:100,1
DA:103,0
DA:105,0
DA:112,0
DA:119,0
DA:129,0
DA:130,0
DA:131,0
DA:133,0
DA:136,0
DA:137,0
DA:138,0
DA:139,0
DA:140,0
DA:145,0
DA:146,0
DA:156,0
DA:157,0
DA:159,0
DA:160,0
DA:161,0
DA:163,0
DA:164,0
DA:165,0
DA:167,0
DA:168,0
DA:171,0
DA:174,0
DA:181,0
DA:184,0
DA:187,0
DA:191,0
DA:200,0
DA:201,0
DA:202,0
DA:206,0
DA:213,0
DA:215,0
DA:216,0
DA:217,0
DA:218,0
DA:219,0
DA:223,0
DA:232,0
DA:233,0
DA:235,0
DA:236,0
DA:237,0
DA:238,0
DA:239,0
DA:243,0
DA:244,0
DA:253,0
DA:256,0
DA:257,0
DA:259,0
DA:261,0
DA:262,0
DA:271,1
DA:272,1
DA:273,1
DA:281,1
DA:282,0
DA:284,0
DA:285,0
DA:286,0
DA:289,0
DA:290,0
DA:292,0
DA:294,0
DA:295,0
DA:304,2
DA:317,1
DA:327,2
DA:333,2
DA:334,1
DA:335,1
DA:336,1
DA:338,0
DA:340,0
DA:347,2
DA:348,0
DA:349,0
DA:350,0
LF:126
LH:30
BRDA:43,0,0,0
BRDA:96,1,0,0
BRDA:98,2,0,1
BRDA:138,3,0,0
BRDA:163,4,0,0
BRDA:163,4,1,0
BRDA:163,5,0,0
BRDA:163,5,1,0
BRDA:167,6,0,0
BRDA:167,6,1,0
BRDA:168,7,0,0
BRDA:168,7,1,0
BRDA:171,8,0,0
BRDA:171,8,1,0
BRDA:175,9,0,0
BRDA:175,9,1,0
BRDA:176,10,0,0
BRDA:176,10,1,0
BRDA:216,11,0,0
BRDA:216,12,0,0
BRDA:216,12,1,0
BRDA:235,13,0,0
BRDA:235,13,1,0
BRDA:281,14,0,0
BRDA:304,15,0,2
BRDA:304,15,1,0
BRDA:321,16,0,0
BRDA:321,16,1,1
BRDA:334,17,0,1
BRDA:335,18,0,1
BRF:30
BRH:5
end_of_record
TN:
SF:src/services/websocket.ts
FN:34,(anonymous_0)
FN:43,(anonymous_1)
FN:44,(anonymous_2)
FN:57,(anonymous_3)
FN:61,(anonymous_4)
FN:66,(anonymous_5)
FN:85,(anonymous_6)
FN:132,(anonymous_7)
FN:150,(anonymous_8)
FN:192,(anonymous_9)
FN:224,(anonymous_10)
FN:225,(anonymous_11)
FN:243,(anonymous_12)
FN:244,(anonymous_13)
FN:265,(anonymous_14)
FN:287,(anonymous_15)
FN:311,setupWebSocketHandlers
FNF:17
FNH:0
FNDA:0,(anonymous_0)
FNDA:0,(anonymous_1)
FNDA:0,(anonymous_2)
FNDA:0,(anonymous_3)
FNDA:0,(anonymous_4)
FNDA:0,(anonymous_5)
FNDA:0,(anonymous_6)
FNDA:0,(anonymous_7)
FNDA:0,(anonymous_8)
FNDA:0,(anonymous_9)
FNDA:0,(anonymous_10)
FNDA:0,(anonymous_11)
FNDA:0,(anonymous_12)
FNDA:0,(anonymous_13)
FNDA:0,(anonymous_14)
FNDA:0,(anonymous_15)
FNDA:0,setupWebSocketHandlers
DA:30,0
DA:31,0
DA:32,0
DA:34,0
DA:35,0
DA:36,0
DA:44,0
DA:45,0
DA:46,0
DA:53,0
DA:54,0
DA:57,0
DA:58,0
DA:61,0
DA:62,0
DA:63,0
DA:66,0
DA:67,0
DA:68,0
DA:72,0
DA:86,0
DA:87,0
DA:88,0
DA:90,0
DA:91,0
DA:93,0
DA:95,0
DA:96,0
DA:97,0
DA:102,0
DA:105,0
DA:106,0
DA:112,0
DA:115,0
DA:116,0
DA:118,0
DA:121,0
DA:124,0
DA:133,0
DA:134,0
DA:135,0
DA:138,0
DA:139,0
DA:141,0
DA:142,0
DA:151,0
DA:153,0
DA:158,0
DA:159,0
DA:160,0
DA:163,0
DA:175,0
DA:176,0
DA:177,0
DA:181,0
DA:184,0
DA:193,0
DA:196,0
DA:207,0
DA:208,0
DA:209,0
DA:213,0
DA:216,0
DA:225,0
DA:226,0
DA:227,0
DA:229,0
DA:230,0
DA:231,0
DA:232,0
DA:233,0
DA:244,0
DA:246,0
DA:248,0
DA:249,0
DA:250,0
DA:255,0
DA:256,0
DA:266,0
DA:267,0
DA:270,0
DA:271,0
DA:275,0
DA:276,0
DA:278,0
DA:280,0
DA:292,0
DA:293,0
DA:294,0
DA:295,0
DA:299,0
DA:312,0
DA:313,0
DA:315,0
DA:316,0
LF:95
LH:0
BRDA:88,0,0,0
BRDA:93,1,0,0
BRDA:93,1,1,0
BRDA:93,1,2,0
BRDA:93,1,3,0
BRDA:108,2,0,0
BRDA:108,2,1,0
BRDA:115,3,0,0
BRDA:134,4,0,0
BRDA:134,5,0,0
BRDA:134,5,1,0
BRDA:158,6,0,0
BRDA:176,7,0,0
BRDA:176,8,0,0
BRDA:176,8,1,0
BRDA:208,9,0,0
BRDA:230,10,0,0
BRDA:249,11,0,0
BRDA:249,12,0,0
BRDA:249,12,1,0
BRDA:266,13,0,0
BRDA:270,14,0,0
BRDA:294,15,0,0
BRF:23
BRH:0
end_of_record
TN:
SF:src/utils/logger.ts
FN:46,(anonymous_1)
FNF:1
FNH:0
FNDA:0,(anonymous_1)
DA:10,2
DA:11,2
DA:14,2
DA:22,2
DA:29,2
DA:32,2
DA:47,0
DA:48,0
DA:49,0
DA:51,0
DA:74,2
DA:75,2
DA:76,2
DA:81,2
LF:14
LH:10
BRDA:33,0,0,2
BRDA:33,0,1,2
BRDA:48,1,0,0
BRF:3
BRH:2
end_of_record
