TN:
SF:src/server.ts
FN:90,registerTools
FN:193,(anonymous_2)
FN:202,(anonymous_3)
FN:210,(anonymous_4)
FN:217,(anonymous_5)
FN:225,(anonymous_6)
FN:232,(anonymous_7)
FN:239,(anonymous_8)
FN:247,(anonymous_9)
FN:254,(anonymous_10)
FN:261,(anonymous_11)
FN:269,createExpressApp
FN:324,(anonymous_13)
FN:334,(anonymous_14)
FN:352,(anonymous_15)
FN:353,(anonymous_16)
FN:361,(anonymous_17)
FN:362,(anonymous_18)
FN:445,(anonymous_19)
FN:446,(anonymous_20)
FN:466,(anonymous_21)
FN:491,main
FN:512,(anonymous_23)
FN:546,(anonymous_24)
FN:547,(anonymous_25)
FN:553,(anonymous_26)
FN:601,(anonymous_27)
FN:605,(anonymous_28)
FN:627,(anonymous_29)
FN:636,(anonymous_30)
FN:647,(anonymous_31)
FN:660,(anonymous_32)
FNF:32
FNH:0
FNDA:0,registerTools
FNDA:0,(anonymous_2)
FNDA:0,(anonymous_3)
FNDA:0,(anonymous_4)
FNDA:0,(anonymous_5)
FNDA:0,(anonymous_6)
FNDA:0,(anonymous_7)
FNDA:0,(anonymous_8)
FNDA:0,(anonymous_9)
FNDA:0,(anonymous_10)
FNDA:0,(anonymous_11)
FNDA:0,createExpressApp
FNDA:0,(anonymous_13)
FNDA:0,(anonymous_14)
FNDA:0,(anonymous_15)
FNDA:0,(anonymous_16)
FNDA:0,(anonymous_17)
FNDA:0,(anonymous_18)
FNDA:0,(anonymous_19)
FNDA:0,(anonymous_20)
FNDA:0,(anonymous_21)
FNDA:0,main
FNDA:0,(anonymous_23)
FNDA:0,(anonymous_24)
FNDA:0,(anonymous_25)
FNDA:0,(anonymous_26)
FNDA:0,(anonymous_27)
FNDA:0,(anonymous_28)
FNDA:0,(anonymous_29)
FNDA:0,(anonymous_30)
FNDA:0,(anonymous_31)
FNDA:0,(anonymous_32)
DA:7,0
DA:8,0
DA:9,0
DA:10,0
DA:11,0
DA:12,0
DA:20,0
DA:21,0
DA:22,0
DA:23,0
DA:26,0
DA:27,0
DA:28,0
DA:29,0
DA:32,0
DA:38,0
DA:39,0
DA:42,0
DA:43,0
DA:44,0
DA:45,0
DA:46,0
DA:47,0
DA:48,0
DA:49,0
DA:50,0
DA:51,0
DA:52,0
DA:53,0
DA:54,0
DA:55,0
DA:56,0
DA:57,0
DA:58,0
DA:59,0
DA:60,0
DA:61,0
DA:62,0
DA:63,0
DA:64,0
DA:65,0
DA:68,0
DA:69,0
DA:70,0
DA:73,0
DA:74,0
DA:75,0
DA:76,0
DA:77,0
DA:78,0
DA:79,0
DA:82,0
DA:92,0
DA:98,0
DA:104,0
DA:111,0
DA:118,0
DA:126,0
DA:133,0
DA:140,0
DA:148,0
DA:155,0
DA:162,0
DA:170,0
DA:177,0
DA:184,0
DA:192,0
DA:193,0
DA:201,0
DA:202,0
DA:209,0
DA:210,0
DA:216,0
DA:217,0
DA:224,0
DA:225,0
DA:231,0
DA:232,0
DA:238,0
DA:239,0
DA:246,0
DA:247,0
DA:253,0
DA:254,0
DA:260,0
DA:261,0
DA:270,0
DA:273,0
DA:274,0
DA:277,0
DA:278,0
DA:296,0
DA:297,0
DA:302,0
DA:306,0
DA:307,0
DA:311,0
DA:314,0
DA:315,0
DA:319,0
DA:320,0
DA:324,0
DA:325,0
DA:334,0
DA:335,0
DA:336,0
DA:338,0
DA:339,0
DA:342,0
DA:343,0
DA:349,0
DA:351,0
DA:352,0
DA:353,0
DA:354,0
DA:355,0
DA:360,0
DA:361,0
DA:362,0
DA:363,0
DA:364,0
DA:371,0
DA:374,0
DA:375,0
DA:378,0
DA:379,0
DA:383,0
DA:384,0
DA:386,0
DA:390,0
DA:392,0
DA:396,0
DA:404,0
DA:411,0
DA:413,0
DA:414,0
DA:421,0
DA:427,0
DA:436,0
DA:437,0
DA:445,0
DA:446,0
DA:447,0
DA:448,0
DA:456,0
DA:463,0
DA:464,0
DA:466,0
DA:467,0
DA:470,0
DA:480,0
DA:487,0
DA:492,0
DA:495,0
DA:498,0
DA:499,0
DA:501,0
DA:504,0
DA:505,0
DA:509,0
DA:512,0
DA:513,0
DA:514,0
DA:515,0
DA:516,0
DA:517,0
DA:518,0
DA:519,0
DA:520,0
DA:521,0
DA:522,0
DA:523,0
DA:524,0
DA:525,0
DA:526,0
DA:527,0
DA:532,0
DA:533,0
DA:546,0
DA:547,0
DA:553,0
DA:554,0
DA:555,0
DA:557,0
DA:558,0
DA:561,0
DA:563,0
DA:567,0
DA:568,0
DA:570,0
DA:574,0
DA:576,0
DA:579,0
DA:588,0
DA:589,0
DA:591,0
DA:595,0
DA:596,0
DA:597,0
DA:601,0
DA:602,0
DA:605,0
DA:606,0
DA:610,0
DA:611,0
DA:613,0
DA:617,0
DA:618,0
DA:619,0
DA:620,0
DA:624,0
DA:627,0
DA:628,0
DA:632,0
DA:633,0
DA:636,0
DA:637,0
DA:638,0
DA:644,0
DA:647,0
DA:648,0
DA:649,0
DA:659,0
DA:660,0
DA:661,0
DA:662,0
DA:666,0
LF:227
LH:0
BRDA:68,0,0,0
BRDA:68,0,1,0
BRDA:69,1,0,0
BRDA:69,1,1,0
BRDA:70,2,0,0
BRDA:70,2,1,0
BRDA:74,3,0,0
BRDA:74,3,1,0
BRDA:273,4,0,0
BRDA:273,4,1,0
BRDA:274,5,0,0
BRDA:274,5,1,0
BRDA:277,6,0,0
BRDA:296,7,0,0
BRDA:298,8,0,0
BRDA:298,8,1,0
BRDA:306,9,0,0
BRDA:314,10,0,0
BRDA:319,11,0,0
BRDA:338,12,0,0
BRDA:342,13,0,0
BRDA:351,14,0,0
BRDA:351,15,0,0
BRDA:351,15,1,0
BRDA:354,16,0,0
BRDA:354,16,1,0
BRDA:360,17,0,0
BRDA:363,18,0,0
BRDA:363,18,1,0
BRDA:375,19,0,0
BRDA:375,19,1,0
BRDA:378,20,0,0
BRDA:378,20,1,0
BRDA:383,21,0,0
BRDA:383,21,1,0
BRDA:411,22,0,0
BRDA:411,22,1,0
BRDA:413,23,0,0
BRDA:439,24,0,0
BRDA:439,24,1,0
BRDA:463,25,0,0
BRDA:463,25,1,0
BRDA:477,26,0,0
BRDA:477,26,1,0
BRDA:482,27,0,0
BRDA:482,27,1,0
BRDA:499,28,0,0
BRDA:499,28,1,0
BRDA:504,29,0,0
BRDA:515,30,0,0
BRDA:515,30,1,0
BRDA:516,31,0,0
BRDA:516,31,1,0
BRDA:517,32,0,0
BRDA:517,32,1,0
BRDA:518,33,0,0
BRDA:518,33,1,0
BRDA:519,34,0,0
BRDA:519,34,1,0
BRDA:520,35,0,0
BRDA:520,35,1,0
BRDA:521,36,0,0
BRDA:532,37,0,0
BRDA:557,38,0,0
BRDA:563,39,0,0
BRDA:563,39,1,0
BRDA:567,40,0,0
BRDA:567,40,1,0
BRDA:588,41,0,0
BRDA:610,42,0,0
BRDA:610,42,1,0
BRDA:617,43,0,0
BRDA:659,44,0,0
BRF:73
BRH:0
end_of_record
TN:
SF:src/test-e2e-workflow.ts
FN:105,(anonymous_9)
FN:119,(anonymous_10)
FN:137,(anonymous_11)
FN:181,(anonymous_12)
FN:185,(anonymous_13)
FN:220,(anonymous_14)
FN:224,(anonymous_15)
FN:265,(anonymous_16)
FN:269,(anonymous_17)
FN:307,(anonymous_18)
FN:311,(anonymous_19)
FN:349,(anonymous_20)
FN:353,(anonymous_21)
FN:379,(anonymous_22)
FN:383,(anonymous_23)
FN:420,(anonymous_24)
FN:431,(anonymous_25)
FN:435,(anonymous_26)
FN:461,(anonymous_27)
FN:465,(anonymous_28)
FN:500,(anonymous_29)
FN:522,(anonymous_30)
FN:526,(anonymous_31)
FN:553,(anonymous_32)
FN:557,(anonymous_33)
FN:585,(anonymous_34)
FN:595,(anonymous_35)
FN:596,(anonymous_36)
FN:597,(anonymous_37)
FN:598,(anonymous_38)
FN:599,(anonymous_39)
FN:600,(anonymous_40)
FN:601,(anonymous_41)
FN:602,(anonymous_42)
FN:603,(anonymous_43)
FN:604,(anonymous_44)
FN:632,(anonymous_45)
FN:638,(anonymous_46)
FN:639,(anonymous_47)
FN:640,(anonymous_48)
FN:649,(anonymous_49)
FN:674,(anonymous_50)
FN:711,(anonymous_51)
FN:737,main
FN:749,(anonymous_53)
FNF:45
FNH:0
FNDA:0,(anonymous_9)
FNDA:0,(anonymous_10)
FNDA:0,(anonymous_11)
FNDA:0,(anonymous_12)
FNDA:0,(anonymous_13)
FNDA:0,(anonymous_14)
FNDA:0,(anonymous_15)
FNDA:0,(anonymous_16)
FNDA:0,(anonymous_17)
FNDA:0,(anonymous_18)
FNDA:0,(anonymous_19)
FNDA:0,(anonymous_20)
FNDA:0,(anonymous_21)
FNDA:0,(anonymous_22)
FNDA:0,(anonymous_23)
FNDA:0,(anonymous_24)
FNDA:0,(anonymous_25)
FNDA:0,(anonymous_26)
FNDA:0,(anonymous_27)
FNDA:0,(anonymous_28)
FNDA:0,(anonymous_29)
FNDA:0,(anonymous_30)
FNDA:0,(anonymous_31)
FNDA:0,(anonymous_32)
FNDA:0,(anonymous_33)
FNDA:0,(anonymous_34)
FNDA:0,(anonymous_35)
FNDA:0,(anonymous_36)
FNDA:0,(anonymous_37)
FNDA:0,(anonymous_38)
FNDA:0,(anonymous_39)
FNDA:0,(anonymous_40)
FNDA:0,(anonymous_41)
FNDA:0,(anonymous_42)
FNDA:0,(anonymous_43)
FNDA:0,(anonymous_44)
FNDA:0,(anonymous_45)
FNDA:0,(anonymous_46)
FNDA:0,(anonymous_47)
FNDA:0,(anonymous_48)
FNDA:0,(anonymous_49)
FNDA:0,(anonymous_50)
FNDA:0,(anonymous_51)
FNDA:0,main
FNDA:0,(anonymous_53)
DA:14,0
DA:15,0
DA:18,0
DA:21,0
DA:22,0
DA:23,0
DA:24,0
DA:25,0
DA:26,0
DA:27,0
DA:28,0
DA:29,0
DA:30,0
DA:32,0
DA:35,0
DA:106,0
DA:107,0
DA:120,0
DA:122,0
DA:124,0
DA:127,0
DA:129,0
DA:130,0
DA:142,0
DA:143,0
DA:145,0
DA:146,0
DA:147,0
DA:149,0
DA:158,0
DA:159,0
DA:162,0
DA:164,0
DA:173,0
DA:174,0
DA:182,0
DA:187,0
DA:192,0
DA:201,0
DA:202,0
DA:205,0
DA:206,0
DA:208,0
DA:221,0
DA:225,0
DA:226,0
DA:234,0
DA:248,0
DA:249,0
DA:252,0
DA:266,0
DA:270,0
DA:271,0
DA:275,0
DA:282,0
DA:288,0
DA:308,0
DA:312,0
DA:313,0
DA:322,0
DA:330,0
DA:331,0
DA:334,0
DA:336,0
DA:350,0
DA:354,0
DA:355,0
DA:358,0
DA:366,0
DA:380,0
DA:384,0
DA:385,0
DA:400,0
DA:411,0
DA:412,0
DA:415,0
DA:417,0
DA:420,0
DA:432,0
DA:436,0
DA:437,0
DA:440,0
DA:449,0
DA:462,0
DA:466,0
DA:467,0
DA:471,0
DA:498,0
DA:500,0
DA:509,0
DA:523,0
DA:527,0
DA:528,0
DA:531,0
DA:538,0
DA:540,0
DA:554,0
DA:558,0
DA:559,0
DA:562,0
DA:571,0
DA:586,0
DA:587,0
DA:589,0
DA:591,0
DA:594,0
DA:595,0
DA:596,0
DA:597,0
DA:598,0
DA:599,0
DA:600,0
DA:601,0
DA:602,0
DA:603,0
DA:604,0
DA:608,0
DA:609,0
DA:610,0
DA:614,0
DA:615,0
DA:625,0
DA:626,0
DA:633,0
DA:634,0
DA:637,0
DA:638,0
DA:639,0
DA:640,0
DA:641,0
DA:650,0
DA:651,0
DA:652,0
DA:654,0
DA:655,0
DA:656,0
DA:657,0
DA:659,0
DA:660,0
DA:661,0
DA:662,0
DA:663,0
DA:664,0
DA:666,0
DA:667,0
DA:668,0
DA:669,0
DA:670,0
DA:671,0
DA:673,0
DA:674,0
DA:675,0
DA:676,0
DA:677,0
DA:678,0
DA:680,0
DA:681,0
DA:684,0
DA:685,0
DA:687,0
DA:691,0
DA:692,0
DA:694,0
DA:695,0
DA:696,0
DA:698,0
DA:699,0
DA:700,0
DA:701,0
DA:703,0
DA:704,0
DA:712,0
DA:714,0
DA:716,0
DA:717,0
DA:719,0
DA:723,0
DA:724,0
DA:727,0
DA:729,0
DA:738,0
DA:739,0
DA:741,0
DA:743,0
DA:746,0
DA:749,0
DA:750,0
DA:751,0
DA:752,0
DA:753,0
DA:756,0
DA:757,0
DA:760,0
DA:761,0
DA:763,0
DA:768,0
DA:769,0
DA:773,0
LF:198
LH:0
BRDA:105,0,0,0
BRDA:124,1,0,0
BRDA:124,1,1,0
BRDA:201,2,0,0
BRDA:225,3,0,0
BRDA:248,4,0,0
BRDA:253,5,0,0
BRDA:253,5,1,0
BRDA:254,6,0,0
BRDA:254,6,1,0
BRDA:270,7,0,0
BRDA:292,8,0,0
BRDA:292,8,1,0
BRDA:297,9,0,0
BRDA:297,9,1,0
BRDA:312,10,0,0
BRDA:330,11,0,0
BRDA:338,12,0,0
BRDA:338,12,1,0
BRDA:339,13,0,0
BRDA:339,13,1,0
BRDA:340,14,0,0
BRDA:340,14,1,0
BRDA:354,15,0,0
BRDA:367,16,0,0
BRDA:367,16,1,0
BRDA:368,17,0,0
BRDA:368,17,1,0
BRDA:369,18,0,0
BRDA:369,18,1,0
BRDA:370,19,0,0
BRDA:370,19,1,0
BRDA:384,20,0,0
BRDA:411,21,0,0
BRDA:420,22,0,0
BRDA:420,22,1,0
BRDA:420,23,0,0
BRDA:420,23,1,0
BRDA:436,24,0,0
BRDA:450,25,0,0
BRDA:450,25,1,0
BRDA:466,26,0,0
BRDA:502,27,0,0
BRDA:502,27,1,0
BRDA:512,28,0,0
BRDA:512,28,1,0
BRDA:513,29,0,0
BRDA:513,29,1,0
BRDA:527,30,0,0
BRDA:544,31,0,0
BRDA:544,31,1,0
BRDA:558,32,0,0
BRDA:574,33,0,0
BRDA:574,33,1,0
BRDA:575,34,0,0
BRDA:575,34,1,0
BRDA:576,35,0,0
BRDA:576,35,1,0
BRDA:641,36,0,0
BRDA:641,36,1,0
BRDA:667,37,0,0
BRDA:667,37,1,0
BRDA:668,38,0,0
BRDA:668,38,1,0
BRDA:669,39,0,0
BRDA:669,39,1,0
BRDA:670,40,0,0
BRDA:670,40,1,0
BRDA:671,41,0,0
BRDA:671,41,1,0
BRDA:675,42,0,0
BRDA:675,42,1,0
BRDA:675,43,0,0
BRDA:675,43,1,0
BRDA:680,44,0,0
BRDA:680,45,0,0
BRDA:680,45,1,0
BRDA:684,46,0,0
BRDA:684,47,0,0
BRDA:684,47,1,0
BRDA:691,48,0,0
BRDA:691,48,1,0
BRDA:692,49,0,0
BRDA:692,49,1,0
BRDA:698,50,0,0
BRDA:698,50,1,0
BRDA:716,51,0,0
BRDA:716,51,1,0
BRDA:723,52,0,0
BRDA:756,53,0,0
BRDA:756,53,1,0
BRDA:768,54,0,0
BRF:92
BRH:0
end_of_record
TN:
SF:src/test-monitoring.ts
FN:12,mockToolExecution
FN:14,(anonymous_1)
FN:23,testMonitoring
FN:39,(anonymous_3)
FN:94,(anonymous_4)
FN:120,(anonymous_5)
FN:127,(anonymous_6)
FNF:7
FNH:0
FNDA:0,mockToolExecution
FNDA:0,(anonymous_1)
FNDA:0,testMonitoring
FNDA:0,(anonymous_3)
FNDA:0,(anonymous_4)
FNDA:0,(anonymous_5)
FNDA:0,(anonymous_6)
DA:6,0
DA:7,0
DA:8,0
DA:9,0
DA:14,0
DA:16,0
DA:17,0
DA:20,0
DA:24,0
DA:27,0
DA:28,0
DA:29,0
DA:30,0
DA:31,0
DA:34,0
DA:35,0
DA:36,0
DA:38,0
DA:39,0
DA:40,0
DA:41,0
DA:44,0
DA:46,0
DA:47,0
DA:49,0
DA:51,0
DA:52,0
DA:55,0
DA:56,0
DA:58,0
DA:61,0
DA:65,0
DA:68,0
DA:69,0
DA:70,0
DA:71,0
DA:73,0
DA:74,0
DA:75,0
DA:76,0
DA:77,0
DA:78,0
DA:79,0
DA:82,0
DA:83,0
DA:84,0
DA:86,0
DA:87,0
DA:88,0
DA:91,0
DA:92,0
DA:94,0
DA:95,0
DA:96,0
DA:97,0
DA:99,0
DA:102,0
DA:104,0
DA:105,0
DA:106,0
DA:107,0
DA:108,0
DA:109,0
DA:110,0
DA:113,0
DA:114,0
DA:118,0
DA:119,0
DA:121,0
DA:122,0
DA:123,0
DA:124,0
DA:125,0
DA:128,0
DA:129,0
DA:133,0
LF:76
LH:0
BRDA:12,0,0,0
BRDA:16,1,0,0
BRDA:97,2,0,0
BRDA:97,2,1,0
BRDA:118,3,0,0
BRF:5
BRH:0
end_of_record
TN:
SF:src/data/industry-benchmarks.ts
FNF:0
FNH:0
DA:23,0
DA:141,0
DA:203,0
DA:250,0
DA:298,0
DA:402,0
DA:435,0
DA:482,0
DA:493,0
LF:9
LH:0
BRF:0
BRH:0
end_of_record
TN:
SF:src/db/database.ts
FN:77,(anonymous_1)
FN:103,(anonymous_2)
FN:123,(anonymous_3)
FN:610,(anonymous_4)
FN:615,(anonymous_5)
FN:624,(anonymous_6)
FN:626,(anonymous_7)
FN:627,(anonymous_8)
FN:632,(anonymous_9)
FN:651,(anonymous_10)
FN:656,(anonymous_11)
FN:664,(anonymous_12)
FN:682,(anonymous_13)
FN:714,(anonymous_14)
FN:719,(anonymous_15)
FN:726,(anonymous_16)
FN:762,(anonymous_17)
FN:767,(anonymous_18)
FN:774,(anonymous_19)
FN:808,(anonymous_20)
FN:835,(anonymous_21)
FN:840,(anonymous_22)
FN:845,(anonymous_23)
FN:873,(anonymous_24)
FN:910,(anonymous_25)
FN:926,(anonymous_26)
FN:944,(anonymous_27)
FN:949,(anonymous_28)
FN:960,(anonymous_29)
FN:1133,(anonymous_30)
FN:1153,(anonymous_31)
FN:1222,(anonymous_32)
FN:1268,(anonymous_33)
FN:1323,(anonymous_34)
FN:1411,(anonymous_35)
FN:1486,(anonymous_36)
FN:1544,(anonymous_37)
FN:1552,(anonymous_38)
FN:1557,(anonymous_39)
FN:1573,(anonymous_40)
FN:1600,(anonymous_41)
FN:1621,(anonymous_42)
FN:1641,(anonymous_43)
FN:1671,(anonymous_44)
FN:1684,(anonymous_45)
FN:1701,(anonymous_46)
FN:1708,(anonymous_47)
FN:1728,(anonymous_48)
FN:1816,(anonymous_49)
FN:1829,(anonymous_50)
FN:1830,(anonymous_51)
FN:1901,(anonymous_52)
FN:1941,(anonymous_53)
FN:1957,(anonymous_54)
FN:1997,(anonymous_55)
FN:2022,(anonymous_56)
FN:2043,(anonymous_57)
FN:2060,(anonymous_58)
FN:2111,(anonymous_59)
FN:2147,(anonymous_60)
FN:2155,(anonymous_61)
FN:2205,(anonymous_62)
FN:2273,(anonymous_63)
FN:2338,(anonymous_64)
FN:2408,(anonymous_65)
FN:2444,(anonymous_66)
FN:2445,(anonymous_67)
FN:2495,(anonymous_68)
FN:2555,(anonymous_69)
FN:2562,(anonymous_70)
FN:2583,(anonymous_71)
FN:2655,(anonymous_72)
FN:2691,(anonymous_73)
FN:2705,(anonymous_74)
FN:2732,(anonymous_75)
FN:2748,(anonymous_76)
FN:2756,(anonymous_77)
FN:2800,(anonymous_78)
FN:2807,(anonymous_79)
FN:2812,(anonymous_80)
FN:2845,(anonymous_81)
FN:2882,(anonymous_82)
FN:2980,(anonymous_83)
FN:3037,(anonymous_84)
FN:3048,(anonymous_85)
FN:3077,(anonymous_86)
FN:3101,(anonymous_87)
FN:3137,(anonymous_88)
FN:3163,(anonymous_89)
FN:3172,(anonymous_90)
FN:3179,(anonymous_91)
FN:3207,getDatabase
FN:3214,closeDatabase
FNF:93
FNH:0
FNDA:0,(anonymous_1)
FNDA:0,(anonymous_2)
FNDA:0,(anonymous_3)
FNDA:0,(anonymous_4)
FNDA:0,(anonymous_5)
FNDA:0,(anonymous_6)
FNDA:0,(anonymous_7)
FNDA:0,(anonymous_8)
FNDA:0,(anonymous_9)
FNDA:0,(anonymous_10)
FNDA:0,(anonymous_11)
FNDA:0,(anonymous_12)
FNDA:0,(anonymous_13)
FNDA:0,(anonymous_14)
FNDA:0,(anonymous_15)
FNDA:0,(anonymous_16)
FNDA:0,(anonymous_17)
FNDA:0,(anonymous_18)
FNDA:0,(anonymous_19)
FNDA:0,(anonymous_20)
FNDA:0,(anonymous_21)
FNDA:0,(anonymous_22)
FNDA:0,(anonymous_23)
FNDA:0,(anonymous_24)
FNDA:0,(anonymous_25)
FNDA:0,(anonymous_26)
FNDA:0,(anonymous_27)
FNDA:0,(anonymous_28)
FNDA:0,(anonymous_29)
FNDA:0,(anonymous_30)
FNDA:0,(anonymous_31)
FNDA:0,(anonymous_32)
FNDA:0,(anonymous_33)
FNDA:0,(anonymous_34)
FNDA:0,(anonymous_35)
FNDA:0,(anonymous_36)
FNDA:0,(anonymous_37)
FNDA:0,(anonymous_38)
FNDA:0,(anonymous_39)
FNDA:0,(anonymous_40)
FNDA:0,(anonymous_41)
FNDA:0,(anonymous_42)
FNDA:0,(anonymous_43)
FNDA:0,(anonymous_44)
FNDA:0,(anonymous_45)
FNDA:0,(anonymous_46)
FNDA:0,(anonymous_47)
FNDA:0,(anonymous_48)
FNDA:0,(anonymous_49)
FNDA:0,(anonymous_50)
FNDA:0,(anonymous_51)
FNDA:0,(anonymous_52)
FNDA:0,(anonymous_53)
FNDA:0,(anonymous_54)
FNDA:0,(anonymous_55)
FNDA:0,(anonymous_56)
FNDA:0,(anonymous_57)
FNDA:0,(anonymous_58)
FNDA:0,(anonymous_59)
FNDA:0,(anonymous_60)
FNDA:0,(anonymous_61)
FNDA:0,(anonymous_62)
FNDA:0,(anonymous_63)
FNDA:0,(anonymous_64)
FNDA:0,(anonymous_65)
FNDA:0,(anonymous_66)
FNDA:0,(anonymous_67)
FNDA:0,(anonymous_68)
FNDA:0,(anonymous_69)
FNDA:0,(anonymous_70)
FNDA:0,(anonymous_71)
FNDA:0,(anonymous_72)
FNDA:0,(anonymous_73)
FNDA:0,(anonymous_74)
FNDA:0,(anonymous_75)
FNDA:0,(anonymous_76)
FNDA:0,(anonymous_77)
FNDA:0,(anonymous_78)
FNDA:0,(anonymous_79)
FNDA:0,(anonymous_80)
FNDA:0,(anonymous_81)
FNDA:0,(anonymous_82)
FNDA:0,(anonymous_83)
FNDA:0,(anonymous_84)
FNDA:0,(anonymous_85)
FNDA:0,(anonymous_86)
FNDA:0,(anonymous_87)
FNDA:0,(anonymous_88)
FNDA:0,(anonymous_89)
FNDA:0,(anonymous_90)
FNDA:0,(anonymous_91)
FNDA:0,getDatabase
FNDA:0,closeDatabase
DA:5,2
DA:6,2
DA:71,2
DA:73,2
DA:79,0
DA:81,0
DA:82,0
DA:88,0
DA:91,0
DA:93,0
DA:95,0
DA:96,0
DA:104,0
DA:106,0
DA:110,0
DA:111,0
DA:112,0
DA:115,0
DA:116,0
DA:124,0
DA:602,0
DA:603,0
DA:611,0
DA:612,0
DA:616,0
DA:621,0
DA:625,0
DA:626,0
DA:627,0
DA:629,0
DA:631,0
DA:632,0
DA:633,0
DA:634,0
DA:636,0
DA:638,0
DA:644,0
DA:652,0
DA:653,0
DA:656,0
DA:665,0
DA:668,0
DA:670,0
DA:671,0
DA:674,0
DA:683,0
DA:685,0
DA:699,0
DA:715,0
DA:716,0
DA:720,0
DA:723,0
DA:727,0
DA:743,0
DA:745,0
DA:763,0
DA:764,0
DA:768,0
DA:771,0
DA:775,0
DA:777,0
DA:792,0
DA:817,0
DA:824,0
DA:836,0
DA:837,0
DA:841,0
DA:842,0
DA:847,0
DA:853,0
DA:856,0
DA:866,0
DA:883,0
DA:898,0
DA:911,0
DA:926,0
DA:927,0
DA:928,0
DA:941,0
DA:945,0
DA:946,0
DA:950,0
DA:953,0
DA:962,0
DA:1059,0
DA:1067,0
DA:1130,0
DA:1134,0
DA:1150,0
DA:1155,0
DA:1219,0
DA:1223,0
DA:1261,0
DA:1270,0
DA:1320,0
DA:1325,0
DA:1377,0
DA:1380,0
DA:1403,0
DA:1405,0
DA:1413,0
DA:1477,0
DA:1488,0
DA:1537,0
DA:1545,0
DA:1546,0
DA:1547,0
DA:1553,0
DA:1558,0
DA:1566,0
DA:1574,0
DA:1577,0
DA:1584,0
DA:1597,0
DA:1601,0
DA:1608,0
DA:1622,0
DA:1629,0
DA:1642,0
DA:1646,0
DA:1648,0
DA:1654,0
DA:1655,0
DA:1667,0
DA:1668,0
DA:1672,0
DA:1685,0
DA:1692,0
DA:1702,0
DA:1709,0
DA:1716,0
DA:1729,0
DA:1813,0
DA:1817,0
DA:1830,0
DA:1832,0
DA:1848,0
DA:1849,0
DA:1851,0
DA:1852,0
DA:1853,0
DA:1856,0
DA:1857,0
DA:1858,0
DA:1860,0
DA:1861,0
DA:1866,0
DA:1867,0
DA:1869,0
DA:1870,0
DA:1871,0
DA:1875,0
DA:1876,0
DA:1877,0
DA:1879,0
DA:1880,0
DA:1881,0
DA:1882,0
DA:1883,0
DA:1889,0
DA:1902,0
DA:1922,0
DA:1942,0
DA:1958,0
DA:1995,0
DA:1998,0
DA:2019,0
DA:2023,0
DA:2030,0
DA:2044,0
DA:2061,0
DA:2101,0
DA:2112,0
DA:2129,0
DA:2148,0
DA:2156,0
DA:2199,0
DA:2206,0
DA:2270,0
DA:2274,0
DA:2335,0
DA:2339,0
DA:2405,0
DA:2409,0
DA:2441,0
DA:2445,0
DA:2446,0
DA:2492,0
DA:2496,0
DA:2548,0
DA:2556,0
DA:2577,0
DA:2583,0
DA:2584,0
DA:2585,0
DA:2587,0
DA:2591,0
DA:2592,0
DA:2596,0
DA:2600,0
DA:2606,0
DA:2607,0
DA:2608,0
DA:2611,0
DA:2613,0
DA:2614,0
DA:2618,0
DA:2633,0
DA:2634,0
DA:2636,0
DA:2652,0
DA:2655,0
DA:2656,0
DA:2670,0
DA:2673,0
DA:2681,0
DA:2682,0
DA:2684,0
DA:2685,0
DA:2688,0
DA:2705,0
DA:2707,0
DA:2729,0
DA:2738,0
DA:2749,0
DA:2757,0
DA:2767,0
DA:2777,0
DA:2792,0
DA:2804,0
DA:2805,0
DA:2807,0
DA:2810,0
DA:2812,0
DA:2814,0
DA:2815,0
DA:2816,0
DA:2817,0
DA:2820,0
DA:2821,0
DA:2822,0
DA:2823,0
DA:2827,0
DA:2828,0
DA:2829,0
DA:2830,0
DA:2835,0
DA:2882,0
DA:2884,0
DA:2891,0
DA:2898,0
DA:2905,0
DA:2906,0
DA:2919,0
DA:2920,0
DA:2921,0
DA:2934,0
DA:2935,0
DA:2936,0
DA:2950,0
DA:2951,0
DA:2959,0
DA:2973,0
DA:2974,0
DA:2987,0
DA:2998,0
DA:3000,0
DA:3001,0
DA:3002,0
DA:3005,0
DA:3006,0
DA:3007,0
DA:3010,0
DA:3011,0
DA:3012,0
DA:3015,0
DA:3017,0
DA:3020,0
DA:3021,0
DA:3022,0
DA:3023,0
DA:3025,0
DA:3026,0
DA:3031,0
DA:3038,0
DA:3052,0
DA:3057,0
DA:3059,0
DA:3060,0
DA:3061,0
DA:3064,0
DA:3065,0
DA:3066,0
DA:3069,0
DA:3071,0
DA:3078,0
DA:3082,0
DA:3085,0
DA:3086,0
DA:3113,0
DA:3120,0
DA:3138,0
DA:3151,0
DA:3153,0
DA:3154,0
DA:3155,0
DA:3158,0
DA:3160,0
DA:3163,0
DA:3173,0
DA:3180,0
DA:3181,0
DA:3186,0
DA:3193,0
DA:3195,0
DA:3205,2
DA:3207,2
DA:3208,0
DA:3209,0
DA:3211,0
DA:3214,2
DA:3215,0
DA:3216,0
DA:3217,0
LF:324
LH:7
BRDA:79,0,0,0
BRDA:79,0,1,0
BRDA:110,1,0,0
BRDA:626,2,0,0
BRDA:626,2,1,0
BRDA:629,3,0,0
BRDA:634,4,0,0
BRDA:634,4,1,0
BRDA:659,5,0,0
BRDA:659,5,1,0
BRDA:670,6,0,0
BRDA:677,7,0,0
BRDA:677,7,1,0
BRDA:683,8,0,0
BRDA:683,8,1,0
BRDA:829,9,0,0
BRDA:829,9,1,0
BRDA:830,10,0,0
BRDA:830,10,1,0
BRDA:831,11,0,0
BRDA:831,11,1,0
BRDA:903,12,0,0
BRDA:903,12,1,0
BRDA:904,13,0,0
BRDA:904,13,1,0
BRDA:905,14,0,0
BRDA:905,14,1,0
BRDA:906,15,0,0
BRDA:906,15,1,0
BRDA:933,16,0,0
BRDA:933,16,1,0
BRDA:934,17,0,0
BRDA:934,17,1,0
BRDA:935,18,0,0
BRDA:935,18,1,0
BRDA:936,19,0,0
BRDA:936,19,1,0
BRDA:1406,20,0,0
BRDA:1406,20,1,0
BRDA:1545,21,0,0
BRDA:1594,22,0,0
BRDA:1594,22,1,0
BRDA:1617,23,0,0
BRDA:1617,23,1,0
BRDA:1636,24,0,0
BRDA:1636,24,1,0
BRDA:1637,25,0,0
BRDA:1637,25,1,0
BRDA:1646,26,0,0
BRDA:1697,27,0,0
BRDA:1697,27,1,0
BRDA:1857,28,0,0
BRDA:1860,29,0,0
BRDA:1861,30,0,0
BRDA:1861,30,1,0
BRDA:1870,31,0,0
BRDA:1879,32,0,0
BRDA:1879,32,1,0
BRDA:1880,33,0,0
BRDA:1882,34,0,0
BRDA:1934,35,0,0
BRDA:1934,35,1,0
BRDA:2036,36,0,0
BRDA:2036,36,1,0
BRDA:2037,37,0,0
BRDA:2037,37,1,0
BRDA:2060,38,0,0
BRDA:2130,39,0,0
BRDA:2130,39,1,0
BRDA:2571,40,0,0
BRDA:2591,41,0,0
BRDA:2606,42,0,0
BRDA:2606,43,0,0
BRDA:2606,43,1,0
BRDA:2611,44,0,0
BRDA:2611,44,1,0
BRDA:2611,45,0,0
BRDA:2611,45,1,0
BRDA:2613,46,0,0
BRDA:2613,46,1,0
BRDA:2630,47,0,0
BRDA:2630,47,1,0
BRDA:2634,48,0,0
BRDA:2634,48,1,0
BRDA:2634,49,0,0
BRDA:2634,49,1,0
BRDA:2648,50,0,0
BRDA:2648,50,1,0
BRDA:2668,51,0,0
BRDA:2668,51,1,0
BRDA:2675,52,0,0
BRDA:2675,52,1,0
BRDA:2685,53,0,0
BRDA:2685,53,1,0
BRDA:2722,54,0,0
BRDA:2722,54,1,0
BRDA:2725,55,0,0
BRDA:2725,55,1,0
BRDA:2726,56,0,0
BRDA:2726,56,1,0
BRDA:2814,57,0,0
BRDA:2814,57,1,0
BRDA:2816,58,0,0
BRDA:2820,59,0,0
BRDA:2820,59,1,0
BRDA:2822,60,0,0
BRDA:2827,61,0,0
BRDA:2827,62,0,0
BRDA:2827,62,1,0
BRDA:2829,63,0,0
BRDA:2829,64,0,0
BRDA:2829,64,1,0
BRDA:2829,64,2,0
BRDA:2911,65,0,0
BRDA:2911,65,1,0
BRDA:2912,66,0,0
BRDA:2912,66,1,0
BRDA:2913,67,0,0
BRDA:2913,67,1,0
BRDA:2914,68,0,0
BRDA:2914,68,1,0
BRDA:2915,69,0,0
BRDA:2915,69,1,0
BRDA:2919,70,0,0
BRDA:2926,71,0,0
BRDA:2926,71,1,0
BRDA:2927,72,0,0
BRDA:2927,72,1,0
BRDA:2928,73,0,0
BRDA:2928,73,1,0
BRDA:2934,74,0,0
BRDA:2940,75,0,0
BRDA:2940,75,1,0
BRDA:2941,76,0,0
BRDA:2941,76,1,0
BRDA:2942,77,0,0
BRDA:2942,77,1,0
BRDA:2943,78,0,0
BRDA:2943,78,1,0
BRDA:2950,79,0,0
BRDA:2962,80,0,0
BRDA:2962,80,1,0
BRDA:2963,81,0,0
BRDA:2963,81,1,0
BRDA:2964,82,0,0
BRDA:2964,82,1,0
BRDA:2965,83,0,0
BRDA:2965,83,1,0
BRDA:2966,84,0,0
BRDA:2966,84,1,0
BRDA:2967,85,0,0
BRDA:2967,85,1,0
BRDA:2968,86,0,0
BRDA:2968,86,1,0
BRDA:3000,87,0,0
BRDA:3005,88,0,0
BRDA:3010,89,0,0
BRDA:3020,90,0,0
BRDA:3020,91,0,0
BRDA:3020,91,1,0
BRDA:3022,92,0,0
BRDA:3025,93,0,0
BRDA:3059,94,0,0
BRDA:3064,95,0,0
BRDA:3082,96,0,0
BRDA:3088,97,0,0
BRDA:3088,97,1,0
BRDA:3089,98,0,0
BRDA:3089,98,1,0
BRDA:3090,99,0,0
BRDA:3090,99,1,0
BRDA:3091,100,0,0
BRDA:3091,100,1,0
BRDA:3092,101,0,0
BRDA:3092,101,1,0
BRDA:3093,102,0,0
BRDA:3093,102,1,0
BRDA:3094,103,0,0
BRDA:3094,103,1,0
BRDA:3125,104,0,0
BRDA:3125,104,1,0
BRDA:3126,105,0,0
BRDA:3126,105,1,0
BRDA:3127,106,0,0
BRDA:3127,106,1,0
BRDA:3128,107,0,0
BRDA:3128,107,1,0
BRDA:3129,108,0,0
BRDA:3129,108,1,0
BRDA:3130,109,0,0
BRDA:3130,109,1,0
BRDA:3153,110,0,0
BRDA:3165,111,0,0
BRDA:3165,111,1,0
BRDA:3208,112,0,0
BRDA:3215,113,0,0
BRF:196
BRH:0
end_of_record
TN:
SF:src/db/monitored-database.ts
FN:11,(anonymous_0)
FN:19,(anonymous_1)
FN:81,(anonymous_2)
FN:119,(anonymous_3)
FN:175,(anonymous_4)
FN:223,(anonymous_5)
FN:289,getMonitoredDatabase
FN:301,closeMonitoredDatabase
FNF:8
FNH:0
FNDA:0,(anonymous_0)
FNDA:0,(anonymous_1)
FNDA:0,(anonymous_2)
FNDA:0,(anonymous_3)
FNDA:0,(anonymous_4)
FNDA:0,(anonymous_5)
FNDA:0,getMonitoredDatabase
FNDA:0,closeMonitoredDatabase
DA:5,0
DA:6,0
DA:7,0
DA:8,0
DA:10,0
DA:12,0
DA:13,0
DA:21,0
DA:22,0
DA:28,0
DA:29,0
DA:35,0
DA:36,0
DA:42,0
DA:43,0
DA:49,0
DA:50,0
DA:56,0
DA:57,0
DA:63,0
DA:64,0
DA:70,0
DA:71,0
DA:82,0
DA:84,0
DA:85,0
DA:86,0
DA:88,0
DA:93,0
DA:99,0
DA:100,0
DA:101,0
DA:102,0
DA:104,0
DA:106,0
DA:108,0
DA:112,0
DA:120,0
DA:121,0
DA:123,0
DA:129,0
DA:130,0
DA:131,0
DA:133,0
DA:139,0
DA:144,0
DA:150,0
DA:152,0
DA:157,0
DA:162,0
DA:168,0
DA:176,0
DA:177,0
DA:179,0
DA:185,0
DA:186,0
DA:187,0
DA:189,0
DA:196,0
DA:201,0
DA:203,0
DA:205,0
DA:211,0
DA:216,0
DA:224,0
DA:225,0
DA:227,0
DA:233,0
DA:234,0
DA:235,0
DA:237,0
DA:246,0
DA:251,0
DA:257,0
DA:259,0
DA:261,0
DA:268,0
DA:273,0
DA:279,0
DA:287,0
DA:289,0
DA:290,0
DA:291,0
DA:293,0
DA:298,0
DA:301,0
DA:302,0
DA:303,0
DA:304,0
DA:306,0
LF:90
LH:0
BRDA:99,0,0,0
BRDA:99,0,1,0
BRDA:100,1,0,0
BRDA:100,1,1,0
BRDA:101,2,0,0
BRDA:101,2,1,0
BRDA:102,3,0,0
BRDA:102,3,1,0
BRDA:192,4,0,0
BRDA:192,4,1,0
BRDA:242,5,0,0
BRDA:242,5,1,0
BRDA:290,6,0,0
BRDA:294,7,0,0
BRDA:294,7,1,0
BRDA:302,8,0,0
BRF:16
BRH:0
end_of_record
TN:
SF:src/middleware/monitoring.ts
FN:21,correlationIdMiddleware
FN:30,(anonymous_1)
FN:38,requestLoggingMiddleware
FN:57,(anonymous_3)
FN:62,(anonymous_4)
FN:73,responseLoggingMiddleware
FN:75,(anonymous_6)
FN:119,toolMonitoring
FN:120,(anonymous_8)
FN:217,monitorDatabaseQuery
FN:218,(anonymous_10)
FN:287,errorMonitoringMiddleware
FN:313,healthCheckHandler
FN:333,metricsHandler
FN:347,createMonitoringRouter
FN:351,(anonymous_15)
FN:373,(anonymous_16)
FN:385,(anonymous_17)
FN:405,(anonymous_18)
FN:423,(anonymous_19)
FN:446,(anonymous_20)
FN:460,(anonymous_21)
FN:477,(anonymous_22)
FNF:23
FNH:0
FNDA:0,correlationIdMiddleware
FNDA:0,(anonymous_1)
FNDA:0,requestLoggingMiddleware
FNDA:0,(anonymous_3)
FNDA:0,(anonymous_4)
FNDA:0,responseLoggingMiddleware
FNDA:0,(anonymous_6)
FNDA:0,toolMonitoring
FNDA:0,(anonymous_8)
FNDA:0,monitorDatabaseQuery
FNDA:0,(anonymous_10)
FNDA:0,errorMonitoringMiddleware
FNDA:0,healthCheckHandler
FNDA:0,metricsHandler
FNDA:0,createMonitoringRouter
FNDA:0,(anonymous_15)
FNDA:0,(anonymous_16)
FNDA:0,(anonymous_17)
FNDA:0,(anonymous_18)
FNDA:0,(anonymous_19)
FNDA:0,(anonymous_20)
FNDA:0,(anonymous_21)
FNDA:0,(anonymous_22)
DA:6,0
DA:7,0
DA:8,0
DA:21,0
DA:22,0
DA:26,0
DA:27,0
DA:30,0
DA:31,0
DA:38,0
DA:39,0
DA:42,0
DA:54,0
DA:55,0
DA:57,0
DA:58,0
DA:59,0
DA:62,0
DA:63,0
DA:64,0
DA:67,0
DA:73,0
DA:75,0
DA:76,0
DA:77,0
DA:80,0
DA:81,0
DA:92,0
DA:98,0
DA:104,0
DA:105,0
DA:113,0
DA:119,0
DA:120,0
DA:121,0
DA:122,0
DA:125,0
DA:126,0
DA:128,0
DA:136,0
DA:137,0
DA:138,0
DA:140,0
DA:150,0
DA:160,0
DA:165,0
DA:170,0
DA:172,0
DA:173,0
DA:175,0
DA:184,0
DA:194,0
DA:199,0
DA:204,0
DA:209,0
DA:217,0
DA:218,0
DA:219,0
DA:220,0
DA:222,0
DA:229,0
DA:230,0
DA:231,0
DA:233,0
DA:241,0
DA:246,0
DA:252,0
DA:254,0
DA:256,0
DA:263,0
DA:268,0
DA:274,0
DA:279,0
DA:287,0
DA:288,0
DA:290,0
DA:297,0
DA:303,0
DA:313,0
DA:314,0
DA:323,0
DA:327,0
DA:333,0
DA:334,0
DA:336,0
DA:340,0
DA:341,0
DA:347,0
DA:348,0
DA:351,0
DA:352,0
DA:362,0
DA:366,0
DA:370,0
DA:373,0
DA:374,0
DA:378,0
DA:385,0
DA:386,0
DA:388,0
DA:393,0
DA:405,0
DA:406,0
DA:408,0
DA:413,0
DA:423,0
DA:424,0
DA:425,0
DA:427,0
DA:432,0
DA:434,0
DA:446,0
DA:447,0
DA:451,0
DA:453,0
DA:454,0
DA:455,0
DA:459,0
DA:460,0
DA:461,0
DA:465,0
DA:467,0
DA:476,0
DA:477,0
DA:479,0
DA:486,0
DA:490,0
LF:127
LH:0
BRDA:22,0,0,0
BRDA:22,0,1,0
BRDA:22,0,2,0
BRDA:76,1,0,0
BRDA:80,2,0,0
BRDA:80,2,1,0
BRDA:88,3,0,0
BRDA:88,3,1,0
BRDA:104,4,0,0
BRDA:125,5,0,0
BRDA:125,5,1,0
BRDA:206,6,0,0
BRDA:206,6,1,0
BRDA:238,7,0,0
BRDA:238,7,1,0
BRDA:276,8,0,0
BRDA:276,8,1,0
BRDA:288,9,0,0
BRDA:288,9,1,0
BRDA:299,10,0,0
BRDA:299,10,1,0
BRDA:303,11,0,0
BRDA:303,11,1,0
BRDA:304,12,0,0
BRDA:304,12,1,0
BRDA:386,13,0,0
BRDA:386,13,1,0
BRDA:406,14,0,0
BRDA:406,14,1,0
BRDA:424,15,0,0
BRDA:424,15,1,0
BRDA:459,16,0,0
BRDA:476,17,0,0
BRF:33
BRH:0
end_of_record
TN:
SF:src/security/auth.ts
FN:46,(anonymous_1)
FN:82,(anonymous_2)
FN:100,(anonymous_3)
FN:115,(anonymous_4)
FN:121,(anonymous_5)
FN:134,(anonymous_6)
FN:154,(anonymous_7)
FN:155,(anonymous_8)
FN:165,(anonymous_9)
FN:181,(anonymous_10)
FN:182,(anonymous_11)
FN:243,(anonymous_12)
FN:244,(anonymous_13)
FN:283,(anonymous_14)
FN:290,(anonymous_15)
FN:297,(anonymous_16)
FNF:16
FNH:0
FNDA:0,(anonymous_1)
FNDA:0,(anonymous_2)
FNDA:0,(anonymous_3)
FNDA:0,(anonymous_4)
FNDA:0,(anonymous_5)
FNDA:0,(anonymous_6)
FNDA:0,(anonymous_7)
FNDA:0,(anonymous_8)
FNDA:0,(anonymous_9)
FNDA:0,(anonymous_10)
FNDA:0,(anonymous_11)
FNDA:0,(anonymous_12)
FNDA:0,(anonymous_13)
FNDA:0,(anonymous_14)
FNDA:0,(anonymous_15)
FNDA:0,(anonymous_16)
DA:9,0
DA:10,0
DA:42,0
DA:48,0
DA:50,0
DA:62,0
DA:63,0
DA:64,0
DA:67,0
DA:76,0
DA:84,0
DA:85,0
DA:89,0
DA:90,0
DA:94,0
DA:101,0
DA:102,0
DA:104,0
DA:105,0
DA:106,0
DA:109,0
DA:116,0
DA:117,0
DA:118,0
DA:121,0
DA:122,0
DA:123,0
DA:125,0
DA:126,0
DA:135,0
DA:136,0
DA:137,0
DA:140,0
DA:141,0
DA:148,0
DA:155,0
DA:156,0
DA:166,0
DA:167,0
DA:168,0
DA:170,0
DA:171,0
DA:182,0
DA:184,0
DA:185,0
DA:186,0
DA:187,0
DA:191,0
DA:192,0
DA:193,0
DA:200,0
DA:202,0
DA:203,0
DA:204,0
DA:205,0
DA:210,0
DA:211,0
DA:212,0
DA:216,0
DA:217,0
DA:218,0
DA:219,0
DA:220,0
DA:224,0
DA:227,0
DA:228,0
DA:229,0
DA:230,0
DA:234,0
DA:235,0
DA:244,0
DA:245,0
DA:248,0
DA:249,0
DA:250,0
DA:253,0
DA:254,0
DA:258,0
DA:259,0
DA:260,0
DA:264,0
DA:266,0
DA:267,0
DA:275,0
DA:276,0
DA:284,0
DA:291,0
DA:298,0
DA:303,0
LF:89
LH:0
BRDA:53,0,0,0
BRDA:53,0,1,0
BRDA:55,1,0,0
BRDA:55,1,1,0
BRDA:56,2,0,0
BRDA:56,2,1,0
BRDA:57,3,0,0
BRDA:57,3,1,0
BRDA:58,4,0,0
BRDA:58,4,1,0
BRDA:62,5,0,0
BRDA:63,6,0,0
BRDA:84,7,0,0
BRDA:84,8,0,0
BRDA:84,8,1,0
BRDA:89,9,0,0
BRDA:89,10,0,0
BRDA:89,10,1,0
BRDA:102,11,0,0
BRDA:105,12,0,0
BRDA:105,13,0,0
BRDA:105,13,1,0
BRDA:109,14,0,0
BRDA:109,14,1,0
BRDA:116,15,0,0
BRDA:122,16,0,0
BRDA:122,16,1,0
BRDA:135,17,0,0
BRDA:140,18,0,0
BRDA:166,19,0,0
BRDA:166,19,1,0
BRDA:184,20,0,0
BRDA:192,21,0,0
BRDA:196,22,0,0
BRDA:196,22,1,0
BRDA:202,23,0,0
BRDA:204,24,0,0
BRDA:216,25,0,0
BRDA:227,26,0,0
BRDA:227,26,1,0
BRDA:229,27,0,0
BRDA:248,28,0,0
BRDA:248,29,0,0
BRDA:248,29,1,0
BRDA:253,30,0,0
BRDA:258,31,0,0
BRDA:258,32,0,0
BRDA:258,32,1,0
BRDA:264,33,0,0
BRDA:264,33,1,0
BRDA:266,34,0,0
BRF:51
BRH:0
end_of_record
TN:
SF:src/security/logger.ts
FN:37,(anonymous_10)
FN:101,(anonymous_11)
FN:132,(anonymous_12)
FN:141,(anonymous_13)
FN:157,(anonymous_14)
FN:187,(anonymous_15)
FN:216,(anonymous_16)
FN:238,(anonymous_17)
FN:258,(anonymous_18)
FN:283,(anonymous_19)
FN:297,(anonymous_20)
FN:298,(anonymous_21)
FN:330,(anonymous_22)
FN:356,(anonymous_23)
FN:365,(anonymous_24)
FNF:15
FNH:0
FNDA:0,(anonymous_10)
FNDA:0,(anonymous_11)
FNDA:0,(anonymous_12)
FNDA:0,(anonymous_13)
FNDA:0,(anonymous_14)
FNDA:0,(anonymous_15)
FNDA:0,(anonymous_16)
FNDA:0,(anonymous_17)
FNDA:0,(anonymous_18)
FNDA:0,(anonymous_19)
FNDA:0,(anonymous_20)
FNDA:0,(anonymous_21)
FNDA:0,(anonymous_22)
FNDA:0,(anonymous_23)
FNDA:0,(anonymous_24)
DA:6,0
DA:7,0
DA:32,0
DA:39,0
DA:57,0
DA:66,0
DA:102,0
DA:104,0
DA:105,0
DA:108,0
DA:109,0
DA:110,0
DA:111,0
DA:112,0
DA:116,0
DA:117,0
DA:118,0
DA:120,0
DA:122,0
DA:126,0
DA:133,0
DA:134,0
DA:135,0
DA:142,0
DA:143,0
DA:145,0
DA:146,0
DA:147,0
DA:151,0
DA:159,0
DA:162,0
DA:163,0
DA:167,0
DA:169,0
DA:171,0
DA:172,0
DA:174,0
DA:175,0
DA:177,0
DA:178,0
DA:180,0
DA:195,0
DA:197,0
DA:210,0
DA:222,0
DA:232,0
DA:243,0
DA:252,0
DA:264,0
DA:266,0
DA:277,0
DA:285,0
DA:298,0
DA:299,0
DA:300,0
DA:303,0
DA:306,0
DA:320,0
DA:321,0
DA:322,0
DA:323,0
DA:326,0
DA:329,0
DA:330,0
DA:331,0
DA:334,0
DA:344,0
DA:346,0
DA:349,0
DA:359,0
DA:373,0
DA:384,0
LF:72
LH:0
BRDA:67,0,0,0
BRDA:67,0,1,0
BRDA:104,1,0,0
BRDA:104,1,1,0
BRDA:110,2,0,0
BRDA:116,3,0,0
BRDA:116,3,1,0
BRDA:118,4,0,0
BRDA:118,4,1,0
BRDA:118,5,0,0
BRDA:118,5,1,0
BRDA:146,6,0,0
BRDA:159,7,0,0
BRDA:159,7,1,0
BRDA:162,8,0,0
BRDA:162,9,0,0
BRDA:162,9,1,0
BRDA:167,10,0,0
BRDA:167,10,1,0
BRDA:167,10,2,0
BRDA:167,10,3,0
BRDA:200,11,0,0
BRDA:200,11,1,0
BRDA:207,12,0,0
BRDA:207,12,1,0
BRDA:225,13,0,0
BRDA:225,13,1,0
BRDA:264,14,0,0
BRDA:264,14,1,0
BRDA:269,15,0,0
BRDA:269,15,1,0
BRDA:273,16,0,0
BRDA:273,16,1,0
BRDA:274,17,0,0
BRDA:274,17,1,0
BRDA:316,18,0,0
BRDA:316,18,1,0
BRDA:320,19,0,0
BRDA:320,19,1,0
BRDA:321,20,0,0
BRDA:337,21,0,0
BRDA:337,21,1,0
BRDA:356,22,0,0
BRF:43
BRH:0
end_of_record
TN:
SF:src/security/rate-limiter.ts
FN:23,(anonymous_0)
FN:31,(anonymous_1)
FN:37,(anonymous_2)
FN:57,(anonymous_3)
FN:64,(anonymous_4)
FN:71,(anonymous_5)
FN:78,(anonymous_6)
FN:107,(anonymous_7)
FN:122,(anonymous_8)
FN:136,(anonymous_9)
FN:140,(anonymous_10)
FN:146,(anonymous_11)
FN:152,(anonymous_12)
FN:153,(anonymous_13)
FN:205,(anonymous_14)
FN:219,(anonymous_15)
FN:227,(anonymous_16)
FN:237,(anonymous_17)
FN:255,(anonymous_18)
FN:262,(anonymous_19)
FNF:20
FNH:0
FNDA:0,(anonymous_0)
FNDA:0,(anonymous_1)
FNDA:0,(anonymous_2)
FNDA:0,(anonymous_3)
FNDA:0,(anonymous_4)
FNDA:0,(anonymous_5)
FNDA:0,(anonymous_6)
FNDA:0,(anonymous_7)
FNDA:0,(anonymous_8)
FNDA:0,(anonymous_9)
FNDA:0,(anonymous_10)
FNDA:0,(anonymous_11)
FNDA:0,(anonymous_12)
FNDA:0,(anonymous_13)
FNDA:0,(anonymous_14)
FNDA:0,(anonymous_15)
FNDA:0,(anonymous_16)
FNDA:0,(anonymous_17)
FNDA:0,(anonymous_18)
FNDA:0,(anonymous_19)
DA:18,0
DA:24,0
DA:25,0
DA:28,0
DA:31,0
DA:39,0
DA:40,0
DA:41,0
DA:42,0
DA:43,0
DA:44,0
DA:45,0
DA:46,0
DA:47,0
DA:48,0
DA:49,0
DA:50,0
DA:51,0
DA:58,0
DA:65,0
DA:72,0
DA:79,0
DA:80,0
DA:81,0
DA:83,0
DA:86,0
DA:87,0
DA:91,0
DA:95,0
DA:96,0
DA:100,0
DA:101,0
DA:108,0
DA:109,0
DA:110,0
DA:112,0
DA:113,0
DA:116,0
DA:123,0
DA:124,0
DA:126,0
DA:127,0
DA:130,0
DA:137,0
DA:138,0
DA:140,0
DA:141,0
DA:142,0
DA:146,0
DA:153,0
DA:154,0
DA:156,0
DA:162,0
DA:168,0
DA:169,0
DA:170,0
DA:172,0
DA:173,0
DA:174,0
DA:175,0
DA:177,0
DA:185,0
DA:186,0
DA:188,0
DA:189,0
DA:190,0
DA:192,0
DA:193,0
DA:195,0
DA:196,0
DA:197,0
DA:206,0
DA:207,0
DA:209,0
DA:216,0
DA:220,0
DA:221,0
DA:228,0
DA:229,0
DA:230,0
DA:231,0
DA:234,0
DA:237,0
DA:240,0
DA:241,0
DA:242,0
DA:246,0
DA:247,0
DA:249,0
DA:256,0
DA:257,0
DA:258,0
DA:259,0
DA:261,0
DA:262,0
DA:264,0
DA:269,0
LF:97
LH:0
BRDA:65,0,0,0
BRDA:65,0,1,0
BRDA:86,1,0,0
BRDA:86,2,0,0
BRDA:86,2,1,0
BRDA:95,3,0,0
BRDA:112,4,0,0
BRDA:112,5,0,0
BRDA:112,5,1,0
BRDA:126,6,0,0
BRDA:141,7,0,0
BRDA:156,8,0,0
BRDA:156,8,1,0
BRDA:156,8,2,0
BRDA:156,8,3,0
BRDA:162,9,0,0
BRDA:162,9,1,0
BRDA:162,9,2,0
BRDA:162,9,3,0
BRDA:168,10,0,0
BRDA:206,11,0,0
BRDA:234,12,0,0
BRDA:234,12,1,0
BRDA:240,13,0,0
BRDA:261,14,0,0
BRDA:261,14,1,0
BRF:26
BRH:0
end_of_record
TN:
SF:src/security/validators.ts
FN:13,(anonymous_9)
FN:26,(anonymous_10)
FN:39,(anonymous_11)
FN:53,(anonymous_12)
FN:90,(anonymous_13)
FN:109,(anonymous_14)
FN:126,(anonymous_15)
FN:137,(anonymous_16)
FN:150,(anonymous_17)
FN:287,validateToolParams
FN:309,(anonymous_19)
FN:319,validateFileSize
FN:328,validateMimeType
FNF:13
FNH:0
FNDA:0,(anonymous_9)
FNDA:0,(anonymous_10)
FNDA:0,(anonymous_11)
FNDA:0,(anonymous_12)
FNDA:0,(anonymous_13)
FNDA:0,(anonymous_14)
FNDA:0,(anonymous_15)
FNDA:0,(anonymous_16)
FNDA:0,(anonymous_17)
FNDA:0,validateToolParams
FNDA:0,(anonymous_19)
FNDA:0,validateFileSize
FNDA:0,validateMimeType
DA:6,0
DA:7,0
DA:12,0
DA:14,0
DA:15,0
DA:22,0
DA:27,0
DA:28,0
DA:41,0
DA:42,0
DA:55,0
DA:56,0
DA:60,0
DA:61,0
DA:65,0
DA:66,0
DA:67,0
DA:71,0
DA:72,0
DA:73,0
DA:74,0
DA:79,0
DA:80,0
DA:81,0
DA:84,0
DA:91,0
DA:92,0
DA:95,0
DA:96,0
DA:99,0
DA:100,0
DA:103,0
DA:110,0
DA:112,0
DA:113,0
DA:116,0
DA:117,0
DA:120,0
DA:127,0
DA:128,0
DA:131,0
DA:139,0
DA:140,0
DA:141,0
DA:144,0
DA:152,0
DA:153,0
DA:154,0
DA:157,0
DA:166,0
DA:176,0
DA:185,0
DA:195,0
DA:223,0
DA:243,0
DA:260,0
DA:277,0
DA:287,0
DA:288,0
DA:300,0
DA:301,0
DA:302,0
DA:305,0
DA:306,0
DA:308,0
DA:309,0
DA:310,0
DA:312,0
DA:319,0
DA:320,0
DA:321,0
DA:328,0
DA:329,0
DA:330,0
LF:74
LH:0
BRDA:27,0,0,0
BRDA:27,0,1,0
BRDA:28,1,0,0
BRDA:28,1,1,0
BRDA:55,2,0,0
BRDA:60,3,0,0
BRDA:60,4,0,0
BRDA:60,4,1,0
BRDA:66,5,0,0
BRDA:71,6,0,0
BRDA:71,7,0,0
BRDA:71,7,1,0
BRDA:73,8,0,0
BRDA:80,9,0,0
BRDA:91,10,0,0
BRDA:95,11,0,0
BRDA:99,12,0,0
BRDA:99,13,0,0
BRDA:99,13,1,0
BRDA:112,14,0,0
BRDA:116,15,0,0
BRDA:116,16,0,0
BRDA:116,16,1,0
BRDA:127,17,0,0
BRDA:140,18,0,0
BRDA:153,19,0,0
BRDA:301,20,0,0
BRDA:308,21,0,0
BRDA:319,22,0,0
BRDA:320,23,0,0
BRDA:329,24,0,0
BRF:31
BRH:0
end_of_record
TN:
SF:src/services/framework-loader.ts
FN:27,(anonymous_1)
FN:34,(anonymous_2)
FN:54,(anonymous_3)
FN:92,(anonymous_4)
FN:105,(anonymous_5)
FN:112,(anonymous_6)
FN:119,(anonymous_7)
FN:134,(anonymous_8)
FN:141,(anonymous_9)
FN:156,(anonymous_10)
FN:163,(anonymous_11)
FN:170,(anonymous_12)
FN:189,(anonymous_13)
FN:193,(anonymous_14)
FN:200,(anonymous_15)
FN:204,(anonymous_16)
FN:212,(anonymous_17)
FN:216,(anonymous_18)
FN:223,(anonymous_19)
FN:230,(anonymous_20)
FN:264,(anonymous_21)
FN:271,(anonymous_22)
FN:278,(anonymous_23)
FN:299,getFrameworkLoader
FN:306,initializeFramework
FNF:25
FNH:0
FNDA:0,(anonymous_1)
FNDA:0,(anonymous_2)
FNDA:0,(anonymous_3)
FNDA:0,(anonymous_4)
FNDA:0,(anonymous_5)
FNDA:0,(anonymous_6)
FNDA:0,(anonymous_7)
FNDA:0,(anonymous_8)
FNDA:0,(anonymous_9)
FNDA:0,(anonymous_10)
FNDA:0,(anonymous_11)
FNDA:0,(anonymous_12)
FNDA:0,(anonymous_13)
FNDA:0,(anonymous_14)
FNDA:0,(anonymous_15)
FNDA:0,(anonymous_16)
FNDA:0,(anonymous_17)
FNDA:0,(anonymous_18)
FNDA:0,(anonymous_19)
FNDA:0,(anonymous_20)
FNDA:0,(anonymous_21)
FNDA:0,(anonymous_22)
FNDA:0,(anonymous_23)
FNDA:0,getFrameworkLoader
FNDA:0,initializeFramework
DA:5,0
DA:6,0
DA:7,0
DA:17,0
DA:18,0
DA:22,0
DA:23,0
DA:24,0
DA:25,0
DA:28,0
DA:35,0
DA:36,0
DA:38,0
DA:39,0
DA:41,0
DA:42,0
DA:44,0
DA:46,0
DA:47,0
DA:55,0
DA:57,0
DA:58,0
DA:59,0
DA:60,0
DA:62,0
DA:63,0
DA:65,0
DA:66,0
DA:68,0
DA:69,0
DA:71,0
DA:72,0
DA:75,0
DA:76,0
DA:77,0
DA:78,0
DA:79,0
DA:81,0
DA:86,0
DA:94,0
DA:95,0
DA:106,0
DA:113,0
DA:120,0
DA:122,0
DA:123,0
DA:124,0
DA:128,0
DA:135,0
DA:142,0
DA:144,0
DA:145,0
DA:146,0
DA:150,0
DA:157,0
DA:164,0
DA:171,0
DA:173,0
DA:174,0
DA:176,0
DA:177,0
DA:178,0
DA:179,0
DA:183,0
DA:190,0
DA:192,0
DA:193,0
DA:201,0
DA:203,0
DA:204,0
DA:213,0
DA:215,0
DA:216,0
DA:224,0
DA:231,0
DA:232,0
DA:243,0
DA:254,0
DA:255,0
DA:258,0
DA:265,0
DA:272,0
DA:279,0
DA:281,0
DA:283,0
DA:285,0
DA:287,0
DA:291,0
DA:297,0
DA:299,0
DA:300,0
DA:301,0
DA:303,0
DA:306,0
DA:307,0
DA:308,0
DA:309,0
DA:311,0
LF:98
LH:0
BRDA:28,0,0,0
BRDA:28,0,1,0
BRDA:55,1,0,0
BRDA:63,2,0,0
BRDA:63,2,1,0
BRDA:63,2,2,0
BRDA:63,2,3,0
BRDA:76,3,0,0
BRDA:77,4,0,0
BRDA:77,4,1,0
BRDA:95,5,0,0
BRDA:95,5,1,0
BRDA:123,6,0,0
BRDA:145,7,0,0
BRDA:164,8,0,0
BRDA:164,8,1,0
BRDA:171,9,0,0
BRDA:177,10,0,0
BRDA:177,10,1,0
BRDA:177,11,0,0
BRDA:177,11,1,0
BRDA:178,12,0,0
BRDA:190,13,0,0
BRDA:201,14,0,0
BRDA:201,15,0,0
BRDA:201,15,1,0
BRDA:204,16,0,0
BRDA:204,16,1,0
BRDA:213,17,0,0
BRDA:224,18,0,0
BRDA:224,18,1,0
BRDA:231,19,0,0
BRDA:249,20,0,0
BRDA:249,20,1,0
BRDA:279,21,0,0
BRDA:279,21,1,0
BRDA:279,21,2,0
BRDA:279,21,3,0
BRDA:279,21,4,0
BRDA:287,22,0,0
BRDA:287,22,1,0
BRDA:287,22,2,0
BRDA:300,23,0,0
BRDA:308,24,0,0
BRF:44
BRH:0
end_of_record
TN:
SF:src/services/framework-seeder.ts
FN:9,(anonymous_0)
FN:15,(anonymous_1)
FN:42,(anonymous_2)
FN:63,(anonymous_3)
FN:93,(anonymous_4)
FN:129,(anonymous_5)
FNF:6
FNH:0
FNDA:0,(anonymous_0)
FNDA:0,(anonymous_1)
FNDA:0,(anonymous_2)
FNDA:0,(anonymous_3)
FNDA:0,(anonymous_4)
FNDA:0,(anonymous_5)
DA:6,0
DA:7,0
DA:9,0
DA:10,0
DA:16,0
DA:18,0
DA:20,0
DA:21,0
DA:24,0
DA:27,0
DA:30,0
DA:32,0
DA:33,0
DA:36,0
DA:37,0
DA:38,0
DA:43,0
DA:47,0
DA:56,0
DA:57,0
DA:60,0
DA:64,0
DA:68,0
DA:86,0
DA:87,0
DA:90,0
DA:94,0
DA:98,0
DA:119,0
DA:120,0
DA:123,0
DA:130,0
DA:132,0
DA:133,0
DA:134,0
DA:137,0
DA:138,0
DA:142,0
DA:144,0
DA:145,0
DA:146,0
DA:147,0
DA:148,0
DA:152,0
DA:154,0
DA:160,0
LF:46
LH:0
BRDA:137,0,0,0
BRDA:137,1,0,0
BRDA:137,1,1,0
BRDA:137,1,2,0
BRDA:146,2,0,0
BRF:5
BRH:0
end_of_record
TN:
SF:src/services/question-bank.ts
FN:19,(anonymous_0)
FN:25,(anonymous_1)
FN:56,(anonymous_2)
FN:105,(anonymous_3)
FN:155,(anonymous_4)
FN:172,(anonymous_5)
FN:176,(anonymous_6)
FN:187,(anonymous_7)
FN:205,(anonymous_8)
FN:239,(anonymous_9)
FN:253,(anonymous_10)
FN:261,(anonymous_11)
FN:264,(anonymous_12)
FN:264,(anonymous_13)
FN:274,(anonymous_14)
FN:285,(anonymous_15)
FN:291,(anonymous_16)
FN:292,(anonymous_17)
FN:299,(anonymous_18)
FN:318,(anonymous_19)
FN:333,(anonymous_20)
FN:346,(anonymous_21)
FN:360,(anonymous_22)
FN:383,(anonymous_23)
FN:400,(anonymous_24)
FN:409,(anonymous_25)
FN:418,(anonymous_26)
FN:424,(anonymous_27)
FN:434,(anonymous_28)
FNF:29
FNH:0
FNDA:0,(anonymous_0)
FNDA:0,(anonymous_1)
FNDA:0,(anonymous_2)
FNDA:0,(anonymous_3)
FNDA:0,(anonymous_4)
FNDA:0,(anonymous_5)
FNDA:0,(anonymous_6)
FNDA:0,(anonymous_7)
FNDA:0,(anonymous_8)
FNDA:0,(anonymous_9)
FNDA:0,(anonymous_10)
FNDA:0,(anonymous_11)
FNDA:0,(anonymous_12)
FNDA:0,(anonymous_13)
FNDA:0,(anonymous_14)
FNDA:0,(anonymous_15)
FNDA:0,(anonymous_16)
FNDA:0,(anonymous_17)
FNDA:0,(anonymous_18)
FNDA:0,(anonymous_19)
FNDA:0,(anonymous_20)
FNDA:0,(anonymous_21)
FNDA:0,(anonymous_22)
FNDA:0,(anonymous_23)
FNDA:0,(anonymous_24)
FNDA:0,(anonymous_25)
FNDA:0,(anonymous_26)
FNDA:0,(anonymous_27)
FNDA:0,(anonymous_28)
DA:15,0
DA:16,0
DA:17,0
DA:19,0
DA:20,0
DA:26,0
DA:27,0
DA:30,0
DA:32,0
DA:33,0
DA:38,0
DA:39,0
DA:44,0
DA:47,0
DA:48,0
DA:49,0
DA:57,0
DA:58,0
DA:60,0
DA:61,0
DA:65,0
DA:66,0
DA:68,0
DA:69,0
DA:72,0
DA:73,0
DA:74,0
DA:78,0
DA:93,0
DA:96,0
DA:97,0
DA:98,0
DA:109,0
DA:110,0
DA:111,0
DA:112,0
DA:115,0
DA:118,0
DA:121,0
DA:122,0
DA:123,0
DA:125,0
DA:140,0
DA:143,0
DA:144,0
DA:148,0
DA:156,0
DA:158,0
DA:159,0
DA:160,0
DA:161,0
DA:162,0
DA:165,0
DA:169,0
DA:171,0
DA:172,0
DA:175,0
DA:176,0
DA:177,0
DA:181,0
DA:188,0
DA:190,0
DA:192,0
DA:194,0
DA:196,0
DA:198,0
DA:206,0
DA:208,0
DA:216,0
DA:226,0
DA:240,0
DA:242,0
DA:244,0
DA:246,0
DA:254,0
DA:262,0
DA:263,0
DA:264,0
DA:266,0
DA:267,0
DA:276,0
DA:287,0
DA:288,0
DA:290,0
DA:291,0
DA:292,0
DA:301,0
DA:303,0
DA:312,0
DA:319,0
DA:321,0
DA:322,0
DA:323,0
DA:324,0
DA:327,0
DA:334,0
DA:347,0
DA:354,0
DA:362,0
DA:366,0
DA:368,0
DA:369,0
DA:373,0
DA:374,0
DA:377,0
DA:384,0
DA:385,0
DA:389,0
DA:394,0
DA:403,0
DA:413,0
DA:416,0
DA:418,0
DA:419,0
DA:420,0
DA:423,0
DA:424,0
DA:425,0
DA:426,0
DA:429,0
DA:434,0
DA:435,0
DA:436,0
DA:438,0
DA:439,0
DA:441,0
DA:447,0
LF:127
LH:0
BRDA:38,0,0,0
BRDA:47,1,0,0
BRDA:47,1,1,0
BRDA:60,2,0,0
BRDA:60,3,0,0
BRDA:60,3,1,0
BRDA:73,4,0,0
BRDA:80,5,0,0
BRDA:80,5,1,0
BRDA:81,6,0,0
BRDA:81,6,1,0
BRDA:82,7,0,0
BRDA:82,7,1,0
BRDA:84,8,0,0
BRDA:84,8,1,0
BRDA:89,9,0,0
BRDA:89,9,1,0
BRDA:96,10,0,0
BRDA:96,10,1,0
BRDA:122,11,0,0
BRDA:122,11,1,0
BRDA:123,12,0,0
BRDA:123,12,1,0
BRDA:143,13,0,0
BRDA:143,13,1,0
BRDA:156,14,0,0
BRDA:161,15,0,0
BRDA:161,16,0,0
BRDA:161,16,1,0
BRDA:171,17,0,0
BRDA:175,18,0,0
BRDA:190,19,0,0
BRDA:190,19,1,0
BRDA:190,19,2,0
BRDA:190,19,3,0
BRDA:206,20,0,0
BRDA:206,20,1,0
BRDA:206,20,2,0
BRDA:240,21,0,0
BRDA:240,21,1,0
BRDA:240,21,2,0
BRDA:264,22,0,0
BRDA:264,22,1,0
BRDA:264,23,0,0
BRDA:264,23,1,0
BRDA:312,24,0,0
BRDA:312,24,1,0
BRDA:321,25,0,0
BRDA:321,25,1,0
BRDA:323,26,0,0
BRDA:354,27,0,0
BRDA:354,27,1,0
BRDA:368,28,0,0
BRDA:373,29,0,0
BRDA:373,30,0,0
BRDA:373,30,1,0
BRDA:384,31,0,0
BRDA:416,32,0,0
BRDA:419,33,0,0
BRDA:419,33,1,0
BRDA:425,34,0,0
BRDA:435,35,0,0
BRDA:438,36,0,0
BRF:63
BRH:0
end_of_record
TN:
SF:src/services/question-seeder.ts
FN:10,(anonymous_0)
FN:16,(anonymous_1)
FN:54,(anonymous_2)
FN:187,(anonymous_3)
FN:258,(anonymous_4)
FN:267,(anonymous_5)
FN:276,(anonymous_6)
FN:285,(anonymous_7)
FN:294,(anonymous_8)
FN:317,(anonymous_9)
FNF:10
FNH:0
FNDA:0,(anonymous_0)
FNDA:0,(anonymous_1)
FNDA:0,(anonymous_2)
FNDA:0,(anonymous_3)
FNDA:0,(anonymous_4)
FNDA:0,(anonymous_5)
FNDA:0,(anonymous_6)
FNDA:0,(anonymous_7)
FNDA:0,(anonymous_8)
FNDA:0,(anonymous_9)
DA:6,0
DA:7,0
DA:8,0
DA:10,0
DA:11,0
DA:17,0
DA:19,0
DA:20,0
DA:22,0
DA:24,0
DA:27,0
DA:30,0
DA:33,0
DA:36,0
DA:39,0
DA:41,0
DA:42,0
DA:45,0
DA:46,0
DA:47,0
DA:55,0
DA:58,0
DA:117,0
DA:120,0
DA:178,0
DA:180,0
DA:181,0
DA:188,0
DA:191,0
DA:249,0
DA:251,0
DA:252,0
DA:260,0
DA:261,0
DA:269,0
DA:270,0
DA:278,0
DA:279,0
DA:287,0
DA:288,0
DA:295,0
DA:297,0
DA:306,0
DA:307,0
DA:308,0
DA:311,0
DA:318,0
DA:323,0
LF:48
LH:0
BRDA:45,0,0,0
BRDA:45,0,1,0
BRF:2
BRH:0
end_of_record
TN:
SF:src/tools/assess_maturity.ts
FN:123,assessMaturity
FN:174,(anonymous_1)
FN:175,(anonymous_2)
FN:176,(anonymous_3)
FN:177,(anonymous_4)
FN:197,processFunctionMaturity
FN:252,calculateOverallMetrics
FN:253,(anonymous_7)
FN:254,(anonymous_8)
FN:257,(anonymous_9)
FN:266,(anonymous_10)
FN:280,generateRecommendations
FN:289,(anonymous_12)
FN:297,(anonymous_13)
FN:333,generateFunctionRecommendations
FN:436,createErrorResult
FNF:16
FNH:0
FNDA:0,assessMaturity
FNDA:0,(anonymous_1)
FNDA:0,(anonymous_2)
FNDA:0,(anonymous_3)
FNDA:0,(anonymous_4)
FNDA:0,processFunctionMaturity
FNDA:0,calculateOverallMetrics
FNDA:0,(anonymous_7)
FNDA:0,(anonymous_8)
FNDA:0,(anonymous_9)
FNDA:0,(anonymous_10)
FNDA:0,generateRecommendations
FNDA:0,(anonymous_12)
FNDA:0,(anonymous_13)
FNDA:0,generateFunctionRecommendations
FNDA:0,createErrorResult
DA:5,1
DA:6,1
DA:7,1
DA:8,1
DA:11,1
DA:59,1
DA:111,1
DA:123,1
DA:124,0
DA:125,0
DA:127,0
DA:129,0
DA:130,0
DA:134,0
DA:135,0
DA:136,0
DA:140,0
DA:142,0
DA:143,0
DA:147,0
DA:150,0
DA:158,0
DA:161,0
DA:165,0
DA:174,0
DA:175,0
DA:176,0
DA:177,0
DA:186,0
DA:187,0
DA:203,0
DA:206,0
DA:207,0
DA:208,0
DA:211,0
DA:212,0
DA:214,0
DA:228,0
DA:229,0
DA:235,0
DA:236,0
DA:243,0
DA:246,0
DA:253,0
DA:254,0
DA:255,0
DA:257,0
DA:260,0
DA:261,0
DA:262,0
DA:263,0
DA:266,0
DA:268,0
DA:284,0
DA:285,0
DA:286,0
DA:289,0
DA:290,0
DA:291,0
DA:297,0
DA:298,0
DA:300,0
DA:301,0
DA:302,0
DA:309,0
DA:310,0
DA:311,0
DA:318,0
DA:319,0
DA:320,0
DA:323,0
DA:338,0
DA:341,0
DA:416,0
DA:417,0
DA:418,0
DA:422,0
DA:423,0
DA:424,0
DA:425,0
DA:426,0
DA:427,0
DA:430,0
DA:437,0
LF:84
LH:8
BRDA:129,0,0,0
BRDA:135,1,0,0
BRDA:142,2,0,0
BRDA:142,3,0,0
BRDA:142,3,1,0
BRDA:161,4,0,0
BRDA:161,4,1,0
BRDA:189,5,0,0
BRDA:189,5,1,0
BRDA:216,6,0,0
BRDA:216,6,1,0
BRDA:228,7,0,0
BRDA:228,8,0,0
BRDA:228,8,1,0
BRDA:229,9,0,0
BRDA:229,9,1,0
BRDA:235,10,0,0
BRDA:261,11,0,0
BRDA:261,11,1,0
BRDA:262,12,0,0
BRDA:262,12,1,0
BRDA:263,13,0,0
BRDA:272,14,0,0
BRDA:272,14,1,0
BRDA:273,15,0,0
BRDA:273,15,1,0
BRDA:298,16,0,0
BRDA:298,16,1,0
BRDA:301,17,0,0
BRDA:310,18,0,0
BRDA:310,19,0,0
BRDA:310,19,1,0
BRDA:319,20,0,0
BRDA:417,21,0,0
BRDA:422,22,0,0
BRDA:422,22,1,0
BRDA:424,23,0,0
BRDA:424,23,1,0
BRDA:426,24,0,0
BRF:39
BRH:0
end_of_record
TN:
SF:src/tools/calculate_maturity_trend.ts
FN:108,calculateMaturityTrend
FN:189,processTrendData
FN:224,(anonymous_2)
FN:234,(anonymous_3)
FN:235,(anonymous_4)
FN:236,(anonymous_5)
FN:270,calculateOverallTrend
FN:284,(anonymous_7)
FN:285,(anonymous_8)
FN:305,generateProjections
FN:349,analyzeVelocity
FN:354,(anonymous_11)
FN:370,(anonymous_12)
FN:375,(anonymous_13)
FN:383,(anonymous_14)
FN:385,(anonymous_15)
FN:390,(anonymous_16)
FN:411,generateInsights
FN:422,(anonymous_18)
FN:426,(anonymous_19)
FN:441,(anonymous_20)
FN:449,(anonymous_21)
FN:474,(anonymous_22)
FN:491,getNextTierThreshold
FN:501,getWeekKey
FN:511,createErrorResult
FNF:26
FNH:0
FNDA:0,calculateMaturityTrend
FNDA:0,processTrendData
FNDA:0,(anonymous_2)
FNDA:0,(anonymous_3)
FNDA:0,(anonymous_4)
FNDA:0,(anonymous_5)
FNDA:0,calculateOverallTrend
FNDA:0,(anonymous_7)
FNDA:0,(anonymous_8)
FNDA:0,generateProjections
FNDA:0,analyzeVelocity
FNDA:0,(anonymous_11)
FNDA:0,(anonymous_12)
FNDA:0,(anonymous_13)
FNDA:0,(anonymous_14)
FNDA:0,(anonymous_15)
FNDA:0,(anonymous_16)
FNDA:0,generateInsights
FNDA:0,(anonymous_18)
FNDA:0,(anonymous_19)
FNDA:0,(anonymous_20)
FNDA:0,(anonymous_21)
FNDA:0,(anonymous_22)
FNDA:0,getNextTierThreshold
FNDA:0,getWeekKey
FNDA:0,createErrorResult
DA:5,0
DA:6,0
DA:7,0
DA:10,0
DA:94,0
DA:108,0
DA:109,0
DA:111,0
DA:113,0
DA:114,0
DA:115,0
DA:119,0
DA:120,0
DA:124,0
DA:126,0
DA:127,0
DA:131,0
DA:137,0
DA:140,0
DA:145,0
DA:150,0
DA:158,0
DA:165,0
DA:178,0
DA:179,0
DA:193,0
DA:194,0
DA:197,0
DA:198,0
DA:209,0
DA:211,0
DA:212,0
DA:214,0
DA:218,0
DA:220,0
DA:221,0
DA:224,0
DA:226,0
DA:227,0
DA:228,0
DA:229,0
DA:234,0
DA:235,0
DA:236,0
DA:237,0
DA:240,0
DA:243,0
DA:246,0
DA:247,0
DA:248,0
DA:250,0
DA:264,0
DA:274,0
DA:275,0
DA:284,0
DA:285,0
DA:286,0
DA:287,0
DA:289,0
DA:290,0
DA:291,0
DA:293,0
DA:306,0
DA:308,0
DA:310,0
DA:311,0
DA:315,0
DA:316,0
DA:317,0
DA:320,0
DA:321,0
DA:323,0
DA:324,0
DA:328,0
DA:329,0
DA:330,0
DA:332,0
DA:343,0
DA:354,0
DA:357,0
DA:359,0
DA:360,0
DA:361,0
DA:362,0
DA:364,0
DA:368,0
DA:369,0
DA:370,0
DA:371,0
DA:375,0
DA:376,0
DA:377,0
DA:380,0
DA:381,0
DA:382,0
DA:383,0
DA:384,0
DA:385,0
DA:386,0
DA:390,0
DA:391,0
DA:394,0
DA:395,0
DA:396,0
DA:398,0
DA:417,0
DA:418,0
DA:419,0
DA:422,0
DA:423,0
DA:424,0
DA:426,0
DA:427,0
DA:428,0
DA:432,0
DA:433,0
DA:436,0
DA:437,0
DA:441,0
DA:442,0
DA:443,0
DA:444,0
DA:445,0
DA:449,0
DA:450,0
DA:451,0
DA:454,0
DA:455,0
DA:459,0
DA:460,0
DA:461,0
DA:462,0
DA:466,0
DA:467,0
DA:468,0
DA:473,0
DA:474,0
DA:475,0
DA:476,0
DA:480,0
DA:492,0
DA:493,0
DA:494,0
DA:495,0
DA:502,0
DA:503,0
DA:504,0
DA:505,0
DA:512,0
LF:149
LH:0
BRDA:114,0,0,0
BRDA:119,1,0,0
BRDA:119,1,1,0
BRDA:120,2,0,0
BRDA:120,2,1,0
BRDA:126,3,0,0
BRDA:126,4,0,0
BRDA:126,4,1,0
BRDA:140,5,0,0
BRDA:140,5,1,0
BRDA:145,6,0,0
BRDA:145,6,1,0
BRDA:181,7,0,0
BRDA:181,7,1,0
BRDA:201,8,0,0
BRDA:201,8,1,0
BRDA:203,9,0,0
BRDA:203,9,1,0
BRDA:204,10,0,0
BRDA:204,10,1,0
BRDA:205,11,0,0
BRDA:205,11,1,0
BRDA:206,12,0,0
BRDA:206,12,1,0
BRDA:211,13,0,0
BRDA:221,14,0,0
BRDA:229,15,0,0
BRDA:229,15,1,0
BRDA:247,16,0,0
BRDA:247,16,1,0
BRDA:248,17,0,0
BRDA:252,18,0,0
BRDA:252,18,1,0
BRDA:274,19,0,0
BRDA:287,20,0,0
BRDA:287,20,1,0
BRDA:290,21,0,0
BRDA:290,21,1,0
BRDA:291,22,0,0
BRDA:310,23,0,0
BRDA:323,24,0,0
BRDA:323,25,0,0
BRDA:323,25,1,0
BRDA:329,26,0,0
BRDA:329,26,1,0
BRDA:330,27,0,0
BRDA:361,28,0,0
BRDA:376,29,0,0
BRDA:376,29,1,0
BRDA:377,30,0,0
BRDA:377,30,1,0
BRDA:381,31,0,0
BRDA:395,32,0,0
BRDA:395,32,1,0
BRDA:396,33,0,0
BRDA:423,34,0,0
BRDA:427,35,0,0
BRDA:432,36,0,0
BRDA:432,37,0,0
BRDA:432,37,1,0
BRDA:436,38,0,0
BRDA:442,39,0,0
BRDA:450,40,0,0
BRDA:454,41,0,0
BRDA:459,42,0,0
BRDA:459,42,1,0
BRDA:461,43,0,0
BRDA:467,44,0,0
BRDA:467,45,0,0
BRDA:467,45,1,0
BRDA:473,46,0,0
BRDA:474,47,0,0
BRDA:474,47,1,0
BRDA:492,48,0,0
BRDA:493,49,0,0
BRDA:494,50,0,0
BRF:76
BRH:0
end_of_record
TN:
SF:src/tools/calculate_risk_score.ts
FN:101,calculateRiskScore
FN:173,processFunctionRisks
FN:212,(anonymous_2)
FN:220,getRiskContributors
FN:274,calculateOverallRisk
FN:297,getRiskLevel
FN:307,generateHeatMapData
FN:345,(anonymous_7)
FN:368,calculateSubcategoryRisk
FN:395,calculateRiskSummary
FN:399,(anonymous_10)
FN:400,(anonymous_11)
FN:401,(anonymous_12)
FN:402,(anonymous_13)
FN:406,(anonymous_14)
FN:424,generateRiskRecommendations
FN:434,(anonymous_16)
FN:469,(anonymous_17)
FN:487,createErrorResult
FNF:19
FNH:0
FNDA:0,calculateRiskScore
FNDA:0,processFunctionRisks
FNDA:0,(anonymous_2)
FNDA:0,getRiskContributors
FNDA:0,calculateOverallRisk
FNDA:0,getRiskLevel
FNDA:0,generateHeatMapData
FNDA:0,(anonymous_7)
FNDA:0,calculateSubcategoryRisk
FNDA:0,calculateRiskSummary
FNDA:0,(anonymous_10)
FNDA:0,(anonymous_11)
FNDA:0,(anonymous_12)
FNDA:0,(anonymous_13)
FNDA:0,(anonymous_14)
FNDA:0,generateRiskRecommendations
FNDA:0,(anonymous_16)
FNDA:0,(anonymous_17)
FNDA:0,createErrorResult
DA:5,1
DA:6,1
DA:7,1
DA:8,1
DA:11,1
DA:79,1
DA:89,1
DA:101,1
DA:102,0
DA:103,0
DA:105,0
DA:107,0
DA:108,0
DA:112,0
DA:113,0
DA:114,0
DA:118,0
DA:120,0
DA:121,0
DA:125,0
DA:126,0
DA:133,0
DA:134,0
DA:137,0
DA:142,0
DA:145,0
DA:149,0
DA:162,0
DA:163,0
DA:178,0
DA:180,0
DA:182,0
DA:189,0
DA:190,0
DA:191,0
DA:193,0
DA:195,0
DA:196,0
DA:199,0
DA:212,0
DA:214,0
DA:225,0
DA:228,0
DA:261,0
DA:264,0
DA:265,0
DA:268,0
DA:278,0
DA:280,0
DA:281,0
DA:283,0
DA:284,0
DA:285,0
DA:287,0
DA:288,0
DA:291,0
DA:298,0
DA:299,0
DA:300,0
DA:301,0
DA:312,0
DA:315,0
DA:318,0
DA:320,0
DA:321,0
DA:322,0
DA:324,0
DA:325,0
DA:328,0
DA:329,0
DA:330,0
DA:333,0
DA:341,0
DA:342,0
DA:344,0
DA:345,0
DA:347,0
DA:355,0
DA:362,0
DA:369,0
DA:371,0
DA:373,0
DA:374,0
DA:376,0
DA:377,0
DA:379,0
DA:380,0
DA:382,0
DA:383,0
DA:387,0
DA:389,0
DA:399,0
DA:400,0
DA:401,0
DA:402,0
DA:404,0
DA:406,0
DA:409,0
DA:411,0
DA:429,0
DA:430,0
DA:431,0
DA:434,0
DA:435,0
DA:436,0
DA:437,0
DA:444,0
DA:445,0
DA:451,0
DA:452,0
DA:458,0
DA:459,0
DA:468,0
DA:469,0
DA:471,0
DA:472,0
DA:477,0
DA:488,0
LF:118
LH:8
BRDA:107,0,0,0
BRDA:113,1,0,0
BRDA:120,2,0,0
BRDA:120,3,0,0
BRDA:120,3,1,0
BRDA:125,4,0,0
BRDA:125,4,1,0
BRDA:137,5,0,0
BRDA:137,5,1,0
BRDA:145,6,0,0
BRDA:145,6,1,0
BRDA:165,7,0,0
BRDA:165,7,1,0
BRDA:193,8,0,0
BRDA:193,9,0,0
BRDA:193,9,1,0
BRDA:195,10,0,0
BRDA:195,10,1,0
BRDA:201,11,0,0
BRDA:201,11,1,0
BRDA:261,12,0,0
BRDA:261,12,1,0
BRDA:264,13,0,0
BRDA:278,14,0,0
BRDA:285,15,0,0
BRDA:285,15,1,0
BRDA:285,15,2,0
BRDA:291,16,0,0
BRDA:291,16,1,0
BRDA:298,17,0,0
BRDA:299,18,0,0
BRDA:300,19,0,0
BRDA:324,20,0,0
BRDA:329,21,0,0
BRDA:357,22,0,0
BRDA:357,22,1,0
BRDA:371,23,0,0
BRDA:371,23,1,0
BRDA:371,23,2,0
BRDA:371,23,3,0
BRDA:387,24,0,0
BRDA:387,24,1,0
BRDA:409,25,0,0
BRDA:409,25,1,0
BRDA:434,26,0,0
BRDA:434,26,1,0
BRDA:436,27,0,0
BRDA:444,28,0,0
BRDA:444,28,1,0
BRDA:451,29,0,0
BRDA:451,29,1,0
BRDA:458,30,0,0
BRDA:469,31,0,0
BRDA:469,31,1,0
BRF:54
BRH:0
end_of_record
TN:
SF:src/tools/clone_profile.ts
FN:44,cloneProfile
FN:63,(anonymous_1)
FN:138,generateNewProfileId
FN:152,applyAssessmentModifications
FNF:4
FNH:0
FNDA:0,cloneProfile
FNDA:0,(anonymous_1)
FNDA:0,generateNewProfileId
FNDA:0,applyAssessmentModifications
DA:5,0
DA:6,0
DA:7,0
DA:10,0
DA:44,0
DA:45,0
DA:47,0
DA:49,0
DA:50,0
DA:51,0
DA:60,0
DA:63,0
DA:65,0
DA:66,0
DA:70,0
DA:73,0
DA:74,0
DA:80,0
DA:89,0
DA:90,0
DA:93,0
DA:94,0
DA:101,0
DA:108,0
DA:110,0
DA:124,0
DA:126,0
DA:139,0
DA:145,0
DA:146,0
DA:162,0
DA:164,0
DA:165,0
DA:167,0
DA:169,0
DA:171,0
DA:183,0
DA:184,0
DA:186,0
DA:189,0
DA:190,0
DA:199,0
DA:201,0
DA:205,0
DA:209,0
LF:45
LH:0
BRDA:50,0,0,0
BRDA:65,1,0,0
BRDA:65,1,1,0
BRDA:66,2,0,0
BRDA:66,2,1,0
BRDA:73,3,0,0
BRDA:73,4,0,0
BRDA:73,4,1,0
BRDA:83,5,0,0
BRDA:83,5,1,0
BRDA:93,6,0,0
BRDA:93,7,0,0
BRDA:93,7,1,0
BRDA:130,8,0,0
BRDA:130,8,1,0
BRDA:169,9,0,0
BRDA:169,9,1,0
BRDA:174,10,0,0
BRDA:174,10,1,0
BRDA:175,11,0,0
BRDA:175,11,1,0
BRDA:178,12,0,0
BRDA:178,12,1,0
BRDA:189,13,0,0
BRDA:189,14,0,0
BRDA:189,14,1,0
BRDA:196,15,0,0
BRDA:196,15,1,0
BRF:28
BRH:0
end_of_record
TN:
SF:src/tools/compare_profiles.ts
FN:39,compareProfiles
FN:80,(anonymous_1)
FN:85,(anonymous_2)
FN:92,(anonymous_3)
FN:97,(anonymous_4)
FN:98,(anonymous_5)
FN:140,calculateVariance
FN:141,(anonymous_7)
FN:142,(anonymous_8)
FN:143,(anonymous_9)
FN:146,identifyCommonPatterns
FN:154,(anonymous_11)
FN:157,(anonymous_12)
FN:164,(anonymous_13)
FN:167,(anonymous_14)
FN:172,(anonymous_15)
FN:187,(anonymous_16)
FN:189,(anonymous_17)
FN:196,(anonymous_18)
FN:201,(anonymous_19)
FN:211,calculateCorrelation
FN:229,(anonymous_21)
FN:233,(anonymous_22)
FN:234,(anonymous_23)
FN:244,(anonymous_24)
FN:248,pearsonCorrelation
FN:252,(anonymous_26)
FN:253,(anonymous_27)
FN:254,(anonymous_28)
FN:255,(anonymous_29)
FN:256,(anonymous_30)
FN:264,generateComparisonRecommendations
FN:279,(anonymous_32)
FN:293,(anonymous_33)
FN:301,(anonymous_34)
FN:335,(anonymous_35)
FNF:36
FNH:0
FNDA:0,compareProfiles
FNDA:0,(anonymous_1)
FNDA:0,(anonymous_2)
FNDA:0,(anonymous_3)
FNDA:0,(anonymous_4)
FNDA:0,(anonymous_5)
FNDA:0,calculateVariance
FNDA:0,(anonymous_7)
FNDA:0,(anonymous_8)
FNDA:0,(anonymous_9)
FNDA:0,identifyCommonPatterns
FNDA:0,(anonymous_11)
FNDA:0,(anonymous_12)
FNDA:0,(anonymous_13)
FNDA:0,(anonymous_14)
FNDA:0,(anonymous_15)
FNDA:0,(anonymous_16)
FNDA:0,(anonymous_17)
FNDA:0,(anonymous_18)
FNDA:0,(anonymous_19)
FNDA:0,calculateCorrelation
FNDA:0,(anonymous_21)
FNDA:0,(anonymous_22)
FNDA:0,(anonymous_23)
FNDA:0,(anonymous_24)
FNDA:0,pearsonCorrelation
FNDA:0,(anonymous_26)
FNDA:0,(anonymous_27)
FNDA:0,(anonymous_28)
FNDA:0,(anonymous_29)
FNDA:0,(anonymous_30)
FNDA:0,generateComparisonRecommendations
FNDA:0,(anonymous_32)
FNDA:0,(anonymous_33)
FNDA:0,(anonymous_34)
FNDA:0,(anonymous_35)
DA:39,0
DA:43,0
DA:45,0
DA:46,0
DA:49,0
DA:50,0
DA:54,0
DA:56,0
DA:57,0
DA:61,0
DA:62,0
DA:64,0
DA:65,0
DA:69,0
DA:70,0
DA:80,0
DA:81,0
DA:85,0
DA:86,0
DA:87,0
DA:92,0
DA:93,0
DA:94,0
DA:95,0
DA:97,0
DA:98,0
DA:101,0
DA:104,0
DA:107,0
DA:116,0
DA:133,0
DA:135,0
DA:136,0
DA:141,0
DA:142,0
DA:143,0
DA:150,0
DA:151,0
DA:154,0
DA:155,0
DA:157,0
DA:158,0
DA:159,0
DA:163,0
DA:164,0
DA:167,0
DA:168,0
DA:172,0
DA:173,0
DA:179,0
DA:180,0
DA:183,0
DA:185,0
DA:187,0
DA:188,0
DA:189,0
DA:190,0
DA:191,0
DA:195,0
DA:196,0
DA:200,0
DA:201,0
DA:203,0
DA:204,0
DA:208,0
DA:212,0
DA:214,0
DA:215,0
DA:219,0
DA:221,0
DA:222,0
DA:223,0
DA:224,0
DA:225,0
DA:226,0
DA:229,0
DA:231,0
DA:233,0
DA:234,0
DA:236,0
DA:237,0
DA:243,0
DA:244,0
DA:249,0
DA:250,0
DA:252,0
DA:253,0
DA:254,0
DA:255,0
DA:256,0
DA:258,0
DA:259,0
DA:261,0
DA:271,0
DA:274,0
DA:275,0
DA:279,0
DA:280,0
DA:283,0
DA:284,0
DA:288,0
DA:289,0
DA:293,0
DA:294,0
DA:295,0
DA:297,0
DA:301,0
DA:302,0
DA:303,0
DA:307,0
DA:308,0
DA:309,0
DA:310,0
DA:311,0
DA:314,0
DA:317,0
DA:336,0
LF:117
LH:0
BRDA:45,0,0,0
BRDA:45,1,0,0
BRDA:45,1,1,0
BRDA:49,2,0,0
BRDA:56,3,0,0
BRDA:61,4,0,0
BRDA:61,4,1,0
BRDA:62,5,0,0
BRDA:62,5,1,0
BRDA:64,6,0,0
BRDA:86,7,0,0
BRDA:92,8,0,0
BRDA:92,8,1,0
BRDA:121,9,0,0
BRDA:121,9,1,0
BRDA:122,10,0,0
BRDA:122,10,1,0
BRDA:136,11,0,0
BRDA:136,11,1,0
BRDA:158,12,0,0
BRDA:163,13,0,0
BRDA:167,14,0,0
BRDA:172,15,0,0
BRDA:179,16,0,0
BRDA:183,17,0,0
BRDA:190,18,0,0
BRDA:195,19,0,0
BRDA:203,20,0,0
BRDA:214,21,0,0
BRDA:231,22,0,0
BRDA:243,23,0,0
BRDA:243,23,1,0
BRDA:250,24,0,0
BRDA:261,25,0,0
BRDA:261,25,1,0
BRDA:274,26,0,0
BRDA:280,27,0,0
BRDA:280,27,1,0
BRDA:283,28,0,0
BRDA:288,29,0,0
BRDA:294,30,0,0
BRDA:294,30,1,0
BRDA:302,31,0,0
BRDA:308,32,0,0
BRDA:308,32,1,0
BRDA:310,33,0,0
BRF:46
BRH:0
end_of_record
TN:
SF:src/tools/create_custom_report.ts
FN:124,validateParams
FN:139,(anonymous_1)
FN:155,createCustomReport
FN:206,(anonymous_3)
FN:250,generateCustomSections
FN:280,applyContentFilters
FN:287,(anonymous_6)
FN:294,(anonymous_7)
FN:301,(anonymous_8)
FN:306,(anonymous_9)
FN:313,(anonymous_10)
FN:322,(anonymous_11)
FN:331,generateSectionContent
FN:375,generateSummaryContent
FN:377,(anonymous_14)
FN:378,(anonymous_15)
FN:379,(anonymous_16)
FN:382,(anonymous_17)
FN:405,generateMetricsContent
FN:406,(anonymous_19)
FN:416,(anonymous_20)
FN:429,(anonymous_21)
FN:432,(anonymous_22)
FN:439,generateAnalysisContent
FN:441,(anonymous_24)
FN:442,(anonymous_25)
FN:443,(anonymous_26)
FN:444,(anonymous_27)
FN:445,(anonymous_28)
FN:449,(anonymous_29)
FN:450,(anonymous_30)
FN:467,(anonymous_31)
FN:468,(anonymous_32)
FN:469,(anonymous_33)
FN:474,generateRecommendationsContent
FN:475,(anonymous_35)
FN:479,(anonymous_36)
FN:496,(anonymous_37)
FN:497,(anonymous_38)
FN:503,generateChartsContent
FN:520,generateTablesContent
FN:524,(anonymous_41)
FN:550,(anonymous_42)
FN:568,generateRecommendedActions
FN:589,estimateImplementationEffort
FN:597,estimateImplementationTimeline
FN:604,assessBusinessImpact
FN:614,analyzeMaturityTrend
FN:616,(anonymous_48)
FN:623,prepareChartData
FN:626,(anonymous_50)
FN:639,(anonymous_51)
FN:641,(anonymous_52)
FN:648,generateColors
FN:656,calculateSectionMetrics
FN:685,calculateReportStatistics
FN:686,(anonymous_56)
FN:687,(anonymous_57)
FN:687,(anonymous_58)
FN:688,(anonymous_59)
FN:699,(anonymous_60)
FN:710,applyStyling
FN:718,configureExportOptions
FN:732,estimateGenerationTime
FN:746,formatDate
FNF:65
FNH:0
FNDA:0,validateParams
FNDA:0,(anonymous_1)
FNDA:0,createCustomReport
FNDA:0,(anonymous_3)
FNDA:0,generateCustomSections
FNDA:0,applyContentFilters
FNDA:0,(anonymous_6)
FNDA:0,(anonymous_7)
FNDA:0,(anonymous_8)
FNDA:0,(anonymous_9)
FNDA:0,(anonymous_10)
FNDA:0,(anonymous_11)
FNDA:0,generateSectionContent
FNDA:0,generateSummaryContent
FNDA:0,(anonymous_14)
FNDA:0,(anonymous_15)
FNDA:0,(anonymous_16)
FNDA:0,(anonymous_17)
FNDA:0,generateMetricsContent
FNDA:0,(anonymous_19)
FNDA:0,(anonymous_20)
FNDA:0,(anonymous_21)
FNDA:0,(anonymous_22)
FNDA:0,generateAnalysisContent
FNDA:0,(anonymous_24)
FNDA:0,(anonymous_25)
FNDA:0,(anonymous_26)
FNDA:0,(anonymous_27)
FNDA:0,(anonymous_28)
FNDA:0,(anonymous_29)
FNDA:0,(anonymous_30)
FNDA:0,(anonymous_31)
FNDA:0,(anonymous_32)
FNDA:0,(anonymous_33)
FNDA:0,generateRecommendationsContent
FNDA:0,(anonymous_35)
FNDA:0,(anonymous_36)
FNDA:0,(anonymous_37)
FNDA:0,(anonymous_38)
FNDA:0,generateChartsContent
FNDA:0,generateTablesContent
FNDA:0,(anonymous_41)
FNDA:0,(anonymous_42)
FNDA:0,generateRecommendedActions
FNDA:0,estimateImplementationEffort
FNDA:0,estimateImplementationTimeline
FNDA:0,assessBusinessImpact
FNDA:0,analyzeMaturityTrend
FNDA:0,(anonymous_48)
FNDA:0,prepareChartData
FNDA:0,(anonymous_50)
FNDA:0,(anonymous_51)
FNDA:0,(anonymous_52)
FNDA:0,generateColors
FNDA:0,calculateSectionMetrics
FNDA:0,calculateReportStatistics
FNDA:0,(anonymous_56)
FNDA:0,(anonymous_57)
FNDA:0,(anonymous_58)
FNDA:0,(anonymous_59)
FNDA:0,(anonymous_60)
FNDA:0,applyStyling
FNDA:0,configureExportOptions
FNDA:0,estimateGenerationTime
FNDA:0,formatDate
DA:7,0
DA:8,0
DA:125,0
DA:127,0
DA:128,0
DA:129,0
DA:130,0
DA:133,0
DA:134,0
DA:135,0
DA:138,0
DA:139,0
DA:140,0
DA:141,0
DA:142,0
DA:143,0
DA:147,0
DA:148,0
DA:149,0
DA:152,0
DA:156,0
DA:158,0
DA:159,0
DA:160,0
DA:168,0
DA:169,0
DA:170,0
DA:177,0
DA:178,0
DA:179,0
DA:180,0
DA:183,0
DA:194,0
DA:197,0
DA:200,0
DA:203,0
DA:206,0
DA:207,0
DA:210,0
DA:217,0
DA:241,0
DA:242,0
DA:251,0
DA:253,0
DA:255,0
DA:258,0
DA:266,0
DA:268,0
DA:277,0
DA:281,0
DA:283,0
DA:286,0
DA:287,0
DA:288,0
DA:293,0
DA:294,0
DA:295,0
DA:300,0
DA:301,0
DA:302,0
DA:305,0
DA:306,0
DA:307,0
DA:312,0
DA:313,0
DA:314,0
DA:319,0
DA:320,0
DA:321,0
DA:322,0
DA:323,0
DA:324,0
DA:328,0
DA:332,0
DA:334,0
DA:337,0
DA:340,0
DA:343,0
DA:346,0
DA:349,0
DA:352,0
DA:359,0
DA:367,0
DA:376,0
DA:377,0
DA:378,0
DA:379,0
DA:381,0
DA:382,0
DA:384,0
DA:406,0
DA:407,0
DA:408,0
DA:409,0
DA:411,0
DA:412,0
DA:413,0
DA:416,0
DA:423,0
DA:430,0
DA:433,0
DA:440,0
DA:441,0
DA:442,0
DA:443,0
DA:444,0
DA:445,0
DA:448,0
DA:449,0
DA:450,0
DA:458,0
DA:467,0
DA:468,0
DA:469,0
DA:475,0
DA:477,0
DA:479,0
DA:491,0
DA:496,0
DA:497,0
DA:504,0
DA:505,0
DA:507,0
DA:521,0
DA:522,0
DA:524,0
DA:525,0
DA:527,0
DA:529,0
DA:532,0
DA:533,0
DA:535,0
DA:539,0
DA:550,0
DA:569,0
DA:571,0
DA:572,0
DA:573,0
DA:574,0
DA:575,0
DA:576,0
DA:577,0
DA:578,0
DA:581,0
DA:582,0
DA:583,0
DA:586,0
DA:590,0
DA:591,0
DA:592,0
DA:593,0
DA:594,0
DA:598,0
DA:599,0
DA:600,0
DA:601,0
DA:605,0
DA:606,0
DA:607,0
DA:608,0
DA:609,0
DA:610,0
DA:611,0
DA:616,0
DA:617,0
DA:618,0
DA:619,0
DA:620,0
DA:624,0
DA:626,0
DA:627,0
DA:628,0
DA:629,0
DA:631,0
DA:632,0
DA:635,0
DA:640,0
DA:641,0
DA:649,0
DA:653,0
DA:657,0
DA:659,0
DA:665,0
DA:671,0
DA:677,0
DA:686,0
DA:687,0
DA:688,0
DA:689,0
DA:692,0
DA:699,0
DA:711,0
DA:719,0
DA:721,0
DA:733,0
DA:734,0
DA:735,0
DA:737,0
DA:739,0
DA:740,0
DA:742,0
DA:747,0
DA:748,0
DA:751,0
DA:815,0
LF:205
LH:0
BRDA:127,0,0,0
BRDA:128,1,0,0
BRDA:129,2,0,0
BRDA:129,3,0,0
BRDA:129,3,1,0
BRDA:134,4,0,0
BRDA:134,5,0,0
BRDA:134,5,1,0
BRDA:140,6,0,0
BRDA:141,7,0,0
BRDA:142,8,0,0
BRDA:148,9,0,0
BRDA:148,10,0,0
BRDA:148,10,1,0
BRDA:159,11,0,0
BRDA:169,12,0,0
BRDA:179,13,0,0
BRDA:179,13,1,0
BRDA:180,14,0,0
BRDA:180,14,1,0
BRDA:207,15,0,0
BRDA:207,15,1,0
BRDA:223,16,0,0
BRDA:223,16,1,0
BRDA:281,17,0,0
BRDA:286,18,0,0
BRDA:286,19,0,0
BRDA:286,19,1,0
BRDA:293,20,0,0
BRDA:293,21,0,0
BRDA:293,21,1,0
BRDA:300,22,0,0
BRDA:302,23,0,0
BRDA:302,23,1,0
BRDA:305,24,0,0
BRDA:307,25,0,0
BRDA:307,25,1,0
BRDA:312,26,0,0
BRDA:312,27,0,0
BRDA:312,27,1,0
BRDA:319,28,0,0
BRDA:323,29,0,0
BRDA:323,29,1,0
BRDA:323,29,2,0
BRDA:324,30,0,0
BRDA:324,30,1,0
BRDA:332,31,0,0
BRDA:332,31,1,0
BRDA:332,31,2,0
BRDA:332,31,3,0
BRDA:332,31,4,0
BRDA:332,31,5,0
BRDA:332,31,6,0
BRDA:332,31,7,0
BRDA:332,31,8,0
BRDA:354,32,0,0
BRDA:354,32,1,0
BRDA:355,33,0,0
BRDA:355,33,1,0
BRDA:361,34,0,0
BRDA:361,34,1,0
BRDA:363,35,0,0
BRDA:363,35,1,0
BRDA:381,36,0,0
BRDA:381,36,1,0
BRDA:382,37,0,0
BRDA:382,37,1,0
BRDA:393,38,0,0
BRDA:393,38,1,0
BRDA:407,39,0,0
BRDA:407,39,1,0
BRDA:408,40,0,0
BRDA:412,41,0,0
BRDA:412,41,1,0
BRDA:429,42,0,0
BRDA:429,42,1,0
BRDA:430,43,0,0
BRDA:430,43,1,0
BRDA:430,44,0,0
BRDA:430,44,1,0
BRDA:432,45,0,0
BRDA:432,45,1,0
BRDA:433,46,0,0
BRDA:433,46,1,0
BRDA:433,47,0,0
BRDA:433,47,1,0
BRDA:441,48,0,0
BRDA:441,48,1,0
BRDA:441,49,0,0
BRDA:441,49,1,0
BRDA:441,50,0,0
BRDA:441,50,1,0
BRDA:442,51,0,0
BRDA:442,51,1,0
BRDA:442,52,0,0
BRDA:442,52,1,0
BRDA:442,53,0,0
BRDA:442,53,1,0
BRDA:443,54,0,0
BRDA:443,54,1,0
BRDA:443,55,0,0
BRDA:443,55,1,0
BRDA:443,56,0,0
BRDA:443,56,1,0
BRDA:444,57,0,0
BRDA:444,57,1,0
BRDA:444,58,0,0
BRDA:444,58,1,0
BRDA:444,59,0,0
BRDA:444,59,1,0
BRDA:445,60,0,0
BRDA:445,60,1,0
BRDA:449,61,0,0
BRDA:449,61,1,0
BRDA:453,62,0,0
BRDA:453,62,1,0
BRDA:454,63,0,0
BRDA:454,63,1,0
BRDA:465,64,0,0
BRDA:465,64,1,0
BRDA:467,65,0,0
BRDA:467,65,1,0
BRDA:468,66,0,0
BRDA:468,66,1,0
BRDA:469,67,0,0
BRDA:469,67,1,0
BRDA:475,68,0,0
BRDA:475,68,1,0
BRDA:478,69,0,0
BRDA:478,69,1,0
BRDA:481,70,0,0
BRDA:481,70,1,0
BRDA:484,71,0,0
BRDA:484,71,1,0
BRDA:504,72,0,0
BRDA:504,72,1,0
BRDA:514,73,0,0
BRDA:514,73,1,0
BRDA:515,74,0,0
BRDA:515,74,1,0
BRDA:521,75,0,0
BRDA:521,75,1,0
BRDA:522,76,0,0
BRDA:522,76,1,0
BRDA:525,77,0,0
BRDA:525,77,1,0
BRDA:525,77,2,0
BRDA:525,77,3,0
BRDA:527,78,0,0
BRDA:527,78,1,0
BRDA:527,79,0,0
BRDA:527,79,1,0
BRDA:529,80,0,0
BRDA:529,80,1,0
BRDA:529,80,2,0
BRDA:530,81,0,0
BRDA:530,81,1,0
BRDA:530,81,2,0
BRDA:533,82,0,0
BRDA:533,82,1,0
BRDA:533,83,0,0
BRDA:533,83,1,0
BRDA:535,84,0,0
BRDA:535,84,1,0
BRDA:535,85,0,0
BRDA:535,85,1,0
BRDA:554,86,0,0
BRDA:554,86,1,0
BRDA:555,87,0,0
BRDA:555,87,1,0
BRDA:556,88,0,0
BRDA:556,88,1,0
BRDA:571,89,0,0
BRDA:571,89,1,0
BRDA:571,90,0,0
BRDA:571,90,1,0
BRDA:575,91,0,0
BRDA:581,92,0,0
BRDA:581,93,0,0
BRDA:581,93,1,0
BRDA:590,94,0,0
BRDA:590,94,1,0
BRDA:591,95,0,0
BRDA:592,96,0,0
BRDA:593,97,0,0
BRDA:598,98,0,0
BRDA:598,98,1,0
BRDA:599,99,0,0
BRDA:600,100,0,0
BRDA:605,101,0,0
BRDA:606,102,0,0
BRDA:607,103,0,0
BRDA:608,104,0,0
BRDA:609,105,0,0
BRDA:610,106,0,0
BRDA:616,107,0,0
BRDA:616,107,1,0
BRDA:617,108,0,0
BRDA:618,109,0,0
BRDA:619,110,0,0
BRDA:624,111,0,0
BRDA:624,111,1,0
BRDA:627,112,0,0
BRDA:627,112,1,0
BRDA:627,112,2,0
BRDA:628,113,0,0
BRDA:641,114,0,0
BRDA:641,114,1,0
BRDA:657,115,0,0
BRDA:657,115,1,0
BRDA:657,115,2,0
BRDA:657,115,3,0
BRDA:660,116,0,0
BRDA:660,116,1,0
BRDA:666,117,0,0
BRDA:666,117,1,0
BRDA:672,118,0,0
BRDA:672,118,1,0
BRDA:678,119,0,0
BRDA:678,119,1,0
BRDA:687,120,0,0
BRDA:687,120,1,0
BRDA:689,121,0,0
BRDA:689,121,1,0
BRDA:698,122,0,0
BRDA:698,122,1,0
BRDA:704,123,0,0
BRDA:704,123,1,0
BRDA:712,124,0,0
BRDA:712,124,1,0
BRDA:713,125,0,0
BRDA:713,125,1,0
BRDA:714,126,0,0
BRDA:714,126,1,0
BRDA:725,127,0,0
BRDA:725,127,1,0
BRDA:726,128,0,0
BRDA:726,128,1,0
BRDA:727,129,0,0
BRDA:727,129,1,0
BRDA:739,130,0,0
BRDA:739,130,1,0
BRDA:747,131,0,0
BRF:243
BRH:0
end_of_record
TN:
SF:src/tools/create_implementation_plan.ts
FN:93,createImplementationPlan
FN:117,(anonymous_1)
FN:145,(anonymous_2)
FN:227,(anonymous_3)
FN:229,(anonymous_4)
FN:251,sortItemsByStrategy
FN:261,(anonymous_6)
FN:266,(anonymous_7)
FN:277,(anonymous_8)
FN:279,(anonymous_9)
FN:290,(anonymous_10)
FN:304,calculateBalancedScore
FN:318,(anonymous_12)
FN:331,calculatePhases
FN:369,(anonymous_14)
FN:373,(anonymous_15)
FN:374,(anonymous_16)
FN:435,getPhaseName
FN:452,estimateItemEffort
FN:482,generateMilestones
FN:532,calculateResourceAllocation
FN:566,generateRecommendations
FN:594,(anonymous_22)
FN:611,(anonymous_23)
FN:636,createErrorResult
FNF:25
FNH:0
FNDA:0,createImplementationPlan
FNDA:0,(anonymous_1)
FNDA:0,(anonymous_2)
FNDA:0,(anonymous_3)
FNDA:0,(anonymous_4)
FNDA:0,sortItemsByStrategy
FNDA:0,(anonymous_6)
FNDA:0,(anonymous_7)
FNDA:0,(anonymous_8)
FNDA:0,(anonymous_9)
FNDA:0,(anonymous_10)
FNDA:0,calculateBalancedScore
FNDA:0,(anonymous_12)
FNDA:0,calculatePhases
FNDA:0,(anonymous_14)
FNDA:0,(anonymous_15)
FNDA:0,(anonymous_16)
FNDA:0,getPhaseName
FNDA:0,estimateItemEffort
FNDA:0,generateMilestones
FNDA:0,calculateResourceAllocation
FNDA:0,generateRecommendations
FNDA:0,(anonymous_22)
FNDA:0,(anonymous_23)
FNDA:0,createErrorResult
DA:5,0
DA:6,0
DA:7,0
DA:8,0
DA:9,0
DA:12,0
DA:93,0
DA:94,0
DA:95,0
DA:97,0
DA:99,0
DA:100,0
DA:104,0
DA:106,0
DA:107,0
DA:111,0
DA:112,0
DA:113,0
DA:117,0
DA:118,0
DA:123,0
DA:124,0
DA:128,0
DA:135,0
DA:144,0
DA:145,0
DA:149,0
DA:152,0
DA:157,0
DA:163,0
DA:171,0
DA:172,0
DA:175,0
DA:189,0
DA:190,0
DA:202,0
DA:203,0
DA:216,0
DA:227,0
DA:229,0
DA:241,0
DA:242,0
DA:256,0
DA:258,0
DA:261,0
DA:262,0
DA:266,0
DA:267,0
DA:268,0
DA:269,0
DA:271,0
DA:275,0
DA:276,0
DA:277,0
DA:279,0
DA:280,0
DA:281,0
DA:282,0
DA:285,0
DA:290,0
DA:291,0
DA:292,0
DA:293,0
DA:295,0
DA:298,0
DA:305,0
DA:306,0
DA:307,0
DA:309,0
DA:310,0
DA:311,0
DA:313,0
DA:316,0
DA:317,0
DA:318,0
DA:320,0
DA:321,0
DA:325,0
DA:338,0
DA:339,0
DA:340,0
DA:341,0
DA:344,0
DA:345,0
DA:360,0
DA:362,0
DA:364,0
DA:366,0
DA:368,0
DA:369,0
DA:372,0
DA:373,0
DA:374,0
DA:376,0
DA:377,0
DA:383,0
DA:384,0
DA:385,0
DA:386,0
DA:388,0
DA:389,0
DA:400,0
DA:401,0
DA:402,0
DA:405,0
DA:409,0
DA:410,0
DA:411,0
DA:412,0
DA:414,0
DA:425,0
DA:429,0
DA:436,0
DA:437,0
DA:438,0
DA:439,0
DA:440,0
DA:441,0
DA:442,0
DA:443,0
DA:445,0
DA:453,0
DA:460,0
DA:461,0
DA:464,0
DA:465,0
DA:474,0
DA:476,0
DA:483,0
DA:486,0
DA:487,0
DA:500,0
DA:501,0
DA:502,0
DA:515,0
DA:526,0
DA:536,0
DA:537,0
DA:539,0
DA:540,0
DA:542,0
DA:543,0
DA:545,0
DA:546,0
DA:547,0
DA:548,0
DA:549,0
DA:552,0
DA:560,0
DA:572,0
DA:580,0
DA:581,0
DA:586,0
DA:587,0
DA:588,0
DA:594,0
DA:595,0
DA:596,0
DA:599,0
DA:605,0
DA:606,0
DA:611,0
DA:612,0
DA:618,0
DA:624,0
DA:625,0
DA:630,0
DA:637,0
LF:168
LH:0
BRDA:99,0,0,0
BRDA:106,1,0,0
BRDA:106,2,0,0
BRDA:106,2,1,0
BRDA:111,3,0,0
BRDA:111,3,1,0
BRDA:112,4,0,0
BRDA:118,5,0,0
BRDA:118,5,1,0
BRDA:123,6,0,0
BRDA:152,7,0,0
BRDA:152,7,1,0
BRDA:172,8,0,0
BRDA:172,8,1,0
BRDA:226,9,0,0
BRDA:226,9,1,0
BRDA:229,10,0,0
BRDA:229,10,1,0
BRDA:243,11,0,0
BRDA:243,11,1,0
BRDA:258,12,0,0
BRDA:258,12,1,0
BRDA:258,12,2,0
BRDA:258,12,3,0
BRDA:258,12,4,0
BRDA:261,13,0,0
BRDA:261,13,1,0
BRDA:261,14,0,0
BRDA:261,14,1,0
BRDA:267,15,0,0
BRDA:267,15,1,0
BRDA:267,16,0,0
BRDA:267,16,1,0
BRDA:268,17,0,0
BRDA:269,18,0,0
BRDA:269,18,1,0
BRDA:269,19,0,0
BRDA:269,19,1,0
BRDA:275,20,0,0
BRDA:280,21,0,0
BRDA:280,21,1,0
BRDA:281,22,0,0
BRDA:281,22,1,0
BRDA:309,23,0,0
BRDA:309,23,1,0
BRDA:310,24,0,0
BRDA:310,24,1,0
BRDA:311,25,0,0
BRDA:311,25,1,0
BRDA:316,26,0,0
BRDA:320,27,0,0
BRDA:366,28,0,0
BRDA:376,29,0,0
BRDA:385,30,0,0
BRDA:388,31,0,0
BRDA:392,32,0,0
BRDA:392,32,1,0
BRDA:393,33,0,0
BRDA:393,33,1,0
BRDA:395,34,0,0
BRDA:395,34,1,0
BRDA:409,35,0,0
BRDA:411,36,0,0
BRDA:417,37,0,0
BRDA:417,37,1,0
BRDA:418,38,0,0
BRDA:418,38,1,0
BRDA:420,39,0,0
BRDA:420,39,1,0
BRDA:436,40,0,0
BRDA:436,40,1,0
BRDA:438,41,0,0
BRDA:438,41,1,0
BRDA:440,42,0,0
BRDA:440,42,1,0
BRDA:442,43,0,0
BRDA:442,43,1,0
BRDA:460,44,0,0
BRDA:460,44,1,0
BRDA:460,44,2,0
BRDA:461,45,0,0
BRDA:461,45,1,0
BRDA:474,46,0,0
BRDA:474,46,1,0
BRDA:486,47,0,0
BRDA:489,48,0,0
BRDA:489,48,1,0
BRDA:501,49,0,0
BRDA:501,50,0,0
BRDA:501,50,1,0
BRDA:504,51,0,0
BRDA:504,51,1,0
BRDA:546,52,0,0
BRDA:546,52,1,0
BRDA:548,53,0,0
BRDA:580,54,0,0
BRDA:586,55,0,0
BRDA:595,56,0,0
BRDA:605,57,0,0
BRDA:611,58,0,0
BRDA:624,59,0,0
BRF:101
BRH:0
end_of_record
TN:
SF:src/tools/create_profile.ts
FN:38,createProfile
FN:54,(anonymous_1)
FN:138,generateOrgId
FN:154,generateProfileId
FN:162,initializeBaselineAssessments
FN:208,getImplementationLevel
FN:218,capitalize
FNF:7
FNH:1
FNDA:15,createProfile
FNDA:0,(anonymous_1)
FNDA:0,generateOrgId
FNDA:0,generateProfileId
FNDA:0,initializeBaselineAssessments
FNDA:0,getImplementationLevel
FNDA:0,capitalize
DA:5,1
DA:6,1
DA:7,1
DA:10,1
DA:38,1
DA:39,15
DA:41,15
DA:43,15
DA:44,0
DA:47,0
DA:48,0
DA:51,0
DA:54,0
DA:56,0
DA:58,0
DA:60,0
DA:63,0
DA:71,0
DA:75,0
DA:83,0
DA:86,0
DA:87,0
DA:90,0
DA:97,0
DA:98,0
DA:100,0
DA:112,15
DA:115,15
DA:116,15
DA:117,0
DA:126,15
DA:140,0
DA:147,0
DA:148,0
DA:155,0
DA:156,0
DA:164,0
DA:173,0
DA:177,0
DA:186,0
DA:187,0
DA:188,0
DA:190,0
DA:201,0
DA:202,0
DA:209,0
DA:210,0
DA:211,0
DA:212,0
DA:219,0
DA:220,0
LF:51
LH:12
BRDA:44,0,0,0
BRDA:44,0,1,0
BRDA:51,1,0,0
BRDA:51,1,1,0
BRDA:58,2,0,0
BRDA:58,2,1,0
BRDA:80,3,0,0
BRDA:80,3,1,0
BRDA:86,4,0,0
BRDA:115,5,0,15
BRDA:116,6,0,0
BRDA:130,7,0,15
BRDA:130,7,1,0
BRDA:188,8,0,0
BRDA:188,8,1,0
BRDA:209,9,0,0
BRDA:210,10,0,0
BRDA:211,11,0,0
BRDA:219,12,0,0
BRDA:219,13,0,0
BRDA:219,13,1,0
BRF:21
BRH:2
end_of_record
TN:
SF:src/tools/csf_lookup.ts
FN:32,csfLookup
FN:145,lookupFunctions
FN:171,lookupCategories
FN:197,lookupSubcategories
FN:223,extractFunctionId
FN:232,extractCategoryId
FNF:6
FNH:0
FNDA:0,csfLookup
FNDA:0,lookupFunctions
FNDA:0,lookupCategories
FNDA:0,lookupSubcategories
FNDA:0,extractFunctionId
FNDA:0,extractCategoryId
DA:5,0
DA:6,0
DA:7,0
DA:11,0
DA:32,0
DA:33,0
DA:34,0
DA:36,0
DA:37,0
DA:40,0
DA:43,0
DA:44,0
DA:46,0
DA:47,0
DA:52,0
DA:53,0
DA:54,0
DA:58,0
DA:59,0
DA:63,0
DA:64,0
DA:67,0
DA:71,0
DA:72,0
DA:74,0
DA:75,0
DA:80,0
DA:81,0
DA:82,0
DA:86,0
DA:89,0
DA:90,0
DA:93,0
DA:97,0
DA:98,0
DA:100,0
DA:101,0
DA:106,0
DA:109,0
DA:110,0
DA:113,0
DA:118,0
DA:119,0
DA:120,0
DA:127,0
DA:134,0
DA:135,0
DA:146,0
DA:147,0
DA:150,0
DA:151,0
DA:152,0
DA:156,0
DA:157,0
DA:158,0
DA:161,0
DA:165,0
DA:172,0
DA:173,0
DA:176,0
DA:177,0
DA:178,0
DA:182,0
DA:183,0
DA:184,0
DA:187,0
DA:191,0
DA:198,0
DA:199,0
DA:202,0
DA:203,0
DA:204,0
DA:208,0
DA:209,0
DA:210,0
DA:213,0
DA:217,0
DA:225,0
DA:226,0
DA:234,0
DA:235,0
LF:81
LH:0
BRDA:36,0,0,0
BRDA:43,1,0,0
BRDA:43,1,1,0
BRDA:53,2,0,0
BRDA:58,3,0,0
BRDA:63,4,0,0
BRDA:71,5,0,0
BRDA:71,5,1,0
BRDA:81,6,0,0
BRDA:89,7,0,0
BRDA:97,8,0,0
BRDA:97,8,1,0
BRDA:109,9,0,0
BRDA:137,10,0,0
BRDA:137,10,1,0
BRDA:151,11,0,0
BRDA:158,12,0,0
BRDA:158,13,0,0
BRDA:158,13,1,0
BRDA:158,13,2,0
BRDA:177,14,0,0
BRDA:184,15,0,0
BRDA:184,16,0,0
BRDA:184,16,1,0
BRDA:184,16,2,0
BRDA:203,17,0,0
BRDA:210,18,0,0
BRDA:210,19,0,0
BRDA:210,19,1,0
BRDA:210,19,2,0
BRDA:226,20,0,0
BRDA:226,20,1,0
BRDA:235,21,0,0
BRDA:235,21,1,0
BRF:34
BRH:0
end_of_record
TN:
SF:src/tools/estimate_implementation_cost.ts
FN:179,estimateImplementationCost
FN:273,(anonymous_1)
FN:295,calculateSubcategoryCost
FN:357,calculateRiskFactor
FN:376,calculateCostSummary
FN:380,(anonymous_5)
FN:381,(anonymous_6)
FN:382,(anonymous_7)
FN:383,(anonymous_8)
FN:420,calculateCostByFunction
FN:422,(anonymous_10)
FN:449,(anonymous_11)
FN:457,generateCostBreakdown
FN:463,(anonymous_13)
FN:466,(anonymous_14)
FN:473,(anonymous_15)
FN:506,(anonymous_16)
FN:507,(anonymous_17)
FN:546,(anonymous_18)
FN:563,calculateRiskAdjustedCosts
FN:589,calculateOngoingCosts
FN:593,(anonymous_21)
FN:605,(anonymous_22)
FN:609,(anonymous_23)
FN:632,generateOptimizationRecommendations
FN:643,(anonymous_25)
FN:654,(anonymous_26)
FN:692,getFunctionName
FN:707,createErrorResult
FNF:29
FNH:0
FNDA:0,estimateImplementationCost
FNDA:0,(anonymous_1)
FNDA:0,calculateSubcategoryCost
FNDA:0,calculateRiskFactor
FNDA:0,calculateCostSummary
FNDA:0,(anonymous_5)
FNDA:0,(anonymous_6)
FNDA:0,(anonymous_7)
FNDA:0,(anonymous_8)
FNDA:0,calculateCostByFunction
FNDA:0,(anonymous_10)
FNDA:0,(anonymous_11)
FNDA:0,generateCostBreakdown
FNDA:0,(anonymous_13)
FNDA:0,(anonymous_14)
FNDA:0,(anonymous_15)
FNDA:0,(anonymous_16)
FNDA:0,(anonymous_17)
FNDA:0,(anonymous_18)
FNDA:0,calculateRiskAdjustedCosts
FNDA:0,calculateOngoingCosts
FNDA:0,(anonymous_21)
FNDA:0,(anonymous_22)
FNDA:0,(anonymous_23)
FNDA:0,generateOptimizationRecommendations
FNDA:0,(anonymous_25)
FNDA:0,(anonymous_26)
FNDA:0,getFunctionName
FNDA:0,createErrorResult
DA:5,0
DA:6,0
DA:7,0
DA:8,0
DA:9,0
DA:12,0
DA:99,0
DA:131,0
DA:165,0
DA:179,0
DA:180,0
DA:181,0
DA:183,0
DA:185,0
DA:186,0
DA:190,0
DA:191,0
DA:194,0
DA:196,0
DA:198,0
DA:200,0
DA:202,0
DA:210,0
DA:222,0
DA:224,0
DA:240,0
DA:243,0
DA:246,0
DA:253,0
DA:258,0
DA:263,0
DA:268,0
DA:273,0
DA:285,0
DA:286,0
DA:301,0
DA:302,0
DA:303,0
DA:306,0
DA:309,0
DA:318,0
DA:321,0
DA:328,0
DA:331,0
DA:334,0
DA:335,0
DA:338,0
DA:341,0
DA:343,0
DA:345,0
DA:358,0
DA:361,0
DA:370,0
DA:380,0
DA:381,0
DA:382,0
DA:383,0
DA:385,0
DA:386,0
DA:388,0
DA:391,0
DA:392,0
DA:393,0
DA:394,0
DA:395,0
DA:396,0
DA:401,0
DA:403,0
DA:405,0
DA:421,0
DA:422,0
DA:424,0
DA:425,0
DA:427,0
DA:428,0
DA:436,0
DA:437,0
DA:438,0
DA:441,0
DA:444,0
DA:445,0
DA:449,0
DA:451,0
DA:462,0
DA:463,0
DA:466,0
DA:473,0
DA:475,0
DA:485,0
DA:486,0
DA:488,0
DA:489,0
DA:490,0
DA:491,0
DA:492,0
DA:493,0
DA:494,0
DA:501,0
DA:506,0
DA:507,0
DA:508,0
DA:511,0
DA:521,0
DA:525,0
DA:546,0
DA:548,0
DA:557,0
DA:565,0
DA:566,0
DA:567,0
DA:570,0
DA:576,0
DA:578,0
DA:593,0
DA:596,0
DA:597,0
DA:598,0
DA:599,0
DA:600,0
DA:605,0
DA:606,0
DA:609,0
DA:610,0
DA:613,0
DA:616,0
DA:618,0
DA:620,0
DA:636,0
DA:643,0
DA:645,0
DA:646,0
DA:654,0
DA:655,0
DA:656,0
DA:664,0
DA:665,0
DA:666,0
DA:669,0
DA:670,0
DA:671,0
DA:679,0
DA:680,0
DA:686,0
DA:693,0
DA:701,0
DA:708,0
LF:146
LH:0
BRDA:185,0,0,0
BRDA:191,1,0,0
BRDA:191,1,1,0
BRDA:200,2,0,0
BRDA:226,3,0,0
BRDA:226,3,1,0
BRDA:226,4,0,0
BRDA:226,4,1,0
BRDA:234,5,0,0
BRDA:234,5,1,0
BRDA:253,6,0,0
BRDA:253,6,1,0
BRDA:258,7,0,0
BRDA:258,7,1,0
BRDA:287,8,0,0
BRDA:287,8,1,0
BRDA:303,9,0,0
BRDA:303,9,1,0
BRDA:318,10,0,0
BRDA:318,10,1,0
BRDA:328,11,0,0
BRDA:328,11,1,0
BRDA:334,12,0,0
BRDA:334,12,1,0
BRDA:338,13,0,0
BRDA:338,13,1,0
BRDA:339,14,0,0
BRDA:339,14,1,0
BRDA:340,15,0,0
BRDA:340,15,1,0
BRDA:370,16,0,0
BRDA:370,16,1,0
BRDA:386,17,0,0
BRDA:386,17,1,0
BRDA:395,18,0,0
BRDA:427,19,0,0
BRDA:490,20,0,0
BRDA:492,21,0,0
BRDA:508,22,0,0
BRDA:508,22,1,0
BRDA:521,23,0,0
BRDA:521,23,1,0
BRDA:522,24,0,0
BRDA:522,24,1,0
BRDA:523,25,0,0
BRDA:523,25,1,0
BRDA:599,26,0,0
BRDA:613,27,0,0
BRDA:613,27,1,0
BRDA:614,28,0,0
BRDA:614,28,1,0
BRDA:615,29,0,0
BRDA:615,29,1,0
BRDA:645,30,0,0
BRDA:645,31,0,0
BRDA:645,31,1,0
BRDA:655,32,0,0
BRDA:666,33,0,0
BRDA:666,33,1,0
BRDA:670,34,0,0
BRDA:679,35,0,0
BRDA:701,36,0,0
BRDA:701,36,1,0
BRF:63
BRH:0
end_of_record
TN:
SF:src/tools/export_data.ts
FN:32,exportData
FN:168,convertToCSV
FN:175,(anonymous_11)
FN:185,(anonymous_12)
FN:197,(anonymous_13)
FN:209,(anonymous_14)
FN:221,(anonymous_15)
FN:231,convertToExcelCSV
FN:292,(anonymous_17)
FNF:9
FNH:0
FNDA:0,exportData
FNDA:0,convertToCSV
FNDA:0,(anonymous_11)
FNDA:0,(anonymous_12)
FNDA:0,(anonymous_13)
FNDA:0,(anonymous_14)
FNDA:0,(anonymous_15)
FNDA:0,convertToExcelCSV
FNDA:0,(anonymous_17)
DA:2,1
DA:3,1
DA:4,1
DA:32,1
DA:36,0
DA:38,0
DA:40,0
DA:41,0
DA:45,0
DA:46,0
DA:47,0
DA:48,0
DA:49,0
DA:52,0
DA:62,0
DA:63,0
DA:65,0
DA:66,0
DA:67,0
DA:68,0
DA:71,0
DA:72,0
DA:73,0
DA:74,0
DA:77,0
DA:78,0
DA:79,0
DA:80,0
DA:83,0
DA:84,0
DA:85,0
DA:86,0
DA:93,0
DA:95,0
DA:96,0
DA:97,0
DA:100,0
DA:101,0
DA:102,0
DA:106,0
DA:107,0
DA:108,0
DA:111,0
DA:115,0
DA:128,0
DA:130,0
DA:133,0
DA:134,0
DA:135,0
DA:138,0
DA:139,0
DA:141,0
DA:142,0
DA:146,0
DA:147,0
DA:150,0
DA:152,0
DA:153,0
DA:169,0
DA:172,0
DA:173,0
DA:174,0
DA:175,0
DA:176,0
DA:179,0
DA:182,0
DA:183,0
DA:184,0
DA:185,0
DA:186,0
DA:190,0
DA:194,0
DA:195,0
DA:196,0
DA:197,0
DA:198,0
DA:202,0
DA:206,0
DA:207,0
DA:208,0
DA:209,0
DA:210,0
DA:214,0
DA:218,0
DA:219,0
DA:220,0
DA:221,0
DA:222,0
DA:228,0
DA:234,0
DA:235,0
DA:238,0
DA:242,0
DA:245,1
DA:293,0
LF:95
LH:5
BRDA:40,0,0,0
BRDA:45,1,0,0
BRDA:45,1,1,0
BRDA:46,2,0,0
BRDA:46,2,1,0
BRDA:47,3,0,0
BRDA:47,3,1,0
BRDA:48,4,0,0
BRDA:48,4,1,0
BRDA:49,5,0,0
BRDA:49,5,1,0
BRDA:65,6,0,0
BRDA:71,7,0,0
BRDA:77,8,0,0
BRDA:83,9,0,0
BRDA:93,10,0,0
BRDA:93,10,1,0
BRDA:93,10,2,0
BRDA:93,10,3,0
BRDA:128,11,0,0
BRDA:128,11,1,0
BRDA:133,12,0,0
BRDA:133,12,1,0
BRDA:134,13,0,0
BRDA:146,14,0,0
BRDA:156,15,0,0
BRDA:156,15,1,0
BRDA:174,16,0,0
BRDA:182,17,0,0
BRDA:182,18,0,0
BRDA:182,18,1,0
BRDA:187,19,0,0
BRDA:187,19,1,0
BRDA:187,20,0,0
BRDA:187,20,1,0
BRDA:187,21,0,0
BRDA:187,21,1,0
BRDA:187,22,0,0
BRDA:187,22,1,0
BRDA:187,23,0,0
BRDA:187,23,1,0
BRDA:194,24,0,0
BRDA:194,25,0,0
BRDA:194,25,1,0
BRDA:199,26,0,0
BRDA:199,26,1,0
BRDA:199,27,0,0
BRDA:199,27,1,0
BRDA:199,28,0,0
BRDA:199,28,1,0
BRDA:199,29,0,0
BRDA:199,29,1,0
BRDA:199,30,0,0
BRDA:199,30,1,0
BRDA:199,31,0,0
BRDA:199,31,1,0
BRDA:206,32,0,0
BRDA:206,33,0,0
BRDA:206,33,1,0
BRDA:211,34,0,0
BRDA:211,34,1,0
BRDA:211,35,0,0
BRDA:211,35,1,0
BRDA:211,36,0,0
BRDA:211,36,1,0
BRDA:218,37,0,0
BRDA:218,38,0,0
BRDA:218,38,1,0
BRDA:223,39,0,0
BRDA:223,39,1,0
BRDA:223,40,0,0
BRDA:223,40,1,0
BRDA:223,41,0,0
BRDA:223,41,1,0
BRDA:223,42,0,0
BRDA:223,42,1,0
BRF:76
BRH:0
end_of_record
TN:
SF:src/tools/generate_audit_report.ts
FN:144,validateParams
FN:184,generateAuditReport
FN:307,generateEvidenceSummary
FN:319,(anonymous_3)
FN:320,(anonymous_4)
FN:323,(anonymous_5)
FN:344,generateFindings
FN:357,(anonymous_7)
FN:387,generateRecommendations
FN:414,generateControlTesting
FN:447,generateExceptionAnalysis
FN:459,generateManagementLetter
FN:475,generateCertificationStatus
FN:490,generateRiskMatrix
FN:511,generateControlEffectiveness
FN:524,generateAuditTrailSummary
FN:564,generateEvidenceValidation
FN:598,generateCompletenessAssessment
FNF:18
FNH:0
FNDA:0,validateParams
FNDA:0,generateAuditReport
FNDA:0,generateEvidenceSummary
FNDA:0,(anonymous_3)
FNDA:0,(anonymous_4)
FNDA:0,(anonymous_5)
FNDA:0,generateFindings
FNDA:0,(anonymous_7)
FNDA:0,generateRecommendations
FNDA:0,generateControlTesting
FNDA:0,generateExceptionAnalysis
FNDA:0,generateManagementLetter
FNDA:0,generateCertificationStatus
FNDA:0,generateRiskMatrix
FNDA:0,generateControlEffectiveness
FNDA:0,generateAuditTrailSummary
FNDA:0,generateEvidenceValidation
FNDA:0,generateCompletenessAssessment
DA:7,1
DA:8,1
DA:145,0
DA:147,0
DA:148,0
DA:150,0
DA:151,0
DA:152,0
DA:156,0
DA:157,0
DA:158,0
DA:159,0
DA:164,0
DA:165,0
DA:166,0
DA:167,0
DA:172,0
DA:173,0
DA:177,0
DA:178,0
DA:181,0
DA:185,0
DA:187,0
DA:188,0
DA:189,0
DA:197,0
DA:198,0
DA:199,0
DA:206,0
DA:207,0
DA:211,0
DA:212,0
DA:216,0
DA:219,0
DA:225,0
DA:226,0
DA:229,0
DA:230,0
DA:233,0
DA:234,0
DA:237,0
DA:238,0
DA:241,0
DA:242,0
DA:245,0
DA:246,0
DA:249,0
DA:250,0
DA:253,0
DA:254,0
DA:257,0
DA:258,0
DA:261,0
DA:267,0
DA:298,0
DA:299,0
DA:308,0
DA:309,0
DA:319,0
DA:320,0
DA:322,0
DA:323,0
DA:324,0
DA:327,0
DA:335,0
DA:346,0
DA:348,0
DA:349,0
DA:357,0
DA:358,0
DA:372,0
DA:384,0
DA:388,0
DA:411,0
DA:415,0
DA:416,0
[...]
FN:231,queryAuditTrail
FN:243,(anonymous_4)
FN:283,(anonymous_5)
FNF:6
FNH:0
FNDA:0,validateParams
FNDA:0,sanitizeInput
FNDA:0,trackAuditTrail
FNDA:0,queryAuditTrail
FNDA:0,(anonymous_4)
FNDA:0,(anonymous_5)
DA:7,0
DA:8,0
DA:70,0
DA:72,0
DA:74,0
DA:75,0
DA:76,0
DA:79,0
DA:80,0
DA:81,0
DA:86,0
DA:87,0
DA:88,0
DA:89,0
DA:93,0
DA:97,0
DA:99,0
DA:110,0
DA:111,0
DA:112,0
DA:113,0
DA:115,0
DA:118,0
DA:122,0
DA:124,0
DA:125,0
DA:126,0
DA:134,0
DA:135,0
DA:139,0
DA:140,0
DA:143,0
DA:144,0
DA:145,0
DA:146,0
DA:147,0
DA:150,0
DA:159,0
DA:181,0
DA:182,0
DA:189,0
DA:196,0
DA:222,0
DA:223,0
DA:232,0
DA:233,0
DA:234,0
DA:237,0
DA:238,0
DA:239,0
DA:242,0
DA:243,0
DA:244,0
DA:245,0
DA:248,0
DA:249,0
DA:250,0
DA:253,0
DA:254,0
DA:255,0
DA:256,0
DA:258,0
DA:259,0
DA:260,0
DA:265,0
DA:266,0
DA:269,0
DA:270,0
DA:271,0
DA:275,0
DA:276,0
DA:277,0
DA:280,0
DA:283,0
DA:291,0
DA:298,0
DA:299,0
DA:307,0
DA:400,0
LF:79
LH:0
BRDA:72,0,0,0
BRDA:74,1,0,0
BRDA:75,2,0,0
BRDA:76,3,0,0
BRDA:80,4,0,0
BRDA:80,5,0,0
BRDA:80,5,1,0
BRDA:86,6,0,0
BRDA:88,7,0,0
BRDA:88,8,0,0
BRDA:88,8,1,0
BRDA:88,8,2,0
BRDA:97,9,0,0
BRDA:110,10,0,0
BRDA:110,11,0,0
BRDA:110,11,1,0
BRDA:125,12,0,0
BRDA:134,13,0,0
BRDA:161,14,0,0
BRDA:161,14,1,0
BRDA:164,15,0,0
BRDA:164,15,1,0
BRDA:166,16,0,0
BRDA:166,16,1,0
BRDA:167,17,0,0
BRDA:167,17,1,0
BRDA:168,18,0,0
BRDA:168,18,1,0
BRDA:169,19,0,0
BRDA:169,19,1,0
BRDA:170,20,0,0
BRDA:170,20,1,0
BRDA:171,21,0,0
BRDA:171,21,1,0
BRDA:172,22,0,0
BRDA:172,22,1,0
BRDA:173,23,0,0
BRDA:173,23,1,0
BRDA:174,24,0,0
BRDA:174,24,1,0
BRDA:175,25,0,0
BRDA:175,25,1,0
BRDA:176,26,0,0
BRDA:176,26,1,0
BRDA:181,27,0,0
BRDA:237,28,0,0
BRDA:242,29,0,0
BRDA:242,30,0,0
BRDA:242,30,1,0
BRDA:248,31,0,0
BRDA:253,32,0,0
BRDA:254,33,0,0
BRDA:258,34,0,0
BRDA:265,35,0,0
BRDA:265,35,1,0
BRDA:269,36,0,0
BRDA:277,37,0,0
BRDA:277,37,1,0
BRDA:285,38,0,0
BRDA:285,38,1,0
BRDA:286,39,0,0
BRDA:286,39,1,0
BRDA:287,40,0,0
BRDA:287,40,1,0
BRDA:288,41,0,0
BRDA:288,41,1,0
BRF:66
BRH:0
end_of_record
TN:
SF:src/tools/track_progress.ts
FN:37,trackProgress
FN:86,(anonymous_1)
FN:101,(anonymous_2)
FN:171,(anonymous_3)
FNF:4
FNH:0
FNDA:0,trackProgress
FNDA:0,(anonymous_1)
FNDA:0,(anonymous_2)
FNDA:0,(anonymous_3)
DA:37,0
DA:42,0
DA:48,0
DA:50,0
DA:53,0
DA:55,0
DA:59,0
DA:74,0
DA:82,0
DA:85,0
DA:86,0
DA:89,0
DA:92,0
DA:101,0
DA:112,0
DA:114,0
DA:115,0
DA:119,0
DA:172,0
LF:19
LH:0
BRDA:53,0,0,0
BRDA:67,1,0,0
BRDA:67,1,1,0
BRDA:76,2,0,0
BRDA:76,2,1,0
BRDA:77,3,0,0
BRDA:77,3,1,0
BRDA:82,4,0,0
BRDA:82,4,1,0
BRDA:89,5,0,0
BRDA:89,5,1,0
BRDA:94,6,0,0
BRDA:94,6,1,0
BRDA:95,7,0,0
BRDA:95,7,1,0
BRDA:96,8,0,0
BRDA:96,8,1,0
BRDA:97,9,0,0
BRDA:97,9,1,0
BRDA:98,10,0,0
BRDA:98,10,1,0
BRDA:99,11,0,0
BRDA:99,11,1,0
BRDA:100,12,0,0
BRDA:100,12,1,0
BRDA:103,13,0,0
BRDA:103,13,1,0
BRDA:107,14,0,0
BRDA:107,14,1,0
BRDA:115,15,0,0
BRDA:115,15,1,0
BRF:31
BRH:0
end_of_record
TN:
SF:src/tools/upload_evidence.ts
FN:51,validateParams
FN:90,sanitizeInput
FN:101,uploadEvidence
FNF:3
FNH:0
FNDA:0,validateParams
FNDA:0,sanitizeInput
FNDA:0,uploadEvidence
DA:7,1
DA:8,1
DA:52,0
DA:55,0
DA:56,0
DA:57,0
DA:58,0
DA:59,0
DA:62,0
DA:63,0
DA:64,0
DA:68,0
DA:69,0
DA:73,0
DA:74,0
DA:78,0
DA:79,0
DA:83,0
DA:84,0
DA:87,0
DA:91,0
DA:94,0
DA:102,0
DA:104,0
DA:105,0
DA:106,0
DA:107,0
DA:112,0
DA:114,0
DA:121,0
DA:122,0
DA:123,0
DA:131,0
DA:132,0
DA:133,0
DA:141,0
DA:142,0
DA:145,0
DA:146,0
DA:147,0
DA:150,0
DA:151,0
DA:152,0
DA:155,0
DA:163,0
DA:181,0
DA:182,0
DA:189,0
DA:195,0
DA:217,0
DA:218,0
DA:226,1
DA:295,1
LF:53
LH:4
BRDA:55,0,0,0
BRDA:56,1,0,0
BRDA:57,2,0,0
BRDA:58,3,0,0
BRDA:59,4,0,0
BRDA:63,5,0,0
BRDA:63,6,0,0
BRDA:63,6,1,0
BRDA:68,7,0,0
BRDA:68,8,0,0
BRDA:68,8,1,0
BRDA:73,9,0,0
BRDA:73,10,0,0
BRDA:73,10,1,0
BRDA:73,10,2,0
BRDA:78,11,0,0
BRDA:78,12,0,0
BRDA:78,12,1,0
BRDA:78,12,2,0
BRDA:78,12,3,0
BRDA:83,13,0,0
BRDA:83,14,0,0
BRDA:83,14,1,0
BRDA:91,15,0,0
BRDA:104,16,0,0
BRDA:104,17,0,0
BRDA:104,17,1,0
BRDA:122,18,0,0
BRDA:132,19,0,0
BRDA:146,20,0,0
BRDA:146,20,1,0
BRDA:147,21,0,0
BRDA:147,21,1,0
BRDA:150,22,0,0
BRDA:150,22,1,0
BRDA:151,23,0,0
BRDA:151,23,1,0
BRDA:152,24,0,0
BRDA:152,24,1,0
BRDA:170,25,0,0
BRDA:170,25,1,0
BRDA:177,26,0,0
BRDA:177,26,1,0
BRDA:181,27,0,0
BRF:44
BRH:0
end_of_record
TN:
SF:src/tools/validate_assessment_responses.ts
FN:49,validateAssessmentResponses
FN:91,(anonymous_1)
FN:92,(anonymous_2)
FN:104,(anonymous_3)
FN:186,(anonymous_4)
FN:205,validateResponseValue
FN:206,(anonymous_6)
FN:233,isCriticalResponse
FN:245,checkConsistencyWithPrevious
FN:261,(anonymous_9)
FN:284,getProfile
FNF:11
FNH:0
FNDA:0,validateAssessmentResponses
FNDA:0,(anonymous_1)
FNDA:0,(anonymous_2)
FNDA:0,(anonymous_3)
FNDA:0,(anonymous_4)
FNDA:0,validateResponseValue
FNDA:0,(anonymous_6)
FNDA:0,isCriticalResponse
FNDA:0,checkConsistencyWithPrevious
FNDA:0,(anonymous_9)
FNDA:0,getProfile
DA:6,0
DA:7,0
DA:8,0
DA:9,0
DA:12,0
DA:29,0
DA:49,0
DA:50,0
DA:52,0
DA:54,0
DA:56,0
DA:64,0
DA:65,0
DA:66,0
DA:70,0
DA:75,0
DA:91,0
DA:92,0
DA:94,0
DA:95,0
DA:96,0
DA:98,0
DA:103,0
DA:104,0
DA:106,0
DA:107,0
DA:108,0
DA:112,0
DA:113,0
DA:114,0
DA:120,0
DA:123,0
DA:124,0
DA:126,0
DA:131,0
DA:132,0
DA:137,0
DA:138,0
DA:139,0
DA:143,0
DA:148,0
DA:153,0
DA:162,0
DA:172,0
DA:175,0
DA:176,0
DA:182,0
DA:183,0
DA:186,0
DA:194,0
DA:206,0
DA:208,0
DA:210,0
DA:211,0
DA:218,0
DA:219,0
DA:227,0
DA:235,0
DA:237,0
DA:246,0
DA:248,0
DA:250,0
DA:260,0
DA:261,0
DA:263,0
DA:264,0
DA:267,0
DA:268,0
DA:274,0
DA:275,0
DA:278,0
DA:285,0
DA:286,0
DA:292,0
DA:293,0
DA:294,0
DA:299,0
LF:77
LH:0
BRDA:49,0,0,0
BRDA:65,1,0,0
BRDA:95,2,0,0
BRDA:95,2,1,0
BRDA:106,3,0,0
BRDA:113,4,0,0
BRDA:113,4,1,0
BRDA:123,5,0,0
BRDA:123,5,1,0
BRDA:131,6,0,0
BRDA:131,7,0,0
BRDA:131,7,1,0
BRDA:131,7,2,0
BRDA:137,8,0,0
BRDA:149,9,0,0
BRDA:149,9,1,0
BRDA:149,9,2,0
BRDA:149,9,3,0
BRDA:175,10,0,0
BRDA:175,10,1,0
BRDA:182,11,0,0
BRDA:189,12,0,0
BRDA:189,12,1,0
BRDA:197,13,0,0
BRDA:197,13,1,0
BRDA:208,14,0,0
BRDA:208,15,0,0
BRDA:208,15,1,0
BRDA:210,16,0,0
BRDA:218,17,0,0
BRDA:237,18,0,0
BRDA:237,18,1,0
BRDA:237,18,2,0
BRDA:263,19,0,0
BRDA:263,20,0,0
BRDA:263,20,1,0
BRDA:267,21,0,0
BRDA:267,22,0,0
BRDA:267,22,1,0
BRDA:274,23,0,0
BRDA:274,23,1,0
BRDA:292,24,0,0
BRDA:292,24,1,0
BRF:43
BRH:0
end_of_record
TN:
SF:src/tools/validate_evidence.ts
FN:62,validateEvidence
FN:235,getFileType
FN:264,inferEvidenceType
FN:276,isFileTypeAllowed
FN:283,performAutoValidation
FN:338,updateCompletenessCheck
FN:359,generateRecommendations
FN:385,(anonymous_16)
FN:390,(anonymous_17)
FN:398,formatFileSize
FN:463,(anonymous_19)
FNF:11
FNH:0
FNDA:0,validateEvidence
FNDA:0,getFileType
FNDA:0,inferEvidenceType
FNDA:0,isFileTypeAllowed
FNDA:0,performAutoValidation
FNDA:0,updateCompletenessCheck
FNDA:0,generateRecommendations
FNDA:0,(anonymous_16)
FNDA:0,(anonymous_17)
FNDA:0,formatFileSize
FNDA:0,(anonymous_19)
DA:2,0
DA:3,0
DA:4,0
DA:52,0
DA:53,0
DA:62,0
DA:66,0
DA:87,0
DA:89,0
DA:90,0
DA:92,0
DA:93,0
DA:94,0
DA:95,0
DA:97,0
DA:98,0
DA:101,0
DA:102,0
DA:106,0
DA:107,0
DA:112,0
DA:114,0
DA:115,0
DA:119,0
DA:120,0
DA:123,0
DA:124,0
DA:128,0
DA:129,0
DA:130,0
DA:133,0
DA:134,0
DA:138,0
DA:139,0
DA:142,0
DA:161,0
DA:162,0
DA:168,0
DA:175,0
DA:179,0
DA:180,0
DA:181,0
DA:182,0
DA:184,0
DA:185,0
DA:186,0
DA:189,0
DA:195,0
DA:196,0
DA:197,0
DA:198,0
DA:199,0
DA:202,0
DA:206,0
DA:207,0
DA:208,0
DA:209,0
DA:210,0
DA:211,0
DA:212,0
DA:215,0
DA:221,0
DA:227,0
DA:228,0
DA:229,0
DA:232,0
DA:236,0
DA:261,0
DA:265,0
DA:267,0
DA:268,0
DA:269,0
DA:270,0
DA:271,0
DA:273,0
DA:277,0
DA:278,0
DA:279,0
DA:280,0
DA:288,0
DA:291,0
DA:292,0
DA:296,0
DA:298,0
DA:299,0
DA:301,0
DA:303,0
DA:304,0
DA:306,0
DA:308,0
DA:309,0
DA:311,0
DA:313,0
DA:314,0
DA:316,0
DA:320,0
DA:321,0
DA:322,0
DA:325,0
DA:326,0
DA:332,0
DA:342,0
DA:345,0
DA:346,0
DA:348,0
DA:349,0
DA:351,0
DA:352,0
DA:354,0
DA:355,0
DA:363,0
DA:365,0
DA:366,0
DA:369,0
DA:370,0
DA:373,0
DA:374,0
DA:377,0
DA:378,0
DA:381,0
DA:382,0
DA:385,0
DA:386,0
DA:387,0
DA:390,0
DA:391,0
DA:392,0
DA:395,0
DA:399,0
DA:400,0
DA:401,0
DA:402,0
DA:405,0
DA:464,0
LF:134
LH:0
BRDA:92,0,0,0
BRDA:92,1,0,0
BRDA:92,1,1,0
BRDA:94,2,0,0
BRDA:97,3,0,0
BRDA:97,3,1,0
BRDA:98,4,0,0
BRDA:98,4,1,0
BRDA:101,5,0,0
BRDA:101,6,0,0
BRDA:101,6,1,0
BRDA:114,7,0,0
BRDA:123,8,0,0
BRDA:130,9,0,0
BRDA:130,9,1,0
BRDA:133,10,0,0
BRDA:133,11,0,0
BRDA:133,11,1,0
BRDA:161,12,0,0
BRDA:196,13,0,0
BRDA:196,13,1,0
BRDA:208,14,0,0
BRDA:209,15,0,0
BRDA:210,16,0,0
BRDA:211,17,0,0
BRDA:221,18,0,0
BRDA:229,19,0,0
BRDA:229,19,1,0
BRDA:261,20,0,0
BRDA:261,20,1,0
BRDA:267,21,0,0
BRDA:268,22,0,0
BRDA:269,23,0,0
BRDA:270,24,0,0
BRDA:271,25,0,0
BRDA:278,26,0,0
BRDA:279,27,0,0
BRDA:291,28,0,0
BRDA:296,29,0,0
BRDA:296,29,1,0
BRDA:296,29,2,0
BRDA:296,29,3,0
BRDA:298,30,0,0
BRDA:303,31,0,0
BRDA:308,32,0,0
BRDA:313,33,0,0
BRDA:321,34,0,0
BRDA:325,35,0,0
BRDA:342,36,0,0
BRDA:342,36,1,0
BRDA:342,36,2,0
BRDA:342,36,3,0
BRDA:342,36,4,0
BRDA:365,37,0,0
BRDA:369,38,0,0
BRDA:373,39,0,0
BRDA:377,40,0,0
BRDA:381,41,0,0
BRDA:386,42,0,0
BRDA:390,43,0,0
BRDA:390,43,1,0
BRDA:391,44,0,0
BRDA:400,45,0,0
BRF:63
BRH:0
end_of_record
TN:
SF:src/utils/analytics.ts
FN:54,(anonymous_0)
FN:69,(anonymous_1)
FN:134,(anonymous_2)
FN:175,(anonymous_3)
FN:222,(anonymous_4)
FN:234,(anonymous_5)
FN:236,(anonymous_6)
FN:242,(anonymous_7)
FN:244,(anonymous_8)
FN:250,(anonymous_9)
FN:254,(anonymous_10)
FN:258,(anonymous_11)
FN:261,(anonymous_12)
FN:267,(anonymous_13)
FN:274,(anonymous_14)
FN:276,(anonymous_15)
FN:283,(anonymous_16)
FN:285,(anonymous_17)
FN:286,(anonymous_18)
FN:293,(anonymous_19)
FN:296,(anonymous_20)
FN:297,(anonymous_21)
FN:303,(anonymous_22)
FN:307,(anonymous_23)
FN:309,(anonymous_24)
FN:326,(anonymous_25)
FN:332,(anonymous_26)
FN:337,(anonymous_27)
FN:344,(anonymous_28)
FN:356,(anonymous_29)
FN:369,(anonymous_30)
FN:381,(anonymous_31)
FN:384,(anonymous_32)
FN:392,(anonymous_33)
FN:412,(anonymous_34)
FNF:35
FNH:0
FNDA:0,(anonymous_0)
FNDA:0,(anonymous_1)
FNDA:0,(anonymous_2)
FNDA:0,(anonymous_3)
FNDA:0,(anonymous_4)
FNDA:0,(anonymous_5)
FNDA:0,(anonymous_6)
FNDA:0,(anonymous_7)
FNDA:0,(anonymous_8)
FNDA:0,(anonymous_9)
FNDA:0,(anonymous_10)
FNDA:0,(anonymous_11)
FNDA:0,(anonymous_12)
FNDA:0,(anonymous_13)
FNDA:0,(anonymous_14)
FNDA:0,(anonymous_15)
FNDA:0,(anonymous_16)
FNDA:0,(anonymous_17)
FNDA:0,(anonymous_18)
FNDA:0,(anonymous_19)
FNDA:0,(anonymous_20)
FNDA:0,(anonymous_21)
FNDA:0,(anonymous_22)
FNDA:0,(anonymous_23)
FNDA:0,(anonymous_24)
FNDA:0,(anonymous_25)
FNDA:0,(anonymous_26)
FNDA:0,(anonymous_27)
FNDA:0,(anonymous_28)
FNDA:0,(anonymous_29)
FNDA:0,(anonymous_30)
FNDA:0,(anonymous_31)
FNDA:0,(anonymous_32)
FNDA:0,(anonymous_33)
FNDA:0,(anonymous_34)
DA:5,0
DA:6,0
DA:7,0
DA:47,0
DA:55,0
DA:56,0
DA:57,0
DA:58,0
DA:59,0
DA:60,0
DA:63,0
DA:78,0
DA:81,0
DA:84,0
DA:87,0
DA:99,0
DA:105,0
DA:112,0
DA:122,0
DA:135,0
DA:137,0
DA:138,0
DA:149,0
DA:153,0
DA:154,0
DA:155,0
DA:156,0
DA:158,0
DA:159,0
DA:161,0
DA:164,0
DA:167,0
DA:168,0
DA:169,0
DA:183,0
DA:184,0
DA:186,0
DA:187,0
DA:197,0
DA:201,0
DA:202,0
DA:203,0
DA:205,0
DA:206,0
DA:209,0
DA:210,0
DA:214,0
DA:215,0
DA:216,0
DA:223,0
DA:226,0
DA:227,0
DA:235,0
DA:236,0
DA:243,0
DA:244,0
DA:251,0
DA:253,0
DA:254,0
DA:257,0
DA:258,0
DA:261,0
DA:268,0
DA:275,0
DA:276,0
DA:284,0
DA:285,0
DA:286,0
DA:294,0
DA:295,0
DA:296,0
DA:297,0
DA:304,0
DA:305,0
DA:306,0
DA:307,0
DA:308,0
DA:309,0
DA:310,0
DA:312,0
DA:313,0
DA:314,0
DA:315,0
DA:317,0
DA:326,0
DA:332,0
DA:337,0
DA:344,0
DA:357,0
DA:370,0
DA:371,0
DA:372,0
DA:374,0
DA:375,0
DA:382,0
DA:384,0
DA:385,0
DA:393,0
DA:396,0
DA:399,0
DA:400,0
DA:401,0
DA:402,0
DA:403,0
DA:406,0
DA:413,0
DA:414,0
DA:415,0
DA:419,0
DA:421,0
DA:422,0
DA:427,0
DA:429,0
LF:113
LH:0
BRDA:60,0,0,0
BRDA:60,0,1,0
BRDA:101,1,0,0
BRDA:101,1,1,0
BRDA:107,2,0,0
BRDA:107,2,1,0
BRDA:127,3,0,0
BRDA:127,3,1,0
BRDA:137,4,0,0
BRDA:158,5,0,0
BRDA:158,5,1,0
BRDA:183,6,0,0
BRDA:183,6,1,0
BRDA:186,7,0,0
BRDA:205,8,0,0
BRDA:209,9,0,0
BRDA:226,10,0,0
BRDA:253,11,0,0
BRDA:257,12,0,0
BRDA:267,13,0,0
BRDA:274,14,0,0
BRDA:283,15,0,0
BRDA:293,16,0,0
BRDA:310,17,0,0
BRDA:310,17,1,0
BRDA:382,18,0,0
BRDA:382,18,1,0
BRDA:413,19,0,0
BRF:28
BRH:0
end_of_record
TN:
SF:src/utils/enhanced-logger.ts
FN:64,(anonymous_10)
FN:94,(anonymous_11)
FN:125,(anonymous_12)
FN:171,(anonymous_13)
FN:180,(anonymous_14)
FN:187,(anonymous_15)
FN:194,(anonymous_16)
FN:200,(anonymous_17)
FN:204,(anonymous_18)
FN:219,(anonymous_19)
FN:223,(anonymous_20)
FN:227,(anonymous_21)
FN:231,(anonymous_22)
FN:238,(anonymous_23)
FN:252,(anonymous_24)
FN:266,(anonymous_25)
FN:279,(anonymous_26)
FN:292,(anonymous_27)
FN:305,(anonymous_28)
FN:307,(anonymous_29)
FN:318,(anonymous_30)
FN:327,(anonymous_31)
FNF:22
FNH:0
FNDA:0,(anonymous_10)
FNDA:0,(anonymous_11)
FNDA:0,(anonymous_12)
FNDA:0,(anonymous_13)
FNDA:0,(anonymous_14)
FNDA:0,(anonymous_15)
FNDA:0,(anonymous_16)
FNDA:0,(anonymous_17)
FNDA:0,(anonymous_18)
FNDA:0,(anonymous_19)
FNDA:0,(anonymous_20)
FNDA:0,(anonymous_21)
FNDA:0,(anonymous_22)
FNDA:0,(anonymous_23)
FNDA:0,(anonymous_24)
FNDA:0,(anonymous_25)
FNDA:0,(anonymous_26)
FNDA:0,(anonymous_27)
FNDA:0,(anonymous_28)
FNDA:0,(anonymous_29)
FNDA:0,(anonymous_30)
FNDA:0,(anonymous_31)
DA:5,0
DA:6,0
DA:7,0
DA:8,0
DA:9,0
DA:12,0
DA:22,0
DA:31,0
DA:34,0
DA:50,0
DA:61,0
DA:65,0
DA:67,0
DA:75,0
DA:77,0
DA:79,0
DA:91,0
DA:95,0
DA:96,0
DA:98,0
DA:101,0
DA:102,0
DA:103,0
DA:106,0
DA:107,0
DA:109,0
DA:110,0
DA:111,0
DA:115,0
DA:127,0
DA:129,0
DA:158,0
DA:159,0
DA:172,0
DA:173,0
DA:174,0
DA:181,0
DA:188,0
DA:195,0
DA:196,0
DA:201,0
DA:205,0
DA:206,0
DA:215,0
DA:220,0
DA:224,0
DA:228,0
DA:232,0
DA:239,0
DA:253,0
DA:254,0
DA:267,0
DA:268,0
DA:280,0
DA:281,0
DA:293,0
DA:306,0
DA:307,0
DA:308,0
DA:309,0
DA:315,0
DA:318,0
DA:319,0
DA:327,0
DA:328,0
DA:335,0
DA:338,0
LF:67
LH:0
BRDA:55,0,0,0
BRDA:55,0,1,0
BRDA:65,1,0,0
BRDA:65,1,1,0
BRDA:68,2,0,0
BRDA:68,2,1,0
BRDA:68,2,2,0
BRDA:95,3,0,0
BRDA:95,3,1,0
BRDA:96,4,0,0
BRDA:96,4,1,0
BRDA:96,4,2,0
BRDA:101,5,0,0
BRDA:102,6,0,0
BRDA:103,7,0,0
BRDA:106,8,0,0
BRDA:106,9,0,0
BRDA:106,9,1,0
BRDA:110,10,0,0
BRDA:127,11,0,0
BRDA:127,11,1,0
BRDA:130,12,0,0
BRDA:130,12,1,0
BRDA:136,13,0,0
BRDA:136,13,1,0
BRDA:158,14,0,0
BRDA:196,15,0,0
BRDA:196,15,1,0
BRDA:205,16,0,0
BRDA:205,16,1,0
BRDA:253,17,0,0
BRDA:253,17,1,0
BRDA:267,18,0,0
BRDA:267,18,1,0
BRDA:280,19,0,0
BRDA:280,19,1,0
BRDA:321,20,0,0
BRDA:321,20,1,0
BRDA:322,21,0,0
BRDA:322,21,1,0
BRF:40
BRH:0
end_of_record
TN:
SF:src/utils/logger.ts
FN:30,(anonymous_1)
FN:74,(anonymous_2)
FN:79,(anonymous_3)
FNF:3
FNH:0
FNDA:0,(anonymous_1)
FNDA:0,(anonymous_2)
FNDA:0,(anonymous_3)
DA:5,0
DA:6,0
DA:9,0
DA:17,0
DA:24,0
DA:27,0
DA:31,0
DA:32,0
DA:33,0
DA:35,0
DA:40,0
DA:46,0
DA:74,0
DA:75,0
DA:79,0
DA:80,0
DA:81,0
DA:84,0
LF:18
LH:0
BRDA:32,0,0,0
BRDA:47,1,0,0
BRDA:47,1,1,0
BRF:3
BRH:0
end_of_record
TN:
SF:src/utils/metrics.ts
FN:9,(anonymous_0)
FN:17,(anonymous_1)
FN:76,(anonymous_2)
FN:97,(anonymous_3)
FN:188,(anonymous_4)
FN:196,(anonymous_5)
FN:229,(anonymous_6)
FN:236,(anonymous_7)
FN:243,(anonymous_8)
FN:249,(anonymous_9)
FN:264,(anonymous_10)
FN:271,(anonymous_11)
FN:280,(anonymous_12)
FN:290,(anonymous_13)
FN:291,(anonymous_14)
FN:293,(anonymous_15)
FN:298,(anonymous_16)
FN:304,(anonymous_17)
FN:336,(anonymous_18)
FN:352,(anonymous_19)
FN:370,(anonymous_20)
FN:395,(anonymous_21)
FN:414,(anonymous_22)
FN:415,(anonymous_23)
FN:423,(anonymous_24)
FN:446,(anonymous_25)
FN:463,(anonymous_26)
FN:472,(anonymous_27)
FNF:28
FNH:0
FNDA:0,(anonymous_0)
FNDA:0,(anonymous_1)
FNDA:0,(anonymous_2)
FNDA:0,(anonymous_3)
FNDA:0,(anonymous_4)
FNDA:0,(anonymous_5)
FNDA:0,(anonymous_6)
FNDA:0,(anonymous_7)
FNDA:0,(anonymous_8)
FNDA:0,(anonymous_9)
FNDA:0,(anonymous_10)
FNDA:0,(anonymous_11)
FNDA:0,(anonymous_12)
FNDA:0,(anonymous_13)
FNDA:0,(anonymous_14)
FNDA:0,(anonymous_15)
FNDA:0,(anonymous_16)
FNDA:0,(anonymous_17)
FNDA:0,(anonymous_18)
FNDA:0,(anonymous_19)
FNDA:0,(anonymous_20)
FNDA:0,(anonymous_21)
FNDA:0,(anonymous_22)
FNDA:0,(anonymous_23)
FNDA:0,(anonymous_24)
FNDA:0,(anonymous_25)
FNDA:0,(anonymous_26)
FNDA:0,(anonymous_27)
DA:5,0
DA:6,0
DA:9,0
DA:10,0
DA:11,0
DA:12,0
DA:13,0
DA:17,0
DA:18,0
DA:19,0
DA:20,0
DA:21,0
DA:22,0
DA:23,0
DA:77,0
DA:78,0
DA:79,0
DA:80,0
DA:81,0
DA:82,0
DA:83,0
DA:86,0
DA:89,0
DA:90,0
DA:99,0
DA:108,0
DA:117,0
DA:126,0
DA:135,0
DA:144,0
DA:153,0
DA:162,0
DA:170,0
DA:177,0
DA:189,0
DA:190,0
DA:197,0
DA:198,0
DA:199,0
DA:200,0
DA:203,0
DA:204,0
DA:211,0
DA:212,0
DA:215,0
DA:218,0
DA:230,0
DA:237,0
DA:244,0
DA:245,0
DA:247,0
DA:249,0
DA:250,0
DA:251,0
DA:252,0
DA:253,0
DA:254,0
DA:255,0
DA:257,0
DA:265,0
DA:272,0
DA:273,0
DA:275,0
DA:276,0
DA:280,0
DA:281,0
DA:282,0
DA:283,0
DA:286,0
DA:287,0
DA:290,0
DA:291,0
DA:293,0
DA:294,0
DA:295,0
DA:298,0
DA:299,0
DA:300,0
DA:304,0
DA:305,0
DA:308,0
DA:311,0
DA:313,0
DA:337,0
DA:339,0
DA:340,0
DA:341,0
DA:342,0
DA:346,0
DA:353,0
DA:355,0
DA:356,0
DA:359,0
DA:360,0
DA:362,0
DA:365,0
DA:367,0
DA:368,0
DA:370,0
DA:373,0
DA:374,0
DA:376,0
DA:377,0
DA:379,0
DA:384,0
DA:385,0
DA:389,0
DA:396,0
DA:401,0
DA:402,0
DA:403,0
DA:404,0
DA:408,0
DA:415,0
DA:416,0
DA:424,0
DA:426,0
DA:427,0
DA:437,0
DA:440,0
DA:447,0
DA:449,0
DA:450,0
DA:451,0
DA:452,0
DA:455,0
DA:456,0
DA:457,0
DA:464,0
DA:465,0
DA:473,0
DA:474,0
DA:475,0
DA:481,0
DA:485,0
DA:487,0
LF:136
LH:0
BRDA:9,0,0,0
BRDA:9,0,1,0
BRDA:17,1,0,0
BRDA:17,1,1,0
BRDA:82,2,0,0
BRDA:82,2,1,0
BRDA:83,3,0,0
BRDA:83,3,1,0
BRDA:89,4,0,0
BRDA:198,5,0,0
BRDA:203,6,0,0
BRDA:203,6,1,0
BRDA:211,7,0,0
BRDA:229,8,0,0
BRDA:252,9,0,0
BRDA:275,10,0,0
BRDA:275,11,0,0
BRDA:275,11,1,0
BRDA:275,11,2,0
BRDA:281,12,0,0
BRDA:281,13,0,0
BRDA:281,13,1,0
BRDA:282,14,0,0
BRDA:282,15,0,0
BRDA:282,15,1,0
BRDA:286,16,0,0
BRDA:308,17,0,0
BRDA:308,17,1,0
BRDA:309,18,0,0
BRDA:309,18,1,0
BRDA:309,19,0,0
BRDA:309,19,1,0
BRDA:311,20,0,0
BRDA:311,20,1,0
BRDA:319,21,0,0
BRDA:319,21,1,0
BRDA:320,22,0,0
BRDA:320,22,1,0
BRDA:341,23,0,0
BRDA:356,24,0,0
BRDA:356,24,1,0
BRDA:359,25,0,0
BRDA:368,26,0,0
BRDA:368,26,1,0
BRDA:373,27,0,0
BRDA:373,27,1,0
BRDA:374,28,0,0
BRDA:374,28,1,0
BRDA:376,29,0,0
BRDA:376,29,1,0
BRDA:403,30,0,0
BRDA:473,31,0,0
BRF:52
BRH:0
end_of_record
TN:
SF:src/utils/report-templates.ts
FN:5,generateHTMLReport
FN:50,getHTMLStyles
FN:157,generateExecutiveHTML
FN:193,(anonymous_3)
FN:226,(anonymous_4)
FN:229,(anonymous_5)
FN:251,generateTechnicalHTML
FN:271,(anonymous_7)
FN:293,generateAuditHTML
FN:313,(anonymous_9)
FN:346,(anonymous_10)
FN:368,generateProgressHTML
FN:409,(anonymous_12)
FN:430,formatDataAsCSV
FN:437,(anonymous_14)
FN:445,formatDataAsJSON
FNF:16
FNH:0
FNDA:0,generateHTMLReport
FNDA:0,getHTMLStyles
FNDA:0,generateExecutiveHTML
FNDA:0,(anonymous_3)
FNDA:0,(anonymous_4)
FNDA:0,(anonymous_5)
FNDA:0,generateTechnicalHTML
FNDA:0,(anonymous_7)
FNDA:0,generateAuditHTML
FNDA:0,(anonymous_9)
FNDA:0,(anonymous_10)
FNDA:0,generateProgressHTML
FNDA:0,(anonymous_12)
FNDA:0,formatDataAsCSV
FNDA:0,(anonymous_14)
FNDA:0,formatDataAsJSON
DA:5,0
DA:6,0
DA:7,0
DA:9,0
DA:10,0
DA:12,0
DA:13,0
DA:15,0
DA:16,0
DA:18,0
DA:19,0
DA:21,0
DA:22,0
DA:24,0
DA:27,0
DA:51,0
DA:158,0
DA:160,0
DA:193,0
DA:194,0
DA:195,0
DA:211,0
DA:226,0
DA:229,0
DA:248,0
DA:252,0
DA:254,0
DA:271,0
DA:272,0
DA:284,0
DA:290,0
DA:294,0
DA:295,0
DA:297,0
DA:313,0
DA:314,0
DA:325,0
DA:346,0
DA:347,0
DA:359,0
DA:365,0
DA:369,0
DA:371,0
DA:409,0
DA:410,0
DA:421,0
DA:427,0
DA:430,0
DA:431,0
DA:434,0
DA:435,0
DA:436,0
DA:437,0
DA:438,0
DA:442,0
DA:445,0
DA:447,0
DA:448,0
DA:449,0
DA:450,0
DA:451,0
DA:453,0
DA:456,0
DA:460,0
LF:64
LH:0
BRDA:10,0,0,0
BRDA:10,0,1,0
BRDA:10,0,2,0
BRDA:10,0,3,0
BRDA:10,0,4,0
BRDA:158,1,0,0
BRDA:158,1,1,0
BRDA:165,2,0,0
BRDA:165,2,1,0
BRDA:169,3,0,0
BRDA:169,3,1,0
BRDA:173,4,0,0
BRDA:173,4,1,0
BRDA:194,5,0,0
BRDA:194,5,1,0
BRDA:252,6,0,0
BRDA:252,6,1,0
BRDA:278,7,0,0
BRDA:278,7,1,0
BRDA:279,8,0,0
BRDA:279,8,1,0
BRDA:294,9,0,0
BRDA:294,9,1,0
BRDA:295,10,0,0
BRDA:295,10,1,0
BRDA:369,11,0,0
BRDA:369,11,1,0
BRDA:376,12,0,0
BRDA:376,12,1,0
BRDA:380,13,0,0
BRDA:380,13,1,0
BRDA:384,14,0,0
BRDA:384,14,1,0
BRDA:388,15,0,0
BRDA:388,15,1,0
BRDA:416,16,0,0
BRDA:416,16,1,0
BRDA:434,17,0,0
BRDA:438,18,0,0
BRDA:438,18,1,0
BRDA:438,19,0,0
BRDA:438,19,1,0
BRDA:449,20,0,0
BRDA:449,20,1,0
BRDA:449,21,0,0
BRDA:449,21,1,0
BRDA:449,21,2,0
BRF:47
BRH:0
end_of_record
