TN:
SF:src/dual-mode-server.ts
FN:10,startDualModeServer
FN:35,(anonymous_1)
FN:40,(anonymous_2)
FNF:3
FNH:0
FNDA:0,startDualModeServer
FNDA:0,(anonymous_1)
FNDA:0,(anonymous_2)
DA:11,0
DA:12,0
DA:13,0
DA:15,0
DA:17,0
DA:18,0
DA:21,0
DA:22,0
DA:24,0
DA:25,0
DA:26,0
DA:29,0
DA:30,0
DA:35,0
DA:36,0
DA:37,0
DA:40,0
DA:41,0
DA:42,0
DA:46,0
DA:47,0
LF:21
LH:0
BRDA:17,0,0,0
BRDA:17,0,1,0
BRDA:46,1,0,0
BRF:3
BRH:0
end_of_record
TN:
SF:src/http-server.ts
FN:85,(anonymous_0)
FN:97,(anonymous_1)
FN:104,(anonymous_2)
FN:112,(anonymous_3)
FN:117,(anonymous_4)
FN:122,(anonymous_5)
FN:129,(anonymous_6)
FN:133,(anonymous_7)
FN:141,(anonymous_8)
FN:175,(anonymous_9)
FN:181,(anonymous_10)
FN:187,(anonymous_11)
FN:198,(anonymous_12)
FN:215,(anonymous_13)
FN:226,(anonymous_14)
FN:238,(anonymous_15)
FN:263,(anonymous_16)
FN:283,(anonymous_17)
FN:305,(anonymous_18)
FN:326,(anonymous_19)
FN:341,startHttpServer
FN:373,(anonymous_21)
FN:384,(anonymous_22)
FN:385,(anonymous_23)
FN:406,(anonymous_24)
FN:429,(anonymous_25)
FN:451,(anonymous_26)
FN:486,(anonymous_27)
FN:492,(anonymous_28)
FN:497,(anonymous_29)
FN:505,(anonymous_30)
FN:507,(anonymous_31)
FN:513,(anonymous_32)
FN:515,(anonymous_33)
FN:522,createSuccessResponse
FN:531,createErrorResponse
FN:543,(anonymous_36)
FNF:37
FNH:0
FNDA:0,(anonymous_0)
FNDA:0,(anonymous_1)
FNDA:0,(anonymous_2)
FNDA:0,(anonymous_3)
FNDA:0,(anonymous_4)
FNDA:0,(anonymous_5)
FNDA:0,(anonymous_6)
FNDA:0,(anonymous_7)
FNDA:0,(anonymous_8)
FNDA:0,(anonymous_9)
FNDA:0,(anonymous_10)
FNDA:0,(anonymous_11)
FNDA:0,(anonymous_12)
FNDA:0,(anonymous_13)
FNDA:0,(anonymous_14)
FNDA:0,(anonymous_15)
FNDA:0,(anonymous_16)
FNDA:0,(anonymous_17)
FNDA:0,(anonymous_18)
FNDA:0,(anonymous_19)
FNDA:0,startHttpServer
FNDA:0,(anonymous_21)
FNDA:0,(anonymous_22)
FNDA:0,(anonymous_23)
FNDA:0,(anonymous_24)
FNDA:0,(anonymous_25)
FNDA:0,(anonymous_26)
FNDA:0,(anonymous_27)
FNDA:0,(anonymous_28)
FNDA:0,(anonymous_29)
FNDA:0,(anonymous_30)
FNDA:0,(anonymous_31)
FNDA:0,(anonymous_32)
FNDA:0,(anonymous_33)
FNDA:0,createSuccessResponse
FNDA:0,createErrorResponse
FNDA:0,(anonymous_36)
DA:57,0
DA:85,0
DA:97,0
DA:104,0
DA:112,0
DA:117,0
DA:122,0
DA:129,0
DA:133,0
DA:141,0
DA:175,0
DA:181,0
DA:188,0
DA:189,0
DA:190,0
DA:199,0
DA:201,0
DA:216,0
DA:217,0
DA:227,0
DA:228,0
DA:239,0
DA:240,0
DA:241,0
DA:249,0
DA:264,0
DA:266,0
DA:284,0
DA:286,0
DA:306,0
DA:308,0
DA:327,0
DA:328,0
DA:342,0
DA:345,0
DA:346,0
DA:353,0
DA:360,0
DA:363,0
DA:364,0
DA:367,0
DA:368,0
DA:369,0
DA:370,0
DA:373,0
DA:374,0
DA:384,0
DA:385,0
DA:392,0
DA:406,0
DA:407,0
DA:408,0
DA:410,0
DA:412,0
DA:413,0
DA:419,0
DA:423,0
DA:424,0
DA:426,0
DA:427,0
DA:429,0
DA:432,0
DA:436,0
DA:437,0
DA:440,0
DA:443,0
DA:445,0
DA:446,0
DA:451,0
DA:452,0
DA:486,0
DA:487,0
DA:488,0
DA:492,0
DA:493,0
DA:497,0
DA:498,0
DA:499,0
DA:500,0
DA:501,0
DA:505,0
DA:506,0
DA:507,0
DA:508,0
DA:509,0
DA:513,0
DA:514,0
DA:515,0
DA:516,0
DA:517,0
DA:523,0
DA:532,0
DA:541,0
DA:542,0
DA:543,0
DA:544,0
DA:545,0
LF:97
LH:0
BRDA:193,0,0,0
BRDA:193,0,1,0
BRDA:199,1,0,0
BRDA:341,2,0,0
BRDA:347,3,0,0
BRDA:347,3,1,0
BRDA:355,4,0,0
BRDA:355,4,1,0
BRDA:412,5,0,0
BRDA:426,6,0,0
BRDA:445,7,0,0
BRDA:445,7,1,0
BRDA:541,8,0,0
BRDA:542,9,0,0
BRDA:542,9,1,0
BRF:15
BRH:0
end_of_record
TN:
SF:src/server.ts
FN:90,registerTools
FN:193,(anonymous_1)
FN:202,(anonymous_2)
FN:210,(anonymous_3)
FN:217,(anonymous_4)
FN:225,(anonymous_5)
FN:232,(anonymous_6)
FN:239,(anonymous_7)
FN:247,(anonymous_8)
FN:254,(anonymous_9)
FN:262,(anonymous_10)
FN:270,createExpressApp
FN:325,(anonymous_12)
FN:335,(anonymous_13)
FN:353,(anonymous_14)
FN:354,(anonymous_15)
FN:362,(anonymous_16)
FN:363,(anonymous_17)
FN:446,(anonymous_18)
FN:447,(anonymous_19)
FN:467,(anonymous_20)
FN:492,main
FN:513,(anonymous_22)
FN:547,(anonymous_23)
FN:548,(anonymous_24)
FN:554,(anonymous_25)
FN:602,(anonymous_26)
FN:606,(anonymous_27)
FN:628,(anonymous_28)
FN:637,(anonymous_29)
FN:648,(anonymous_30)
FN:661,(anonymous_31)
FNF:32
FNH:0
FNDA:0,registerTools
FNDA:0,(anonymous_1)
FNDA:0,(anonymous_2)
FNDA:0,(anonymous_3)
FNDA:0,(anonymous_4)
FNDA:0,(anonymous_5)
FNDA:0,(anonymous_6)
FNDA:0,(anonymous_7)
FNDA:0,(anonymous_8)
FNDA:0,(anonymous_9)
FNDA:0,(anonymous_10)
FNDA:0,createExpressApp
FNDA:0,(anonymous_12)
FNDA:0,(anonymous_13)
FNDA:0,(anonymous_14)
FNDA:0,(anonymous_15)
FNDA:0,(anonymous_16)
FNDA:0,(anonymous_17)
FNDA:0,(anonymous_18)
FNDA:0,(anonymous_19)
FNDA:0,(anonymous_20)
FNDA:0,main
FNDA:0,(anonymous_22)
FNDA:0,(anonymous_23)
FNDA:0,(anonymous_24)
FNDA:0,(anonymous_25)
FNDA:0,(anonymous_26)
FNDA:0,(anonymous_27)
FNDA:0,(anonymous_28)
FNDA:0,(anonymous_29)
FNDA:0,(anonymous_30)
FNDA:0,(anonymous_31)
DA:68,0
DA:69,0
DA:70,0
DA:73,0
DA:74,0
DA:75,0
DA:76,0
DA:77,0
DA:78,0
DA:79,0
DA:82,0
DA:92,0
DA:98,0
DA:104,0
DA:111,0
DA:118,0
DA:126,0
DA:133,0
DA:140,0
DA:148,0
DA:155,0
DA:162,0
DA:170,0
DA:177,0
DA:184,0
DA:192,0
DA:193,0
DA:201,0
DA:202,0
DA:209,0
DA:210,0
DA:216,0
DA:217,0
DA:224,0
DA:225,0
DA:231,0
DA:232,0
DA:238,0
DA:239,0
DA:246,0
DA:247,0
DA:253,0
DA:254,0
DA:260,0
DA:262,0
DA:271,0
DA:274,0
DA:275,0
DA:278,0
DA:279,0
DA:297,0
DA:298,0
DA:303,0
DA:307,0
DA:308,0
DA:312,0
DA:315,0
DA:316,0
DA:320,0
DA:321,0
DA:325,0
DA:326,0
DA:335,0
DA:336,0
DA:337,0
DA:339,0
DA:340,0
DA:343,0
DA:344,0
DA:350,0
DA:352,0
DA:353,0
DA:354,0
DA:355,0
DA:356,0
DA:361,0
DA:362,0
DA:363,0
DA:364,0
DA:365,0
DA:372,0
DA:375,0
DA:376,0
DA:379,0
DA:380,0
DA:384,0
DA:385,0
DA:387,0
DA:391,0
DA:393,0
DA:397,0
DA:405,0
DA:412,0
DA:414,0
DA:415,0
DA:422,0
DA:428,0
DA:437,0
DA:438,0
DA:446,0
DA:447,0
DA:448,0
DA:449,0
DA:457,0
DA:464,0
DA:465,0
DA:467,0
DA:468,0
DA:471,0
DA:481,0
DA:488,0
DA:493,0
DA:496,0
DA:499,0
DA:500,0
DA:502,0
DA:505,0
DA:506,0
DA:510,0
DA:513,0
DA:514,0
DA:515,0
DA:516,0
DA:517,0
DA:518,0
DA:519,0
DA:520,0
DA:521,0
DA:522,0
DA:523,0
DA:524,0
DA:525,0
DA:526,0
DA:527,0
DA:528,0
DA:533,0
DA:534,0
DA:547,0
DA:548,0
DA:554,0
DA:555,0
DA:556,0
DA:558,0
DA:559,0
DA:562,0
DA:564,0
DA:568,0
DA:569,0
DA:571,0
DA:575,0
DA:577,0
DA:580,0
DA:589,0
DA:590,0
DA:592,0
DA:596,0
DA:597,0
DA:598,0
DA:602,0
DA:603,0
DA:606,0
DA:607,0
DA:611,0
DA:612,0
DA:614,0
DA:618,0
DA:619,0
DA:620,0
DA:621,0
DA:625,0
DA:628,0
DA:629,0
DA:633,0
DA:634,0
DA:637,0
DA:638,0
DA:639,0
DA:645,0
DA:648,0
DA:649,0
DA:650,0
DA:660,0
DA:661,0
DA:662,0
DA:663,0
LF:185
LH:0
BRDA:68,0,0,0
BRDA:68,0,1,0
BRDA:69,1,0,0
BRDA:69,1,1,0
BRDA:70,2,0,0
BRDA:70,2,1,0
BRDA:74,3,0,0
BRDA:74,3,1,0
BRDA:274,4,0,0
BRDA:274,4,1,0
BRDA:275,5,0,0
BRDA:275,5,1,0
BRDA:278,6,0,0
BRDA:297,7,0,0
BRDA:299,8,0,0
BRDA:299,8,1,0
BRDA:307,9,0,0
BRDA:315,10,0,0
BRDA:320,11,0,0
BRDA:339,12,0,0
BRDA:343,13,0,0
BRDA:352,14,0,0
BRDA:352,15,0,0
BRDA:352,15,1,0
BRDA:355,16,0,0
BRDA:355,16,1,0
BRDA:361,17,0,0
BRDA:364,18,0,0
BRDA:364,18,1,0
BRDA:376,19,0,0
BRDA:376,19,1,0
BRDA:379,20,0,0
BRDA:379,20,1,0
BRDA:384,21,0,0
BRDA:384,21,1,0
BRDA:412,22,0,0
BRDA:412,22,1,0
BRDA:414,23,0,0
BRDA:440,24,0,0
BRDA:440,24,1,0
BRDA:464,25,0,0
BRDA:464,25,1,0
BRDA:478,26,0,0
BRDA:478,26,1,0
BRDA:483,27,0,0
BRDA:483,27,1,0
BRDA:500,28,0,0
BRDA:500,28,1,0
BRDA:505,29,0,0
BRDA:516,30,0,0
BRDA:516,30,1,0
BRDA:517,31,0,0
BRDA:517,31,1,0
BRDA:518,32,0,0
BRDA:518,32,1,0
BRDA:519,33,0,0
BRDA:519,33,1,0
BRDA:520,34,0,0
BRDA:520,34,1,0
BRDA:521,35,0,0
BRDA:521,35,1,0
BRDA:522,36,0,0
BRDA:533,37,0,0
BRDA:558,38,0,0
BRDA:564,39,0,0
BRDA:564,39,1,0
BRDA:568,40,0,0
BRDA:568,40,1,0
BRDA:589,41,0,0
BRDA:611,42,0,0
BRDA:611,42,1,0
BRDA:618,43,0,0
BRDA:660,44,0,0
BRF:73
BRH:0
end_of_record
TN:
SF:src/test-e2e-workflow.ts
FN:105,(anonymous_0)
FN:119,(anonymous_1)
FN:137,(anonymous_2)
FN:181,(anonymous_3)
FN:185,(anonymous_4)
FN:220,(anonymous_5)
FN:224,(anonymous_6)
FN:265,(anonymous_7)
FN:269,(anonymous_8)
FN:307,(anonymous_9)
FN:311,(anonymous_10)
FN:349,(anonymous_11)
FN:353,(anonymous_12)
FN:379,(anonymous_13)
FN:383,(anonymous_14)
FN:420,(anonymous_15)
FN:431,(anonymous_16)
FN:435,(anonymous_17)
FN:461,(anonymous_18)
FN:465,(anonymous_19)
FN:500,(anonymous_20)
FN:522,(anonymous_21)
FN:526,(anonymous_22)
FN:553,(anonymous_23)
FN:557,(anonymous_24)
FN:585,(anonymous_25)
FN:595,(anonymous_26)
FN:596,(anonymous_27)
FN:597,(anonymous_28)
FN:598,(anonymous_29)
FN:599,(anonymous_30)
FN:600,(anonymous_31)
FN:601,(anonymous_32)
FN:602,(anonymous_33)
FN:603,(anonymous_34)
FN:604,(anonymous_35)
FN:632,(anonymous_36)
FN:638,(anonymous_37)
FN:639,(anonymous_38)
FN:640,(anonymous_39)
FN:649,(anonymous_40)
FN:674,(anonymous_41)
FN:711,(anonymous_42)
FN:737,main
FNF:44
FNH:0
FNDA:0,(anonymous_0)
FNDA:0,(anonymous_1)
FNDA:0,(anonymous_2)
FNDA:0,(anonymous_3)
FNDA:0,(anonymous_4)
FNDA:0,(anonymous_5)
FNDA:0,(anonymous_6)
FNDA:0,(anonymous_7)
FNDA:0,(anonymous_8)
FNDA:0,(anonymous_9)
FNDA:0,(anonymous_10)
FNDA:0,(anonymous_11)
FNDA:0,(anonymous_12)
FNDA:0,(anonymous_13)
FNDA:0,(anonymous_14)
FNDA:0,(anonymous_15)
FNDA:0,(anonymous_16)
FNDA:0,(anonymous_17)
FNDA:0,(anonymous_18)
FNDA:0,(anonymous_19)
FNDA:0,(anonymous_20)
FNDA:0,(anonymous_21)
FNDA:0,(anonymous_22)
FNDA:0,(anonymous_23)
FNDA:0,(anonymous_24)
FNDA:0,(anonymous_25)
FNDA:0,(anonymous_26)
FNDA:0,(anonymous_27)
FNDA:0,(anonymous_28)
FNDA:0,(anonymous_29)
FNDA:0,(anonymous_30)
FNDA:0,(anonymous_31)
FNDA:0,(anonymous_32)
FNDA:0,(anonymous_33)
FNDA:0,(anonymous_34)
FNDA:0,(anonymous_35)
FNDA:0,(anonymous_36)
FNDA:0,(anonymous_37)
FNDA:0,(anonymous_38)
FNDA:0,(anonymous_39)
FNDA:0,(anonymous_40)
FNDA:0,(anonymous_41)
FNDA:0,(anonymous_42)
FNDA:0,main
DA:35,0
DA:106,0
DA:107,0
DA:120,0
DA:122,0
DA:124,0
DA:127,0
DA:129,0
DA:130,0
DA:142,0
DA:143,0
DA:145,0
DA:146,0
DA:147,0
DA:149,0
DA:158,0
DA:159,0
DA:162,0
DA:164,0
DA:173,0
DA:174,0
DA:182,0
DA:187,0
DA:192,0
DA:201,0
DA:202,0
DA:205,0
DA:206,0
DA:208,0
DA:221,0
DA:225,0
DA:226,0
DA:234,0
DA:248,0
DA:249,0
DA:252,0
DA:266,0
DA:270,0
DA:271,0
DA:275,0
DA:282,0
DA:288,0
DA:308,0
DA:312,0
DA:313,0
DA:322,0
DA:330,0
DA:331,0
DA:334,0
DA:336,0
DA:350,0
DA:354,0
DA:355,0
DA:358,0
DA:366,0
DA:380,0
DA:384,0
DA:385,0
DA:400,0
DA:411,0
DA:412,0
DA:415,0
DA:417,0
DA:420,0
DA:432,0
DA:436,0
DA:437,0
DA:440,0
DA:449,0
DA:462,0
DA:466,0
DA:467,0
DA:471,0
DA:498,0
DA:500,0
DA:509,0
DA:523,0
DA:527,0
DA:528,0
DA:531,0
DA:538,0
DA:540,0
DA:554,0
DA:558,0
DA:559,0
DA:562,0
DA:571,0
DA:586,0
DA:587,0
DA:589,0
DA:591,0
DA:594,0
DA:595,0
DA:596,0
DA:597,0
DA:598,0
DA:599,0
DA:600,0
DA:601,0
DA:602,0
DA:603,0
DA:604,0
DA:608,0
DA:609,0
DA:610,0
DA:614,0
DA:615,0
DA:625,0
DA:626,0
DA:633,0
DA:634,0
DA:637,0
DA:638,0
DA:639,0
DA:640,0
DA:641,0
DA:650,0
DA:651,0
DA:652,0
DA:654,0
DA:655,0
DA:656,0
DA:657,0
DA:659,0
DA:660,0
DA:661,0
DA:662,0
DA:663,0
DA:664,0
DA:666,0
DA:667,0
DA:668,0
DA:669,0
DA:670,0
DA:671,0
DA:673,0
DA:674,0
DA:675,0
DA:676,0
DA:677,0
DA:678,0
DA:680,0
DA:681,0
DA:684,0
DA:685,0
DA:687,0
DA:691,0
DA:692,0
DA:694,0
DA:695,0
DA:696,0
DA:698,0
DA:699,0
DA:700,0
DA:701,0
DA:703,0
DA:704,0
DA:712,0
DA:714,0
DA:716,0
DA:717,0
DA:719,0
DA:723,0
DA:724,0
DA:727,0
DA:729,0
DA:738,0
DA:739,0
DA:741,0
DA:743,0
DA:746,0
DA:749,0
DA:750,0
DA:751,0
DA:752,0
DA:753,0
DA:756,0
DA:757,0
DA:760,0
DA:761,0
DA:763,0
DA:768,0
DA:769,0
LF:183
LH:0
BRDA:105,0,0,0
BRDA:124,1,0,0
BRDA:124,1,1,0
BRDA:201,2,0,0
BRDA:225,3,0,0
BRDA:248,4,0,0
BRDA:253,5,0,0
BRDA:253,5,1,0
BRDA:254,6,0,0
BRDA:254,6,1,0
BRDA:270,7,0,0
BRDA:292,8,0,0
BRDA:292,8,1,0
BRDA:297,9,0,0
BRDA:297,9,1,0
BRDA:312,10,0,0
BRDA:330,11,0,0
BRDA:338,12,0,0
BRDA:338,12,1,0
BRDA:339,13,0,0
BRDA:339,13,1,0
BRDA:340,14,0,0
BRDA:340,14,1,0
BRDA:354,15,0,0
BRDA:367,16,0,0
BRDA:367,16,1,0
BRDA:368,17,0,0
BRDA:368,17,1,0
BRDA:369,18,0,0
BRDA:369,18,1,0
BRDA:370,19,0,0
BRDA:370,19,1,0
BRDA:384,20,0,0
BRDA:411,21,0,0
BRDA:420,22,0,0
BRDA:420,22,1,0
BRDA:420,23,0,0
BRDA:420,23,1,0
BRDA:436,24,0,0
BRDA:450,25,0,0
BRDA:450,25,1,0
BRDA:466,26,0,0
BRDA:502,27,0,0
BRDA:502,27,1,0
BRDA:512,28,0,0
BRDA:512,28,1,0
BRDA:513,29,0,0
BRDA:513,29,1,0
BRDA:527,30,0,0
BRDA:544,31,0,0
BRDA:544,31,1,0
BRDA:558,32,0,0
BRDA:574,33,0,0
BRDA:574,33,1,0
BRDA:575,34,0,0
BRDA:575,34,1,0
BRDA:576,35,0,0
BRDA:576,35,1,0
BRDA:641,36,0,0
BRDA:641,36,1,0
BRDA:667,37,0,0
BRDA:667,37,1,0
BRDA:668,38,0,0
BRDA:668,38,1,0
BRDA:669,39,0,0
BRDA:669,39,1,0
BRDA:670,40,0,0
BRDA:670,40,1,0
BRDA:671,41,0,0
BRDA:671,41,1,0
BRDA:675,42,0,0
BRDA:675,42,1,0
BRDA:675,43,0,0
BRDA:675,43,1,0
BRDA:680,44,0,0
BRDA:680,45,0,0
BRDA:680,45,1,0
BRDA:684,46,0,0
BRDA:684,47,0,0
BRDA:684,47,1,0
BRDA:691,48,0,0
BRDA:691,48,1,0
BRDA:692,49,0,0
BRDA:692,49,1,0
BRDA:698,50,0,0
BRDA:698,50,1,0
BRDA:716,51,0,0
BRDA:716,51,1,0
BRDA:723,52,0,0
BRDA:756,53,0,0
BRDA:756,53,1,0
BRDA:768,54,0,0
BRF:92
BRH:0
end_of_record
TN:
SF:src/test-monitoring.ts
FN:12,mockToolExecution
FN:14,(anonymous_1)
FN:23,testMonitoring
FN:39,(anonymous_3)
FN:94,(anonymous_4)
FN:120,(anonymous_5)
FN:127,(anonymous_6)
FNF:7
FNH:0
FNDA:0,mockToolExecution
FNDA:0,(anonymous_1)
FNDA:0,testMonitoring
FNDA:0,(anonymous_3)
FNDA:0,(anonymous_4)
FNDA:0,(anonymous_5)
FNDA:0,(anonymous_6)
DA:14,0
DA:16,0
DA:17,0
DA:20,0
DA:24,0
DA:27,0
DA:28,0
DA:29,0
DA:30,0
DA:31,0
DA:34,0
DA:35,0
DA:36,0
DA:38,0
DA:39,0
DA:40,0
DA:41,0
DA:44,0
DA:46,0
DA:47,0
DA:49,0
DA:51,0
DA:52,0
DA:55,0
DA:56,0
DA:58,0
DA:61,0
DA:65,0
DA:68,0
DA:69,0
DA:70,0
DA:71,0
DA:73,0
DA:74,0
DA:75,0
DA:76,0
DA:77,0
DA:78,0
DA:79,0
DA:82,0
DA:83,0
DA:84,0
DA:86,0
DA:87,0
DA:88,0
DA:91,0
DA:92,0
DA:94,0
DA:95,0
DA:96,0
DA:97,0
DA:99,0
DA:102,0
DA:104,0
DA:105,0
DA:106,0
DA:107,0
DA:108,0
DA:109,0
DA:110,0
DA:113,0
DA:114,0
DA:118,0
DA:119,0
DA:121,0
DA:122,0
DA:123,0
DA:124,0
DA:125,0
DA:128,0
DA:129,0
LF:71
LH:0
BRDA:12,0,0,0
BRDA:16,1,0,0
BRDA:97,2,0,0
BRDA:97,2,1,0
BRDA:118,3,0,0
BRF:5
BRH:0
end_of_record
TN:
SF:src/data/industry-benchmarks.ts
FNF:0
FNH:0
DA:23,0
DA:141,0
DA:203,0
DA:250,0
DA:298,0
DA:402,0
DA:435,0
DA:482,0
DA:493,0
LF:9
LH:0
BRF:0
BRH:0
end_of_record
TN:
SF:src/db/database.ts
FN:324,(anonymous_1)
FN:350,(anonymous_2)
FN:370,(anonymous_3)
FN:862,(anonymous_4)
FN:867,(anonymous_5)
FN:876,(anonymous_6)
FN:878,(anonymous_7)
FN:879,(anonymous_8)
FN:884,(anonymous_9)
FN:904,(anonymous_10)
FN:909,(anonymous_11)
FN:917,(anonymous_12)
FN:935,(anonymous_13)
FN:968,(anonymous_14)
FN:973,(anonymous_15)
FN:980,(anonymous_16)
FN:1016,(anonymous_17)
FN:1021,(anonymous_18)
FN:1028,(anonymous_19)
FN:1063,(anonymous_20)
FN:1093,(anonymous_21)
FN:1150,(anonymous_22)
FN:1158,(anonymous_23)
FN:1175,(anonymous_24)
FN:1183,(anonymous_25)
FN:1284,(anonymous_26)
FN:1289,(anonymous_27)
FN:1318,(anonymous_28)
FN:1355,(anonymous_29)
FN:1371,(anonymous_30)
FN:1389,(anonymous_31)
FN:1394,(anonymous_32)
FN:1405,(anonymous_33)
FN:1578,(anonymous_34)
FN:1598,(anonymous_35)
FN:1667,(anonymous_36)
FN:1713,(anonymous_37)
FN:1768,(anonymous_38)
FN:1856,(anonymous_39)
FN:1931,(anonymous_40)
FN:1989,(anonymous_41)
FN:1997,(anonymous_42)
FN:2002,(anonymous_43)
FN:2018,(anonymous_44)
FN:2045,(anonymous_45)
FN:2066,(anonymous_46)
FN:2086,(anonymous_47)
FN:2125,(anonymous_48)
FN:2138,(anonymous_49)
FN:2155,(anonymous_50)
FN:2162,(anonymous_51)
FN:2182,(anonymous_52)
FN:2270,(anonymous_53)
FN:2283,(anonymous_54)
FN:2284,(anonymous_55)
FN:2368,(anonymous_56)
FN:2408,(anonymous_57)
FN:2424,(anonymous_58)
FN:2464,(anonymous_59)
FN:2489,(anonymous_60)
FN:2510,(anonymous_61)
FN:2527,(anonymous_62)
FN:2578,(anonymous_63)
FN:2614,(anonymous_64)
FN:2622,(anonymous_65)
FN:2673,(anonymous_66)
FN:2741,(anonymous_67)
FN:2806,(anonymous_68)
FN:2876,(anonymous_69)
FN:2912,(anonymous_70)
FN:2913,(anonymous_71)
FN:2963,(anonymous_72)
FN:3023,(anonymous_73)
FN:3030,(anonymous_74)
FN:3051,(anonymous_75)
FN:3130,(anonymous_76)
FN:3166,(anonymous_77)
FN:3180,(anonymous_78)
FN:3207,(anonymous_79)
FN:3223,(anonymous_80)
FN:3231,(anonymous_81)
FN:3275,(anonymous_82)
FN:3287,(anonymous_83)
FN:3298,(anonymous_84)
FN:3332,(anonymous_85)
FN:3369,(anonymous_86)
FN:3467,(anonymous_87)
FN:3530,(anonymous_88)
FN:3541,(anonymous_89)
FN:3570,(anonymous_90)
FN:3604,(anonymous_91)
FN:3640,(anonymous_92)
FN:3670,(anonymous_93)
FN:3679,(anonymous_94)
FN:3686,(anonymous_95)
FN:3723,getDatabase
FN:3730,closeDatabase
FNF:97
FNH:4
FNDA:1,(anonymous_1)
FNDA:1,(anonymous_2)
FNDA:0,(anonymous_3)
FNDA:0,(anonymous_4)
FNDA:0,(anonymous_5)
FNDA:0,(anonymous_6)
FNDA:0,(anonymous_7)
FNDA:0,(anonymous_8)
FNDA:0,(anonymous_9)
FNDA:0,(anonymous_10)
FNDA:0,(anonymous_11)
FNDA:0,(anonymous_12)
FNDA:0,(anonymous_13)
FNDA:0,(anonymous_14)
FNDA:0,(anonymous_15)
FNDA:0,(anonymous_16)
FNDA:0,(anonymous_17)
FNDA:0,(anonymous_18)
FNDA:0,(anonymous_19)
FNDA:0,(anonymous_20)
FNDA:0,(anonymous_21)
FNDA:0,(anonymous_22)
FNDA:0,(anonymous_23)
FNDA:0,(anonymous_24)
FNDA:0,(anonymous_25)
FNDA:0,(anonymous_26)
FNDA:0,(anonymous_27)
FNDA:0,(anonymous_28)
FNDA:0,(anonymous_29)
FNDA:0,(anonymous_30)
FNDA:0,(anonymous_31)
FNDA:0,(anonymous_32)
FNDA:0,(anonymous_33)
FNDA:0,(anonymous_34)
FNDA:0,(anonymous_35)
FNDA:0,(anonymous_36)
FNDA:0,(anonymous_37)
FNDA:0,(anonymous_38)
FNDA:0,(anonymous_39)
FNDA:0,(anonymous_40)
FNDA:0,(anonymous_41)
FNDA:0,(anonymous_42)
FNDA:1,(anonymous_43)
FNDA:0,(anonymous_44)
FNDA:0,(anonymous_45)
FNDA:0,(anonymous_46)
FNDA:0,(anonymous_47)
FNDA:0,(anonymous_48)
FNDA:0,(anonymous_49)
FNDA:0,(anonymous_50)
FNDA:0,(anonymous_51)
FNDA:0,(anonymous_52)
FNDA:0,(anonymous_53)
FNDA:0,(anonymous_54)
FNDA:0,(anonymous_55)
FNDA:0,(anonymous_56)
FNDA:0,(anonymous_57)
FNDA:0,(anonymous_58)
FNDA:0,(anonymous_59)
FNDA:0,(anonymous_60)
FNDA:0,(anonymous_61)
FNDA:0,(anonymous_62)
FNDA:0,(anonymous_63)
FNDA:0,(anonymous_64)
FNDA:0,(anonymous_65)
FNDA:0,(anonymous_66)
FNDA:0,(anonymous_67)
FNDA:0,(anonymous_68)
FNDA:0,(anonymous_69)
FNDA:0,(anonymous_70)
FNDA:0,(anonymous_71)
FNDA:0,(anonymous_72)
FNDA:0,(anonymous_73)
FNDA:0,(anonymous_74)
FNDA:0,(anonymous_75)
FNDA:0,(anonymous_76)
FNDA:0,(anonymous_77)
FNDA:0,(anonymous_78)
FNDA:0,(anonymous_79)
FNDA:0,(anonymous_80)
FNDA:0,(anonymous_81)
FNDA:0,(anonymous_82)
FNDA:0,(anonymous_83)
FNDA:0,(anonymous_84)
FNDA:0,(anonymous_85)
FNDA:0,(anonymous_86)
FNDA:0,(anonymous_87)
FNDA:0,(anonymous_88)
FNDA:0,(anonymous_89)
FNDA:0,(anonymous_90)
FNDA:0,(anonymous_91)
FNDA:0,(anonymous_92)
FNDA:0,(anonymous_93)
FNDA:0,(anonymous_94)
FNDA:0,(anonymous_95)
FNDA:2,getDatabase
FNDA:0,closeDatabase
DA:32,1
DA:33,1
DA:318,1
DA:320,1
DA:326,1
DA:328,1
DA:329,1
DA:335,1
DA:338,1
DA:340,1
DA:342,0
DA:343,0
DA:351,1
DA:353,1
DA:357,1
DA:358,0
DA:359,0
DA:362,0
DA:363,0
DA:371,0
DA:849,0
DA:850,0
DA:863,0
DA:864,0
DA:868,0
DA:873,0
DA:877,0
DA:878,0
DA:879,0
DA:881,0
DA:883,0
DA:884,0
DA:885,0
DA:886,0
DA:888,0
DA:890,0
DA:896,0
DA:905,0
DA:906,0
DA:909,0
DA:918,0
DA:921,0
DA:923,0
DA:924,0
DA:927,0
DA:936,0
DA:938,0
DA:952,0
DA:969,0
DA:970,0
DA:974,0
DA:977,0
DA:981,0
DA:997,0
DA:999,0
DA:1017,0
DA:1018,0
DA:1022,0
DA:1025,0
DA:1029,0
DA:1031,0
DA:1046,0
DA:1072,0
DA:1079,0
DA:1106,0
DA:1126,0
DA:1133,0
DA:1151,0
DA:1152,0
DA:1160,0
DA:1171,0
DA:1172,0
DA:1176,0
DA:1177,0
DA:1188,0
DA:1190,0
DA:1191,0
DA:1192,0
DA:1200,0
DA:1201,0
DA:1202,0
DA:1209,0
DA:1210,0
DA:1212,0
DA:1214,0
DA:1215,0
DA:1218,0
DA:1219,0
DA:1223,0
DA:1224,0
DA:1225,0
DA:1226,0
DA:1227,0
DA:1235,0
DA:1241,0
DA:1248,0
DA:1250,0
DA:1251,0
DA:1258,0
DA:1259,0
DA:1267,0
DA:1268,0
DA:1275,0
DA:1276,0
DA:1285,0
DA:1286,0
DA:1291,0
DA:1297,0
DA:1300,0
DA:1310,0
DA:1328,0
DA:1343,0
DA:1356,0
DA:1371,0
DA:1372,0
DA:1373,0
DA:1386,0
DA:1390,0
DA:1391,0
DA:1395,0
DA:1398,0
DA:1407,0
DA:1504,0
DA:1512,0
DA:1575,0
DA:1579,0
DA:1595,0
DA:1600,0
DA:1664,0
DA:1668,0
DA:1706,0
DA:1715,0
DA:1765,0
DA:1770,0
DA:1822,0
DA:1825,0
DA:1848,0
DA:1850,0
DA:1858,0
DA:1922,0
DA:1933,0
DA:1982,0
DA:1990,0
DA:1991,0
DA:1992,0
DA:1998,0
DA:2003,1
DA:2011,1
DA:2019,0
DA:2022,0
DA:2029,0
DA:2042,0
DA:2046,0
DA:2053,0
DA:2067,0
DA:2074,0
DA:2087,0
DA:2091,0
DA:2093,0
DA:2104,0
DA:2105,0
DA:2121,0
DA:2122,0
DA:2126,0
DA:2139,0
DA:2146,0
DA:2156,0
DA:2163,0
DA:2170,0
DA:2183,0
DA:2267,0
DA:2271,0
DA:2284,0
DA:2295,0
DA:2311,0
DA:2312,0
DA:2314,0
DA:2315,0
DA:2316,0
DA:2319,0
DA:2320,0
DA:2321,0
DA:2323,0
DA:2324,0
DA:2329,0
DA:2330,0
DA:2332,0
DA:2333,0
DA:2334,0
DA:2338,0
DA:2339,0
DA:2340,0
DA:2341,0
DA:2343,0
DA:2344,0
DA:2345,0
DA:2346,0
DA:2348,0
DA:2349,0
DA:2355,0
DA:2369,0
DA:2389,0
DA:2409,0
DA:2425,0
DA:2462,0
DA:2465,0
DA:2486,0
DA:2490,0
DA:2497,0
DA:2511,0
DA:2528,0
DA:2568,0
DA:2579,0
DA:2596,0
DA:2615,0
DA:2623,0
DA:2666,0
DA:2674,0
DA:2738,0
DA:2742,0
DA:2803,0
DA:2807,0
DA:2873,0
DA:2877,0
DA:2909,0
DA:2913,0
DA:2914,0
DA:2960,0
DA:2964,0
DA:3016,0
DA:3024,0
DA:3045,0
DA:3051,0
DA:3052,0
DA:3053,0
DA:3055,0
DA:3059,0
DA:3060,0
DA:3064,0
DA:3075,0
DA:3081,0
DA:3082,0
DA:3083,0
DA:3086,0
DA:3088,0
DA:3089,0
DA:3093,0
DA:3108,0
DA:3109,0
DA:3111,0
DA:3127,0
DA:3130,0
DA:3131,0
DA:3145,0
DA:3148,0
DA:3156,0
DA:3157,0
DA:3159,0
DA:3160,0
DA:3163,0
DA:3180,0
DA:3182,0
DA:3204,0
DA:3213,0
DA:3224,0
DA:3232,0
DA:3242,0
DA:3252,0
DA:3267,0
DA:3279,0
DA:3285,0
DA:3287,0
DA:3290,0
DA:3298,0
DA:3300,0
DA:3301,0
DA:3302,0
DA:3303,0
DA:3306,0
DA:3307,0
DA:3308,0
DA:3309,0
DA:3313,0
DA:3314,0
DA:3315,0
DA:3316,0
DA:3321,0
DA:3369,0
DA:3371,0
DA:3378,0
DA:3385,0
DA:3392,0
DA:3393,0
DA:3406,0
DA:3407,0
DA:3408,0
DA:3421,0
DA:3422,0
DA:3423,0
DA:3437,0
DA:3438,0
DA:3446,0
DA:3460,0
DA:3461,0
DA:3474,0
DA:3485,0
DA:3487,0
DA:3488,0
DA:3489,0
DA:3492,0
DA:3493,0
DA:3494,0
DA:3497,0
DA:3498,0
DA:3499,0
DA:3502,0
DA:3504,0
DA:3507,0
DA:3514,0
DA:3515,0
DA:3516,0
DA:3518,0
DA:3519,0
DA:3524,0
DA:3531,0
DA:3545,0
DA:3550,0
DA:3552,0
DA:3553,0
DA:3554,0
DA:3557,0
DA:3558,0
DA:3559,0
DA:3562,0
DA:3564,0
DA:3571,0
DA:3575,0
DA:3588,0
DA:3589,0
DA:3616,0
DA:3623,0
DA:3641,0
DA:3654,0
DA:3656,0
DA:3657,0
DA:3658,0
DA:3661,0
DA:3663,0
DA:3670,0
DA:3680,0
DA:3696,0
DA:3697,0
DA:3702,0
DA:3709,0
DA:3711,0
DA:3721,1
DA:3723,1
DA:3724,2
DA:3725,1
DA:3727,2
DA:3730,1
DA:3731,0
DA:3732,0
DA:3733,0
LF:364
LH:21
BRDA:326,0,0,1
BRDA:326,0,1,1
BRDA:357,1,0,0
BRDA:878,2,0,0
BRDA:878,2,1,0
BRDA:881,3,0,0
BRDA:886,4,0,0
BRDA:886,4,1,0
BRDA:912,5,0,0
BRDA:912,5,1,0
BRDA:923,6,0,0
BRDA:930,7,0,0
BRDA:930,7,1,0
BRDA:936,8,0,0
BRDA:936,8,1,0
BRDA:1084,9,0,0
BRDA:1084,9,1,0
BRDA:1085,10,0,0
BRDA:1085,10,1,0
BRDA:1086,11,0,0
BRDA:1086,11,1,0
BRDA:1139,12,0,0
BRDA:1139,12,1,0
BRDA:1172,13,0,0
BRDA:1172,13,1,0
BRDA:1191,14,0,0
BRDA:1201,15,0,0
BRDA:1201,16,0,0
BRDA:1201,16,1,0
BRDA:1214,17,0,0
BRDA:1218,18,0,0
BRDA:1218,19,0,0
BRDA:1218,19,1,0
BRDA:1223,20,0,0
BRDA:1226,21,0,0
BRDA:1235,22,0,0
BRDA:1235,23,0,0
BRDA:1235,23,1,0
BRDA:1235,23,2,0
BRDA:1235,23,3,0
BRDA:1235,23,4,0
BRDA:1235,23,5,0
BRDA:1248,24,0,0
BRDA:1248,24,1,0
BRDA:1250,25,0,0
BRDA:1258,26,0,0
BRDA:1258,27,0,0
BRDA:1258,27,1,0
BRDA:1348,28,0,0
BRDA:1348,28,1,0
BRDA:1349,29,0,0
BRDA:1349,29,1,0
BRDA:1350,30,0,0
BRDA:1350,30,1,0
BRDA:1351,31,0,0
BRDA:1351,31,1,0
BRDA:1378,32,0,0
BRDA:1378,32,1,0
BRDA:1379,33,0,0
BRDA:1379,33,1,0
BRDA:1380,34,0,0
BRDA:1380,34,1,0
BRDA:1381,35,0,0
BRDA:1381,35,1,0
BRDA:1851,36,0,0
BRDA:1851,36,1,0
BRDA:1990,37,0,0
BRDA:2039,38,0,0
BRDA:2039,38,1,0
BRDA:2062,39,0,0
BRDA:2062,39,1,0
BRDA:2081,40,0,0
BRDA:2081,40,1,0
BRDA:2082,41,0,0
BRDA:2082,41,1,0
BRDA:2091,42,0,0
BRDA:2151,43,0,0
BRDA:2151,43,1,0
BRDA:2320,44,0,0
BRDA:2323,45,0,0
BRDA:2324,46,0,0
BRDA:2324,46,1,0
BRDA:2333,47,0,0
BRDA:2340,48,0,0
BRDA:2343,49,0,0
BRDA:2343,49,1,0
BRDA:2344,50,0,0
BRDA:2345,51,0,0
BRDA:2348,52,0,0
BRDA:2401,53,0,0
BRDA:2401,53,1,0
BRDA:2503,54,0,0
BRDA:2503,54,1,0
BRDA:2504,55,0,0
BRDA:2504,55,1,0
BRDA:2527,56,0,0
BRDA:2597,57,0,0
BRDA:2597,57,1,0
BRDA:3039,58,0,0
BRDA:3059,59,0,0
BRDA:3081,60,0,0
BRDA:3081,61,0,0
BRDA:3081,61,1,0
BRDA:3086,62,0,0
BRDA:3086,62,1,0
BRDA:3086,63,0,0
BRDA:3086,63,1,0
BRDA:3088,64,0,0
BRDA:3088,64,1,0
BRDA:3105,65,0,0
BRDA:3105,65,1,0
BRDA:3109,66,0,0
BRDA:3109,66,1,0
BRDA:3109,67,0,0
BRDA:3109,67,1,0
BRDA:3123,68,0,0
BRDA:3123,68,1,0
BRDA:3143,69,0,0
BRDA:3143,69,1,0
BRDA:3150,70,0,0
BRDA:3150,70,1,0
BRDA:3160,71,0,0
BRDA:3160,71,1,0
BRDA:3197,72,0,0
BRDA:3197,72,1,0
BRDA:3200,73,0,0
BRDA:3200,73,1,0
BRDA:3201,74,0,0
BRDA:3201,74,1,0
BRDA:3300,75,0,0
BRDA:3300,75,1,0
BRDA:3302,76,0,0
BRDA:3306,77,0,0
BRDA:3306,77,1,0
BRDA:3308,78,0,0
BRDA:3313,79,0,0
BRDA:3313,80,0,0
BRDA:3313,80,1,0
BRDA:3315,81,0,0
BRDA:3315,82,0,0
BRDA:3315,82,1,0
BRDA:3315,82,2,0
BRDA:3398,83,0,0
BRDA:3398,83,1,0
BRDA:3399,84,0,0
BRDA:3399,84,1,0
BRDA:3400,85,0,0
BRDA:3400,85,1,0
BRDA:3401,86,0,0
BRDA:3401,86,1,0
BRDA:3402,87,0,0
BRDA:3402,87,1,0
BRDA:3406,88,0,0
BRDA:3413,89,0,0
BRDA:3413,89,1,0
BRDA:3414,90,0,0
BRDA:3414,90,1,0
BRDA:3415,91,0,0
BRDA:3415,91,1,0
BRDA:3421,92,0,0
BRDA:3427,93,0,0
BRDA:3427,93,1,0
BRDA:3428,94,0,0
BRDA:3428,94,1,0
BRDA:3429,95,0,0
BRDA:3429,95,1,0
BRDA:3430,96,0,0
BRDA:3430,96,1,0
BRDA:3437,97,0,0
BRDA:3449,98,0,0
BRDA:3449,98,1,0
BRDA:3450,99,0,0
BRDA:3450,99,1,0
BRDA:3451,100,0,0
BRDA:3451,100,1,0
BRDA:3452,101,0,0
BRDA:3452,101,1,0
BRDA:3453,102,0,0
BRDA:3453,102,1,0
BRDA:3454,103,0,0
BRDA:3454,103,1,0
BRDA:3455,104,0,0
BRDA:3455,104,1,0
BRDA:3487,105,0,0
BRDA:3492,106,0,0
BRDA:3497,107,0,0
BRDA:3507,108,0,0
BRDA:3507,109,0,0
BRDA:3507,109,1,0
BRDA:3515,110,0,0
BRDA:3518,111,0,0
BRDA:3552,112,0,0
BRDA:3557,113,0,0
BRDA:3575,114,0,0
BRDA:3591,115,0,0
BRDA:3591,115,1,0
BRDA:3592,116,0,0
BRDA:3592,116,1,0
BRDA:3593,117,0,0
BRDA:3593,117,1,0
BRDA:3594,118,0,0
BRDA:3594,118,1,0
BRDA:3595,119,0,0
BRDA:3595,119,1,0
BRDA:3596,120,0,0
BRDA:3596,120,1,0
BRDA:3597,121,0,0
BRDA:3597,121,1,0
BRDA:3628,122,0,0
BRDA:3628,122,1,0
BRDA:3629,123,0,0
BRDA:3629,123,1,0
BRDA:3630,124,0,0
BRDA:3630,124,1,0
BRDA:3631,125,0,0
BRDA:3631,125,1,0
BRDA:3632,126,0,0
BRDA:3632,126,1,0
BRDA:3633,127,0,0
BRDA:3633,127,1,0
BRDA:3656,128,0,0
BRDA:3672,129,0,0
BRDA:3672,129,1,0
BRDA:3724,130,0,1
BRDA:3731,131,0,0
BRF:225
BRH:3
end_of_record
TN:
SF:src/db/monitored-database.ts
FN:11,(anonymous_0)
FN:19,(anonymous_1)
FN:81,(anonymous_2)
FN:127,(anonymous_3)
FN:183,(anonymous_4)
FN:231,(anonymous_5)
FN:297,getMonitoredDatabase
FN:309,closeMonitoredDatabase
FNF:8
FNH:0
FNDA:0,(anonymous_0)
FNDA:0,(anonymous_1)
FNDA:0,(anonymous_2)
FNDA:0,(anonymous_3)
FNDA:0,(anonymous_4)
FNDA:0,(anonymous_5)
FNDA:0,getMonitoredDatabase
FNDA:0,closeMonitoredDatabase
DA:12,0
DA:13,0
DA:21,0
DA:22,0
DA:28,0
DA:29,0
DA:35,0
DA:36,0
DA:42,0
DA:43,0
DA:49,0
DA:50,0
DA:56,0
DA:57,0
DA:63,0
DA:64,0
DA:70,0
DA:71,0
DA:82,0
DA:84,0
DA:85,0
DA:86,0
DA:88,0
DA:93,0
DA:105,0
DA:107,0
DA:108,0
DA:109,0
DA:110,0
DA:112,0
DA:114,0
DA:116,0
DA:120,0
DA:128,0
DA:129,0
DA:131,0
DA:137,0
DA:138,0
DA:139,0
DA:141,0
DA:147,0
DA:152,0
DA:158,0
DA:160,0
DA:165,0
DA:170,0
DA:176,0
DA:184,0
DA:185,0
DA:187,0
DA:193,0
DA:194,0
DA:195,0
DA:197,0
DA:204,0
DA:209,0
DA:211,0
DA:213,0
DA:219,0
DA:224,0
DA:232,0
DA:233,0
DA:235,0
DA:241,0
DA:242,0
DA:243,0
DA:245,0
DA:254,0
DA:259,0
DA:265,0
DA:267,0
DA:269,0
DA:276,0
DA:281,0
DA:287,0
DA:295,0
DA:298,0
DA:299,0
DA:301,0
DA:306,0
DA:310,0
DA:311,0
DA:312,0
DA:314,0
LF:84
LH:0
BRDA:107,0,0,0
BRDA:107,0,1,0
BRDA:108,1,0,0
BRDA:108,1,1,0
BRDA:109,2,0,0
BRDA:109,2,1,0
BRDA:110,3,0,0
BRDA:110,3,1,0
BRDA:200,4,0,0
BRDA:200,4,1,0
BRDA:250,5,0,0
BRDA:250,5,1,0
BRDA:298,6,0,0
BRDA:302,7,0,0
BRDA:302,7,1,0
BRDA:310,8,0,0
BRF:16
BRH:0
end_of_record
TN:
SF:src/middleware/monitoring.ts
FN:21,correlationIdMiddleware
FN:30,(anonymous_1)
FN:38,requestLoggingMiddleware
FN:57,(anonymous_3)
FN:62,(anonymous_4)
FN:73,responseLoggingMiddleware
FN:75,(anonymous_6)
FN:119,toolMonitoring
FN:120,(anonymous_8)
FN:217,monitorDatabaseQuery
FN:218,(anonymous_10)
FN:287,errorMonitoringMiddleware
FN:313,healthCheckHandler
FN:333,metricsHandler
FN:347,createMonitoringRouter
FN:351,(anonymous_15)
FN:373,(anonymous_16)
FN:385,(anonymous_17)
FN:405,(anonymous_18)
FN:423,(anonymous_19)
FN:446,(anonymous_20)
FN:460,(anonymous_21)
FN:477,(anonymous_22)
FNF:23
FNH:0
FNDA:0,correlationIdMiddleware
FNDA:0,(anonymous_1)
FNDA:0,requestLoggingMiddleware
FNDA:0,(anonymous_3)
FNDA:0,(anonymous_4)
FNDA:0,responseLoggingMiddleware
FNDA:0,(anonymous_6)
FNDA:0,toolMonitoring
FNDA:0,(anonymous_8)
FNDA:0,monitorDatabaseQuery
FNDA:0,(anonymous_10)
FNDA:0,errorMonitoringMiddleware
FNDA:0,healthCheckHandler
FNDA:0,metricsHandler
FNDA:0,createMonitoringRouter
FNDA:0,(anonymous_15)
FNDA:0,(anonymous_16)
FNDA:0,(anonymous_17)
FNDA:0,(anonymous_18)
FNDA:0,(anonymous_19)
FNDA:0,(anonymous_20)
FNDA:0,(anonymous_21)
FNDA:0,(anonymous_22)
DA:22,0
DA:26,0
DA:27,0
DA:30,0
DA:31,0
DA:39,0
DA:42,0
DA:54,0
DA:55,0
DA:57,0
DA:58,0
DA:59,0
DA:62,0
DA:63,0
DA:64,0
DA:67,0
DA:75,0
DA:76,0
DA:77,0
DA:80,0
DA:81,0
DA:92,0
DA:98,0
DA:104,0
DA:105,0
DA:113,0
DA:120,0
DA:121,0
DA:122,0
DA:125,0
DA:126,0
DA:128,0
DA:136,0
DA:137,0
DA:138,0
DA:140,0
DA:150,0
DA:160,0
DA:165,0
DA:170,0
DA:172,0
DA:173,0
DA:175,0
DA:184,0
DA:194,0
DA:199,0
DA:204,0
DA:209,0
DA:218,0
DA:219,0
DA:220,0
DA:222,0
DA:229,0
DA:230,0
DA:231,0
DA:233,0
DA:241,0
DA:246,0
DA:252,0
DA:254,0
DA:256,0
DA:263,0
DA:268,0
DA:274,0
DA:279,0
DA:288,0
DA:290,0
DA:297,0
DA:303,0
DA:314,0
DA:323,0
DA:327,0
DA:334,0
DA:336,0
DA:340,0
DA:341,0
DA:348,0
DA:351,0
DA:352,0
DA:362,0
DA:366,0
DA:370,0
DA:373,0
DA:374,0
DA:378,0
DA:385,0
DA:386,0
DA:388,0
DA:393,0
DA:405,0
DA:406,0
DA:408,0
DA:413,0
DA:423,0
DA:424,0
DA:425,0
DA:427,0
DA:432,0
DA:434,0
DA:446,0
DA:447,0
DA:451,0
DA:453,0
DA:454,0
DA:455,0
DA:459,0
DA:460,0
DA:461,0
DA:465,0
DA:467,0
DA:476,0
DA:477,0
DA:479,0
DA:486,0
DA:490,0
LF:115
LH:0
BRDA:22,0,0,0
BRDA:22,0,1,0
BRDA:22,0,2,0
BRDA:76,1,0,0
BRDA:80,2,0,0
BRDA:80,2,1,0
BRDA:88,3,0,0
BRDA:88,3,1,0
BRDA:104,4,0,0
BRDA:125,5,0,0
BRDA:125,5,1,0
BRDA:206,6,0,0
BRDA:206,6,1,0
BRDA:238,7,0,0
BRDA:238,7,1,0
BRDA:276,8,0,0
BRDA:276,8,1,0
BRDA:288,9,0,0
BRDA:288,9,1,0
BRDA:299,10,0,0
BRDA:299,10,1,0
BRDA:303,11,0,0
BRDA:303,11,1,0
BRDA:304,12,0,0
BRDA:304,12,1,0
BRDA:386,13,0,0
BRDA:386,13,1,0
BRDA:406,14,0,0
BRDA:406,14,1,0
BRDA:424,15,0,0
BRDA:424,15,1,0
BRDA:459,16,0,0
BRDA:476,17,0,0
BRF:33
BRH:0
end_of_record
TN:
SF:src/security/auth.ts
FN:46,(anonymous_0)
FN:83,(anonymous_1)
FN:101,(anonymous_2)
FN:116,(anonymous_3)
FN:122,(anonymous_4)
FN:135,(anonymous_5)
FN:155,(anonymous_6)
FN:156,(anonymous_7)
FN:166,(anonymous_8)
FN:182,(anonymous_9)
FN:183,(anonymous_10)
FN:244,(anonymous_11)
FN:245,(anonymous_12)
FN:284,(anonymous_13)
FN:291,(anonymous_14)
FN:298,(anonymous_15)
FNF:16
FNH:0
FNDA:0,(anonymous_0)
FNDA:0,(anonymous_1)
FNDA:0,(anonymous_2)
FNDA:0,(anonymous_3)
FNDA:0,(anonymous_4)
FNDA:0,(anonymous_5)
FNDA:0,(anonymous_6)
FNDA:0,(anonymous_7)
FNDA:0,(anonymous_8)
FNDA:0,(anonymous_9)
FNDA:0,(anonymous_10)
FNDA:0,(anonymous_11)
FNDA:0,(anonymous_12)
FNDA:0,(anonymous_13)
FNDA:0,(anonymous_14)
FNDA:0,(anonymous_15)
DA:48,0
DA:50,0
DA:62,0
DA:63,0
DA:64,0
DA:67,0
DA:77,0
DA:85,0
DA:86,0
DA:90,0
DA:91,0
DA:95,0
DA:102,0
DA:103,0
DA:105,0
DA:106,0
DA:107,0
DA:110,0
DA:117,0
DA:118,0
DA:119,0
DA:122,0
DA:123,0
DA:124,0
DA:126,0
DA:127,0
DA:136,0
DA:137,0
DA:138,0
DA:141,0
DA:142,0
DA:149,0
DA:156,0
DA:157,0
DA:167,0
DA:168,0
DA:169,0
DA:171,0
DA:172,0
DA:183,0
DA:185,0
DA:186,0
DA:187,0
DA:188,0
DA:192,0
DA:193,0
DA:194,0
DA:201,0
DA:203,0
DA:204,0
DA:205,0
DA:206,0
DA:211,0
DA:212,0
DA:213,0
DA:217,0
DA:218,0
DA:219,0
DA:220,0
DA:221,0
DA:225,0
DA:228,0
DA:229,0
DA:230,0
DA:231,0
DA:235,0
DA:236,0
DA:245,0
DA:246,0
DA:249,0
DA:250,0
DA:251,0
DA:254,0
DA:255,0
DA:259,0
DA:260,0
DA:261,0
DA:265,0
DA:267,0
DA:268,0
DA:276,0
DA:277,0
DA:285,0
DA:292,0
DA:299,0
DA:304,0
LF:86
LH:0
BRDA:53,0,0,0
BRDA:53,0,1,0
BRDA:55,1,0,0
BRDA:55,1,1,0
BRDA:56,2,0,0
BRDA:56,2,1,0
BRDA:57,3,0,0
BRDA:57,3,1,0
BRDA:58,4,0,0
BRDA:58,4,1,0
BRDA:62,5,0,0
BRDA:63,6,0,0
BRDA:85,7,0,0
BRDA:85,8,0,0
BRDA:85,8,1,0
BRDA:90,9,0,0
BRDA:90,10,0,0
BRDA:90,10,1,0
BRDA:103,11,0,0
BRDA:106,12,0,0
BRDA:106,13,0,0
BRDA:106,13,1,0
BRDA:110,14,0,0
BRDA:110,14,1,0
BRDA:117,15,0,0
BRDA:123,16,0,0
BRDA:123,16,1,0
BRDA:136,17,0,0
BRDA:141,18,0,0
BRDA:167,19,0,0
BRDA:167,19,1,0
BRDA:185,20,0,0
BRDA:193,21,0,0
BRDA:197,22,0,0
BRDA:197,22,1,0
BRDA:203,23,0,0
BRDA:205,24,0,0
BRDA:217,25,0,0
BRDA:228,26,0,0
BRDA:228,26,1,0
BRDA:230,27,0,0
BRDA:249,28,0,0
BRDA:249,29,0,0
BRDA:249,29,1,0
BRDA:254,30,0,0
BRDA:259,31,0,0
BRDA:259,32,0,0
BRDA:259,32,1,0
BRDA:265,33,0,0
BRDA:265,33,1,0
BRDA:267,34,0,0
BRF:51
BRH:0
end_of_record
TN:
SF:src/security/logger.ts
FN:37,(anonymous_0)
FN:101,(anonymous_1)
FN:132,(anonymous_2)
FN:141,(anonymous_3)
FN:157,(anonymous_4)
FN:187,(anonymous_5)
FN:216,(anonymous_6)
FN:238,(anonymous_7)
FN:258,(anonymous_8)
FN:283,(anonymous_9)
FN:297,(anonymous_10)
FN:298,(anonymous_11)
FN:330,(anonymous_12)
FN:356,(anonymous_13)
FN:365,(anonymous_14)
FNF:15
FNH:0
FNDA:0,(anonymous_0)
FNDA:0,(anonymous_1)
FNDA:0,(anonymous_2)
FNDA:0,(anonymous_3)
FNDA:0,(anonymous_4)
FNDA:0,(anonymous_5)
FNDA:0,(anonymous_6)
FNDA:0,(anonymous_7)
FNDA:0,(anonymous_8)
FNDA:0,(anonymous_9)
FNDA:0,(anonymous_10)
FNDA:0,(anonymous_11)
FNDA:0,(anonymous_12)
FNDA:0,(anonymous_13)
FNDA:0,(anonymous_14)
DA:39,0
DA:57,0
DA:66,0
DA:102,0
DA:104,0
DA:105,0
DA:108,0
DA:109,0
DA:110,0
DA:111,0
DA:112,0
DA:116,0
DA:117,0
DA:118,0
DA:120,0
DA:122,0
DA:126,0
DA:133,0
DA:134,0
DA:135,0
DA:142,0
DA:143,0
DA:145,0
DA:146,0
DA:147,0
DA:151,0
DA:159,0
DA:162,0
DA:163,0
DA:167,0
DA:169,0
DA:171,0
DA:172,0
DA:174,0
DA:175,0
DA:177,0
DA:178,0
DA:180,0
DA:195,0
DA:197,0
DA:210,0
DA:222,0
DA:232,0
DA:243,0
DA:252,0
DA:264,0
DA:266,0
DA:277,0
DA:285,0
DA:298,0
DA:299,0
DA:300,0
DA:303,0
DA:306,0
DA:320,0
DA:321,0
DA:322,0
DA:323,0
DA:326,0
DA:329,0
DA:330,0
DA:331,0
DA:334,0
DA:344,0
DA:346,0
DA:349,0
DA:359,0
DA:373,0
DA:384,0
LF:69
LH:0
BRDA:67,0,0,0
BRDA:67,0,1,0
BRDA:104,1,0,0
BRDA:104,1,1,0
BRDA:110,2,0,0
BRDA:116,3,0,0
BRDA:116,3,1,0
BRDA:118,4,0,0
BRDA:118,4,1,0
BRDA:118,5,0,0
BRDA:118,5,1,0
BRDA:146,6,0,0
BRDA:159,7,0,0
BRDA:159,7,1,0
BRDA:162,8,0,0
BRDA:162,9,0,0
BRDA:162,9,1,0
BRDA:167,10,0,0
BRDA:167,10,1,0
BRDA:167,10,2,0
BRDA:167,10,3,0
BRDA:200,11,0,0
BRDA:200,11,1,0
BRDA:207,12,0,0
BRDA:207,12,1,0
BRDA:225,13,0,0
BRDA:225,13,1,0
BRDA:264,14,0,0
BRDA:264,14,1,0
BRDA:269,15,0,0
BRDA:269,15,1,0
BRDA:273,16,0,0
BRDA:273,16,1,0
BRDA:274,17,0,0
BRDA:274,17,1,0
BRDA:316,18,0,0
BRDA:316,18,1,0
BRDA:320,19,0,0
BRDA:320,19,1,0
BRDA:321,20,0,0
BRDA:337,21,0,0
BRDA:337,21,1,0
BRDA:356,22,0,0
BRF:43
BRH:0
end_of_record
TN:
SF:src/security/rate-limiter.ts
FN:23,(anonymous_0)
FN:31,(anonymous_1)
FN:37,(anonymous_2)
FN:57,(anonymous_3)
FN:64,(anonymous_4)
FN:71,(anonymous_5)
FN:78,(anonymous_6)
FN:107,(anonymous_7)
FN:122,(anonymous_8)
FN:136,(anonymous_9)
FN:140,(anonymous_10)
FN:146,(anonymous_11)
FN:152,(anonymous_12)
FN:153,(anonymous_13)
FN:205,(anonymous_14)
FN:219,(anonymous_15)
FN:227,(anonymous_16)
FN:237,(anonymous_17)
FN:255,(anonymous_18)
FN:262,(anonymous_19)
FNF:20
FNH:0
FNDA:0,(anonymous_0)
FNDA:0,(anonymous_1)
FNDA:0,(anonymous_2)
FNDA:0,(anonymous_3)
FNDA:0,(anonymous_4)
FNDA:0,(anonymous_5)
FNDA:0,(anonymous_6)
FNDA:0,(anonymous_7)
FNDA:0,(anonymous_8)
FNDA:0,(anonymous_9)
FNDA:0,(anonymous_10)
FNDA:0,(anonymous_11)
FNDA:0,(anonymous_12)
FNDA:0,(anonymous_13)
FNDA:0,(anonymous_14)
FNDA:0,(anonymous_15)
FNDA:0,(anonymous_16)
FNDA:0,(anonymous_17)
FNDA:0,(anonymous_18)
FNDA:0,(anonymous_19)
DA:24,0
DA:25,0
DA:28,0
DA:31,0
DA:39,0
DA:40,0
DA:41,0
DA:42,0
DA:43,0
DA:44,0
DA:45,0
DA:46,0
DA:47,0
DA:48,0
DA:49,0
DA:50,0
DA:51,0
DA:58,0
DA:65,0
DA:72,0
DA:79,0
DA:80,0
DA:81,0
DA:83,0
DA:86,0
DA:87,0
DA:91,0
DA:95,0
DA:96,0
DA:100,0
DA:101,0
DA:108,0
DA:109,0
DA:110,0
DA:112,0
DA:113,0
DA:116,0
DA:123,0
DA:124,0
DA:126,0
DA:127,0
DA:130,0
DA:137,0
DA:138,0
DA:140,0
DA:141,0
DA:142,0
DA:146,0
DA:153,0
DA:154,0
DA:156,0
DA:162,0
DA:168,0
DA:169,0
DA:170,0
DA:172,0
DA:173,0
DA:174,0
DA:175,0
DA:177,0
DA:185,0
DA:186,0
DA:188,0
DA:189,0
DA:190,0
DA:192,0
DA:193,0
DA:195,0
DA:196,0
DA:197,0
DA:206,0
DA:207,0
DA:209,0
DA:220,0
DA:221,0
DA:228,0
DA:229,0
DA:230,0
DA:231,0
DA:234,0
DA:237,0
DA:240,0
DA:241,0
DA:242,0
DA:246,0
DA:247,0
DA:249,0
DA:256,0
DA:257,0
DA:258,0
DA:259,0
DA:261,0
DA:262,0
DA:264,0
DA:269,0
LF:95
LH:0
BRDA:65,0,0,0
BRDA:65,0,1,0
BRDA:86,1,0,0
BRDA:86,2,0,0
BRDA:86,2,1,0
BRDA:95,3,0,0
BRDA:112,4,0,0
BRDA:112,5,0,0
BRDA:112,5,1,0
BRDA:126,6,0,0
BRDA:141,7,0,0
BRDA:156,8,0,0
BRDA:156,8,1,0
BRDA:156,8,2,0
BRDA:156,8,3,0
BRDA:162,9,0,0
BRDA:162,9,1,0
BRDA:162,9,2,0
BRDA:162,9,3,0
BRDA:168,10,0,0
BRDA:206,11,0,0
BRDA:234,12,0,0
BRDA:234,12,1,0
BRDA:240,13,0,0
BRDA:261,14,0,0
BRDA:261,14,1,0
BRF:26
BRH:0
end_of_record
TN:
SF:src/security/validators.ts
FN:13,(anonymous_0)
FN:26,(anonymous_1)
FN:39,(anonymous_2)
FN:53,(anonymous_3)
FN:91,(anonymous_4)
FN:110,(anonymous_5)
FN:127,(anonymous_6)
FN:138,(anonymous_7)
FN:151,(anonymous_8)
FN:288,validateToolParams
FN:310,(anonymous_10)
FN:320,validateFileSize
FN:329,validateMimeType
FNF:13
FNH:0
FNDA:0,(anonymous_0)
FNDA:0,(anonymous_1)
FNDA:0,(anonymous_2)
FNDA:0,(anonymous_3)
FNDA:0,(anonymous_4)
FNDA:0,(anonymous_5)
FNDA:0,(anonymous_6)
FNDA:0,(anonymous_7)
FNDA:0,(anonymous_8)
FNDA:0,validateToolParams
FNDA:0,(anonymous_10)
FNDA:0,validateFileSize
FNDA:0,validateMimeType
DA:14,0
DA:15,0
DA:27,0
DA:28,0
DA:41,0
DA:42,0
DA:55,0
DA:56,0
DA:60,0
DA:61,0
DA:66,0
DA:67,0
DA:68,0
DA:72,0
DA:73,0
DA:74,0
DA:75,0
DA:80,0
DA:81,0
DA:82,0
DA:85,0
DA:92,0
DA:93,0
DA:96,0
DA:97,0
DA:100,0
DA:101,0
DA:104,0
DA:111,0
DA:113,0
DA:114,0
DA:117,0
DA:118,0
DA:121,0
DA:128,0
DA:129,0
DA:132,0
DA:140,0
DA:141,0
DA:142,0
DA:145,0
DA:153,0
DA:154,0
DA:155,0
DA:158,0
DA:167,0
DA:177,0
DA:186,0
DA:196,0
DA:224,0
DA:244,0
DA:261,0
DA:278,0
DA:289,0
DA:301,0
DA:302,0
DA:303,0
DA:306,0
DA:307,0
DA:309,0
DA:310,0
DA:311,0
DA:313,0
DA:321,0
DA:322,0
DA:330,0
DA:331,0
LF:67
LH:0
BRDA:27,0,0,0
BRDA:27,0,1,0
BRDA:28,1,0,0
BRDA:28,1,1,0
BRDA:55,2,0,0
BRDA:60,3,0,0
BRDA:60,4,0,0
BRDA:60,4,1,0
BRDA:67,5,0,0
BRDA:72,6,0,0
BRDA:72,7,0,0
BRDA:72,7,1,0
BRDA:74,8,0,0
BRDA:81,9,0,0
BRDA:92,10,0,0
BRDA:96,11,0,0
BRDA:100,12,0,0
BRDA:100,13,0,0
BRDA:100,13,1,0
BRDA:113,14,0,0
BRDA:117,15,0,0
BRDA:117,16,0,0
BRDA:117,16,1,0
BRDA:128,17,0,0
BRDA:141,18,0,0
BRDA:154,19,0,0
BRDA:302,20,0,0
BRDA:309,21,0,0
BRDA:320,22,0,0
BRDA:321,23,0,0
BRDA:330,24,0,0
BRF:31
BRH:0
end_of_record
TN:
SF:src/services/framework-loader.ts
FN:27,(anonymous_1)
FN:34,(anonymous_2)
FN:54,(anonymous_3)
FN:92,(anonymous_4)
FN:105,(anonymous_5)
FN:112,(anonymous_6)
FN:119,(anonymous_7)
FN:134,(anonymous_8)
FN:141,(anonymous_9)
FN:156,(anonymous_10)
FN:163,(anonymous_11)
FN:170,(anonymous_12)
FN:189,(anonymous_13)
FN:193,(anonymous_14)
FN:200,(anonymous_15)
FN:204,(anonymous_16)
FN:212,(anonymous_17)
FN:216,(anonymous_18)
FN:223,(anonymous_19)
FN:230,(anonymous_20)
FN:264,(anonymous_21)
FN:271,(anonymous_22)
FN:278,(anonymous_23)
FN:299,getFrameworkLoader
FN:306,initializeFramework
FNF:25
FNH:10
FNDA:1,(anonymous_1)
FNDA:1,(anonymous_2)
FNDA:1,(anonymous_3)
FNDA:363,(anonymous_4)
FNDA:1,(anonymous_5)
FNDA:3,(anonymous_6)
FNDA:2,(anonymous_7)
FNDA:0,(anonymous_8)
FNDA:0,(anonymous_9)
FNDA:0,(anonymous_10)
FNDA:0,(anonymous_11)
FNDA:0,(anonymous_12)
FNDA:0,(anonymous_13)
FNDA:0,(anonymous_14)
FNDA:0,(anonymous_15)
FNDA:0,(anonymous_16)
FNDA:0,(anonymous_17)
FNDA:0,(anonymous_18)
FNDA:0,(anonymous_19)
FNDA:1,(anonymous_20)
FNDA:6,(anonymous_21)
FNDA:0,(anonymous_22)
FNDA:0,(anonymous_23)
FNDA:6,getFrameworkLoader
FNDA:0,initializeFramework
DA:5,1
DA:6,1
DA:7,1
DA:17,1
DA:18,1
DA:22,1
DA:23,1
DA:24,1
DA:25,1
DA:28,1
DA:35,1
DA:36,1
DA:38,1
DA:39,1
DA:41,1
DA:42,1
DA:44,1
DA:46,0
DA:47,0
DA:55,1
DA:57,1
DA:58,1
DA:59,1
DA:60,1
DA:62,1
DA:63,938
DA:65,6
DA:66,6
DA:68,45
DA:69,45
DA:71,308
DA:72,308
DA:75,363
DA:76,363
DA:77,363
DA:78,363
DA:79,363
DA:81,363
DA:86,1
DA:94,363
DA:95,363
DA:106,1
DA:113,3
DA:120,2
DA:122,2
DA:123,68
DA:124,12
DA:128,2
DA:135,0
DA:142,0
DA:144,0
DA:145,0
DA:146,0
DA:150,0
DA:157,0
DA:164,0
DA:171,0
DA:173,0
DA:174,0
DA:176,0
DA:177,0
DA:178,0
DA:179,0
DA:183,0
DA:190,0
DA:192,0
DA:193,0
DA:201,0
DA:203,0
DA:204,0
DA:213,0
DA:215,0
DA:216,0
DA:224,0
DA:231,1
DA:232,0
DA:243,1
DA:254,1
DA:255,106
DA:258,1
DA:265,6
DA:272,0
DA:279,0
DA:281,0
DA:283,0
DA:285,0
DA:287,0
DA:291,0
DA:297,1
DA:299,1
DA:300,6
DA:301,1
DA:303,6
DA:306,1
DA:307,0
DA:308,0
DA:309,0
DA:311,0
LF:98
LH:58
BRDA:28,0,0,1
BRDA:28,0,1,1
BRDA:55,1,0,0
BRDA:63,2,0,6
BRDA:63,2,1,45
BRDA:63,2,2,308
BRDA:63,2,3,363
BRDA:76,3,0,363
BRDA:77,4,0,363
BRDA:77,4,1,106
BRDA:95,5,0,363
BRDA:95,5,1,0
BRDA:123,6,0,12
BRDA:145,7,0,0
BRDA:164,8,0,0
BRDA:164,8,1,0
BRDA:171,9,0,0
BRDA:177,10,0,0
BRDA:177,10,1,0
BRDA:177,11,0,0
BRDA:177,11,1,0
BRDA:178,12,0,0
BRDA:190,13,0,0
BRDA:201,14,0,0
BRDA:201,15,0,0
BRDA:201,15,1,0
BRDA:204,16,0,0
BRDA:204,16,1,0
BRDA:213,17,0,0
BRDA:224,18,0,0
BRDA:224,18,1,0
BRDA:231,19,0,0
BRDA:249,20,0,1
BRDA:249,20,1,0
BRDA:279,21,0,0
BRDA:279,21,1,0
BRDA:279,21,2,0
BRDA:279,21,3,0
BRDA:279,21,4,0
BRDA:287,22,0,0
BRDA:287,22,1,0
BRDA:287,22,2,0
BRDA:300,23,0,1
BRDA:308,24,0,0
BRF:44
BRH:13
end_of_record
TN:
SF:src/services/framework-seeder.ts
FN:9,(anonymous_0)
FN:15,(anonymous_1)
FN:42,(anonymous_2)
FN:63,(anonymous_3)
FN:93,(anonymous_4)
FN:129,(anonymous_5)
FNF:6
FNH:0
FNDA:0,(anonymous_0)
FNDA:0,(anonymous_1)
FNDA:0,(anonymous_2)
FNDA:0,(anonymous_3)
FNDA:0,(anonymous_4)
FNDA:0,(anonymous_5)
DA:10,0
DA:16,0
DA:18,0
DA:20,0
DA:21,0
DA:24,0
DA:27,0
DA:30,0
DA:32,0
DA:33,0
DA:36,0
DA:37,0
DA:38,0
DA:43,0
DA:47,0
DA:56,0
DA:57,0
DA:60,0
DA:64,0
DA:68,0
DA:86,0
DA:87,0
DA:90,0
DA:94,0
DA:98,0
DA:119,0
DA:120,0
DA:123,0
DA:130,0
DA:132,0
DA:133,0
DA:134,0
DA:137,0
DA:138,0
DA:142,0
DA:144,0
DA:145,0
DA:146,0
DA:147,0
DA:148,0
DA:152,0
DA:154,0
DA:160,0
LF:43
LH:0
BRDA:137,0,0,0
BRDA:137,1,0,0
BRDA:137,1,1,0
BRDA:137,1,2,0
BRDA:146,2,0,0
BRF:5
BRH:0
end_of_record
TN:
SF:src/services/question-bank.ts
FN:19,(anonymous_0)
FN:25,(anonymous_1)
FN:56,(anonymous_2)
FN:105,(anonymous_3)
FN:155,(anonymous_4)
FN:172,(anonymous_5)
FN:176,(anonymous_6)
FN:187,(anonymous_7)
FN:205,(anonymous_8)
FN:239,(anonymous_9)
FN:253,(anonymous_10)
FN:261,(anonymous_11)
FN:264,(anonymous_12)
FN:264,(anonymous_13)
FN:274,(anonymous_14)
FN:285,(anonymous_15)
FN:291,(anonymous_16)
FN:292,(anonymous_17)
FN:299,(anonymous_18)
FN:318,(anonymous_19)
FN:333,(anonymous_20)
FN:346,(anonymous_21)
FN:360,(anonymous_22)
FN:383,(anonymous_23)
FN:400,(anonymous_24)
FN:409,(anonymous_25)
FN:418,(anonymous_26)
FN:424,(anonymous_27)
FN:434,(anonymous_28)
FNF:29
FNH:1
FNDA:1,(anonymous_0)
FNDA:0,(anonymous_1)
FNDA:0,(anonymous_2)
FNDA:0,(anonymous_3)
FNDA:0,(anonymous_4)
FNDA:0,(anonymous_5)
FNDA:0,(anonymous_6)
FNDA:0,(anonymous_7)
FNDA:0,(anonymous_8)
FNDA:0,(anonymous_9)
FNDA:0,(anonymous_10)
FNDA:0,(anonymous_11)
FNDA:0,(anonymous_12)
FNDA:0,(anonymous_13)
FNDA:0,(anonymous_14)
FNDA:0,(anonymous_15)
FNDA:0,(anonymous_16)
FNDA:0,(anonymous_17)
FNDA:0,(anonymous_18)
FNDA:0,(anonymous_19)
FNDA:0,(anonymous_20)
FNDA:0,(anonymous_21)
FNDA:0,(anonymous_22)
FNDA:0,(anonymous_23)
FNDA:0,(anonymous_24)
FNDA:0,(anonymous_25)
FNDA:0,(anonymous_26)
FNDA:0,(anonymous_27)
FNDA:0,(anonymous_28)
DA:15,1
DA:16,1
DA:17,1
DA:19,1
DA:20,1
DA:26,0
DA:27,0
DA:30,0
DA:32,0
DA:33,0
DA:38,0
DA:39,0
DA:44,0
DA:47,0
DA:48,0
DA:49,0
DA:57,0
DA:58,0
DA:60,0
DA:61,0
DA:65,0
DA:66,0
DA:68,0
DA:69,0
DA:72,0
DA:73,0
DA:74,0
DA:78,0
DA:93,0
DA:96,0
DA:97,0
DA:98,0
DA:109,0
DA:110,0
DA:111,0
DA:112,0
DA:115,0
DA:118,0
DA:121,0
DA:122,0
DA:123,0
DA:125,0
DA:140,0
DA:143,0
DA:144,0
DA:148,0
DA:156,0
DA:158,0
DA:159,0
DA:160,0
DA:161,0
DA:162,0
DA:165,0
DA:169,0
DA:171,0
DA:172,0
DA:175,0
DA:176,0
DA:177,0
DA:181,0
DA:188,0
DA:190,0
DA:192,0
DA:194,0
DA:196,0
DA:198,0
DA:206,0
DA:208,0
DA:216,0
DA:226,0
DA:240,0
DA:242,0
DA:244,0
DA:246,0
DA:254,0
DA:262,0
DA:263,0
DA:264,0
DA:266,0
DA:267,0
DA:276,0
DA:287,0
DA:288,0
DA:290,0
DA:291,0
DA:292,0
DA:301,0
DA:303,0
DA:312,0
DA:319,0
DA:321,0
DA:322,0
DA:323,0
DA:324,0
DA:327,0
DA:334,0
DA:347,0
DA:354,0
DA:362,0
DA:366,0
DA:368,0
DA:369,0
DA:373,0
DA:374,0
DA:377,0
DA:384,0
DA:385,0
DA:389,0
DA:394,0
DA:403,0
DA:413,0
DA:416,0
DA:418,0
DA:419,0
DA:420,0
DA:423,0
DA:424,0
DA:425,0
DA:426,0
DA:429,0
DA:434,0
DA:435,0
DA:436,0
DA:438,0
DA:439,0
DA:441,0
DA:447,1
LF:127
LH:6
BRDA:38,0,0,0
BRDA:47,1,0,0
BRDA:47,1,1,0
BRDA:60,2,0,0
BRDA:60,3,0,0
BRDA:60,3,1,0
BRDA:73,4,0,0
BRDA:80,5,0,0
BRDA:80,5,1,0
BRDA:81,6,0,0
BRDA:81,6,1,0
BRDA:82,7,0,0
BRDA:82,7,1,0
BRDA:84,8,0,0
BRDA:84,8,1,0
BRDA:89,9,0,0
BRDA:89,9,1,0
BRDA:96,10,0,0
BRDA:96,10,1,0
BRDA:122,11,0,0
BRDA:122,11,1,0
BRDA:123,12,0,0
BRDA:123,12,1,0
BRDA:143,13,0,0
BRDA:143,13,1,0
BRDA:156,14,0,0
BRDA:161,15,0,0
BRDA:161,16,0,0
BRDA:161,16,1,0
BRDA:171,17,0,0
BRDA:175,18,0,0
BRDA:190,19,0,0
BRDA:190,19,1,0
BRDA:190,19,2,0
BRDA:190,19,3,0
BRDA:206,20,0,0
BRDA:206,20,1,0
BRDA:206,20,2,0
BRDA:240,21,0,0
BRDA:240,21,1,0
BRDA:240,21,2,0
BRDA:264,22,0,0
BRDA:264,22,1,0
BRDA:264,23,0,0
BRDA:264,23,1,0
BRDA:312,24,0,0
BRDA:312,24,1,0
BRDA:321,25,0,0
BRDA:321,25,1,0
BRDA:323,26,0,0
BRDA:354,27,0,0
BRDA:354,27,1,0
BRDA:368,28,0,0
BRDA:373,29,0,0
BRDA:373,30,0,0
BRDA:373,30,1,0
BRDA:384,31,0,0
BRDA:416,32,0,0
BRDA:419,33,0,0
BRDA:419,33,1,0
BRDA:425,34,0,0
BRDA:435,35,0,0
BRDA:438,36,0,0
BRF:63
BRH:0
end_of_record
TN:
SF:src/services/question-seeder.ts
FN:10,(anonymous_0)
FN:16,(anonymous_1)
FN:54,(anonymous_2)
FN:187,(anonymous_3)
FN:258,(anonymous_4)
FN:267,(anonymous_5)
FN:276,(anonymous_6)
FN:285,(anonymous_7)
FN:294,(anonymous_8)
FN:317,(anonymous_9)
FNF:10
FNH:0
FNDA:0,(anonymous_0)
FNDA:0,(anonymous_1)
FNDA:0,(anonymous_2)
FNDA:0,(anonymous_3)
FNDA:0,(anonymous_4)
FNDA:0,(anonymous_5)
FNDA:0,(anonymous_6)
FNDA:0,(anonymous_7)
FNDA:0,(anonymous_8)
FNDA:0,(anonymous_9)
DA:11,0
DA:17,0
DA:19,0
DA:20,0
DA:22,0
DA:24,0
DA:27,0
DA:30,0
DA:33,0
DA:36,0
DA:39,0
DA:41,0
DA:42,0
DA:45,0
DA:46,0
DA:47,0
DA:55,0
DA:58,0
DA:117,0
DA:120,0
DA:178,0
DA:180,0
DA:181,0
DA:188,0
DA:191,0
DA:249,0
DA:251,0
DA:252,0
DA:260,0
DA:261,0
DA:269,0
DA:270,0
DA:278,0
DA:279,0
DA:287,0
DA:288,0
DA:295,0
DA:297,0
DA:306,0
DA:307,0
DA:308,0
DA:311,0
DA:318,0
DA:323,0
LF:44
LH:0
BRDA:45,0,0,0
BRDA:45,0,1,0
BRF:2
BRH:0
end_of_record
TN:
SF:src/tools/assess_maturity.ts
FN:123,assessMaturity
FN:185,(anonymous_1)
FN:186,(anonymous_2)
FN:187,(anonymous_3)
FN:188,(anonymous_4)
FN:208,processFunctionMaturity
FN:263,calculateOverallMetrics
FN:264,(anonymous_7)
FN:265,(anonymous_8)
FN:268,(anonymous_9)
FN:277,(anonymous_10)
FN:291,generateRecommendations
FN:300,(anonymous_12)
FN:308,(anonymous_13)
FN:344,generateFunctionRecommendations
FN:447,createErrorResult
FNF:16
FNH:0
FNDA:0,assessMaturity
FNDA:0,(anonymous_1)
FNDA:0,(anonymous_2)
FNDA:0,(anonymous_3)
FNDA:0,(anonymous_4)
FNDA:0,processFunctionMaturity
FNDA:0,calculateOverallMetrics
FNDA:0,(anonymous_7)
FNDA:0,(anonymous_8)
FNDA:0,(anonymous_9)
FNDA:0,(anonymous_10)
FNDA:0,generateRecommendations
FNDA:0,(anonymous_12)
FNDA:0,(anonymous_13)
FNDA:0,generateFunctionRecommendations
FNDA:0,createErrorResult
DA:5,1
DA:6,1
DA:7,1
DA:8,1
DA:11,1
DA:59,1
DA:111,1
DA:123,1
DA:124,0
DA:125,0
DA:127,0
DA:129,0
DA:130,0
DA:134,0
DA:135,0
DA:136,0
DA:140,0
DA:141,0
DA:142,0
DA:151,0
DA:153,0
DA:154,0
DA:158,0
DA:161,0
DA:169,0
DA:172,0
DA:176,0
DA:185,0
DA:186,0
DA:187,0
DA:188,0
DA:197,0
DA:198,0
DA:214,0
DA:217,0
DA:218,0
DA:219,0
DA:222,0
DA:223,0
DA:225,0
DA:239,0
DA:240,0
DA:246,0
DA:247,0
DA:254,0
DA:257,0
DA:264,0
DA:265,0
DA:266,0
DA:268,0
DA:271,0
DA:272,0
DA:273,0
DA:274,0
DA:277,0
DA:279,0
DA:295,0
DA:296,0
DA:297,0
DA:300,0
DA:301,0
DA:302,0
DA:308,0
DA:309,0
DA:311,0
DA:312,0
DA:313,0
DA:320,0
DA:321,0
DA:322,0
DA:329,0
DA:330,0
DA:331,0
DA:334,0
DA:349,0
DA:352,0
DA:427,0
DA:428,0
DA:429,0
DA:433,0
DA:434,0
DA:435,0
DA:436,0
DA:437,0
DA:438,0
DA:441,0
DA:448,0
LF:87
LH:8
BRDA:129,0,0,0
BRDA:135,1,0,0
BRDA:141,2,0,0
BRDA:153,3,0,0
BRDA:153,4,0,0
BRDA:153,4,1,0
BRDA:172,5,0,0
BRDA:172,5,1,0
BRDA:200,6,0,0
BRDA:200,6,1,0
BRDA:227,7,0,0
BRDA:227,7,1,0
BRDA:239,8,0,0
BRDA:239,9,0,0
BRDA:239,9,1,0
BRDA:240,10,0,0
BRDA:240,10,1,0
BRDA:246,11,0,0
BRDA:272,12,0,0
BRDA:272,12,1,0
BRDA:273,13,0,0
BRDA:273,13,1,0
BRDA:274,14,0,0
BRDA:283,15,0,0
BRDA:283,15,1,0
BRDA:284,16,0,0
BRDA:284,16,1,0
BRDA:309,17,0,0
BRDA:309,17,1,0
BRDA:312,18,0,0
BRDA:321,19,0,0
BRDA:321,20,0,0
BRDA:321,20,1,0
BRDA:330,21,0,0
BRDA:428,22,0,0
BRDA:433,23,0,0
BRDA:433,23,1,0
BRDA:435,24,0,0
BRDA:435,24,1,0
BRDA:437,25,0,0
BRF:40
BRH:0
end_of_record
TN:
SF:src/tools/assessment_progress_manager.ts
FN:66,(anonymous_0)
FN:72,(anonymous_1)
FN:73,(anonymous_2)
FN:133,(anonymous_3)
FN:174,(anonymous_4)
FN:185,(anonymous_5)
FN:186,(anonymous_6)
FN:195,(anonymous_7)
FN:220,(anonymous_8)
FN:237,(anonymous_9)
FN:292,(anonymous_10)
FN:308,(anonymous_11)
FN:344,(anonymous_12)
FN:395,(anonymous_13)
FN:408,(anonymous_14)
FN:423,(anonymous_15)
FN:480,(anonymous_16)
FN:486,(anonymous_17)
FN:498,(anonymous_18)
FN:524,(anonymous_19)
FN:544,(anonymous_20)
FN:559,getProgressManager
FNF:22
FNH:0
FNDA:0,(anonymous_0)
FNDA:0,(anonymous_1)
FNDA:0,(anonymous_2)
FNDA:0,(anonymous_3)
FNDA:0,(anonymous_4)
FNDA:0,(anonymous_5)
FNDA:0,(anonymous_6)
FNDA:0,(anonymous_7)
FNDA:0,(anonymous_8)
FNDA:0,(anonymous_9)
FNDA:0,(anonymous_10)
FNDA:0,(anonymous_11)
FNDA:0,(anonymous_12)
FNDA:0,(anonymous_13)
FNDA:0,(anonymous_14)
FNDA:0,(anonymous_15)
FNDA:0,(anonymous_16)
FNDA:0,(anonymous_17)
FNDA:0,(anonymous_18)
FNDA:0,(anonymous_19)
FNDA:0,(anonymous_20)
FNDA:0,getProgressManager
DA:7,1
DA:8,1
DA:9,1
DA:10,1
DA:13,1
DA:24,1
DA:66,1
DA:67,0
DA:73,0
DA:75,0
DA:94,0
DA:116,0
DA:126,0
DA:134,0
DA:135,0
DA:149,0
DA:167,0
DA:168,0
DA:175,0
DA:179,0
DA:186,0
DA:187,0
DA:193,0
DA:195,0
DA:196,0
DA:207,0
DA:213,0
DA:227,0
DA:237,0
DA:239,0
DA:257,0
DA:262,0
DA:267,0
DA:285,0
DA:293,0
DA:302,0
DA:319,0
DA:320,0
DA:322,0
DA:324,0
DA:328,0
DA:351,0
DA:353,0
DA:354,0
DA:362,0
DA:363,0
DA:372,0
DA:378,0
DA:379,0
DA:381,0
DA:383,0
DA:396,0
DA:402,0
DA:409,0
DA:417,0
DA:438,0
DA:439,0
DA:442,0
DA:451,0
DA:463,0
DA:474,0
DA:480,0
DA:486,0
DA:516,0
DA:517,0
DA:519,0
DA:521,0
DA:524,0
DA:545,0
DA:551,0
DA:552,0
DA:557,1
DA:559,1
DA:560,0
DA:561,0
DA:562,0
DA:564,0
LF:77
LH:9
BRDA:232,0,0,0
BRDA:232,0,1,0
BRDA:320,1,0,0
BRDA:324,2,0,0
BRDA:324,2,1,0
BRDA:336,3,0,0
BRDA:336,3,1,0
BRDA:337,4,0,0
BRDA:337,4,1,0
BRDA:353,5,0,0
BRDA:362,6,0,0
BRDA:387,7,0,0
BRDA:387,7,1,0
BRDA:439,8,0,0
BRDA:478,9,0,0
BRDA:478,9,1,0
BRDA:484,10,0,0
BRDA:484,10,1,0
BRDA:490,11,0,0
BRDA:490,11,1,0
BRDA:517,12,0,0
BRDA:528,13,0,0
BRDA:528,13,1,0
BRDA:535,14,0,0
BRDA:535,14,1,0
BRDA:544,15,0,0
BRDA:552,16,0,0
BRDA:552,16,1,0
BRDA:560,17,0,0
BRF:29
BRH:0
end_of_record
TN:
SF:src/tools/calculate_maturity_trend.ts
FN:108,calculateMaturityTrend
FN:189,processTrendData
FN:224,(anonymous_2)
FN:234,(anonymous_3)
FN:235,(anonymous_4)
FN:236,(anonymous_5)
FN:270,calculateOverallTrend
FN:284,(anonymous_7)
FN:285,(anonymous_8)
FN:305,generateProjections
FN:349,analyzeVelocity
FN:354,(anonymous_11)
FN:370,(anonymous_12)
FN:375,(anonymous_13)
FN:383,(anonymous_14)
FN:385,(anonymous_15)
FN:390,(anonymous_16)
FN:411,generateInsights
FN:422,(anonymous_18)
FN:426,(anonymous_19)
FN:441,(anonymous_20)
FN:449,(anonymous_21)
FN:474,(anonymous_22)
FN:491,getNextTierThreshold
FN:501,getWeekKey
FN:511,createErrorResult
FNF:26
FNH:0
FNDA:0,calculateMaturityTrend
FNDA:0,processTrendData
FNDA:0,(anonymous_2)
FNDA:0,(anonymous_3)
FNDA:0,(anonymous_4)
FNDA:0,(anonymous_5)
FNDA:0,calculateOverallTrend
FNDA:0,(anonymous_7)
FNDA:0,(anonymous_8)
FNDA:0,generateProjections
FNDA:0,analyzeVelocity
FNDA:0,(anonymous_11)
FNDA:0,(anonymous_12)
FNDA:0,(anonymous_13)
FNDA:0,(anonymous_14)
FNDA:0,(anonymous_15)
FNDA:0,(anonymous_16)
FNDA:0,generateInsights
FNDA:0,(anonymous_18)
FNDA:0,(anonymous_19)
FNDA:0,(anonymous_20)
FNDA:0,(anonymous_21)
FNDA:0,(anonymous_22)
FNDA:0,getNextTierThreshold
FNDA:0,getWeekKey
FNDA:0,createErrorResult
DA:10,0
DA:94,0
DA:109,0
DA:111,0
DA:113,0
DA:114,0
DA:115,0
DA:119,0
DA:120,0
DA:124,0
DA:126,0
DA:127,0
DA:131,0
DA:137,0
DA:140,0
DA:145,0
DA:150,0
DA:158,0
DA:165,0
DA:178,0
DA:179,0
DA:193,0
DA:194,0
DA:197,0
DA:198,0
DA:209,0
DA:211,0
DA:212,0
DA:214,0
DA:218,0
DA:220,0
DA:221,0
DA:224,0
DA:226,0
DA:227,0
DA:228,0
DA:229,0
DA:234,0
DA:235,0
DA:236,0
DA:237,0
DA:240,0
DA:243,0
DA:246,0
DA:247,0
DA:248,0
DA:250,0
DA:264,0
DA:274,0
DA:275,0
DA:284,0
DA:285,0
DA:286,0
DA:287,0
DA:289,0
DA:290,0
DA:291,0
DA:293,0
DA:306,0
DA:308,0
DA:310,0
DA:311,0
DA:315,0
DA:316,0
DA:317,0
DA:320,0
DA:321,0
DA:323,0
DA:324,0
DA:328,0
DA:329,0
DA:330,0
DA:332,0
DA:343,0
DA:354,0
DA:357,0
DA:359,0
DA:360,0
DA:361,0
DA:362,0
DA:364,0
DA:368,0
DA:369,0
DA:370,0
DA:371,0
DA:375,0
DA:376,0
DA:377,0
DA:380,0
DA:381,0
DA:382,0
DA:383,0
DA:384,0
DA:385,0
DA:386,0
DA:390,0
DA:391,0
DA:394,0
DA:395,0
DA:396,0
DA:398,0
DA:417,0
DA:418,0
DA:419,0
DA:422,0
DA:423,0
DA:424,0
DA:426,0
DA:427,0
DA:428,0
DA:432,0
DA:433,0
DA:436,0
DA:437,0
DA:441,0
DA:442,0
DA:443,0
DA:444,0
DA:445,0
DA:449,0
DA:450,0
DA:451,0
DA:454,0
DA:455,0
DA:459,0
DA:460,0
DA:461,0
DA:462,0
DA:466,0
DA:467,0
DA:468,0
DA:473,0
DA:474,0
DA:475,0
DA:476,0
DA:480,0
DA:492,0
DA:493,0
DA:494,0
DA:495,0
DA:502,0
DA:503,0
DA:504,0
DA:505,0
DA:512,0
LF:145
LH:0
BRDA:114,0,0,0
BRDA:119,1,0,0
BRDA:119,1,1,0
BRDA:120,2,0,0
BRDA:120,2,1,0
BRDA:126,3,0,0
BRDA:126,4,0,0
BRDA:126,4,1,0
BRDA:140,5,0,0
BRDA:140,5,1,0
BRDA:145,6,0,0
BRDA:145,6,1,0
BRDA:181,7,0,0
BRDA:181,7,1,0
BRDA:201,8,0,0
BRDA:201,8,1,0
BRDA:203,9,0,0
BRDA:203,9,1,0
BRDA:204,10,0,0
BRDA:204,10,1,0
BRDA:205,11,0,0
BRDA:205,11,1,0
BRDA:206,12,0,0
BRDA:206,12,1,0
BRDA:211,13,0,0
BRDA:221,14,0,0
BRDA:229,15,0,0
BRDA:229,15,1,0
BRDA:247,16,0,0
BRDA:247,16,1,0
BRDA:248,17,0,0
BRDA:252,18,0,0
BRDA:252,18,1,0
BRDA:274,19,0,0
BRDA:287,20,0,0
BRDA:287,20,1,0
BRDA:290,21,0,0
BRDA:290,21,1,0
BRDA:291,22,0,0
BRDA:310,23,0,0
BRDA:323,24,0,0
BRDA:323,25,0,0
BRDA:323,25,1,0
BRDA:329,26,0,0
BRDA:329,26,1,0
BRDA:330,27,0,0
BRDA:361,28,0,0
BRDA:376,29,0,0
BRDA:376,29,1,0
BRDA:377,30,0,0
BRDA:377,30,1,0
BRDA:381,31,0,0
BRDA:395,32,0,0
BRDA:395,32,1,0
BRDA:396,33,0,0
BRDA:423,34,0,0
BRDA:427,35,0,0
BRDA:432,36,0,0
BRDA:432,37,0,0
BRDA:432,37,1,0
BRDA:436,38,0,0
BRDA:442,39,0,0
BRDA:450,40,0,0
BRDA:454,41,0,0
BRDA:459,42,0,0
BRDA:459,42,1,0
BRDA:461,43,0,0
BRDA:467,44,0,0
BRDA:467,45,0,0
BRDA:467,45,1,0
BRDA:473,46,0,0
BRDA:474,47,0,0
BRDA:474,47,1,0
BRDA:492,48,0,0
BRDA:493,49,0,0
BRDA:494,50,0,0
BRF:76
BRH:0
end_of_record
TN:
SF:src/tools/calculate_risk_score.ts
FN:101,calculateRiskScore
FN:173,processFunctionRisks
FN:212,(anonymous_2)
FN:220,getRiskContributors
FN:274,calculateOverallRisk
FN:297,getRiskLevel
FN:307,generateHeatMapData
FN:345,(anonymous_7)
FN:368,calculateSubcategoryRisk
FN:395,calculateRiskSummary
FN:399,(anonymous_10)
FN:400,(anonymous_11)
FN:401,(anonymous_12)
FN:402,(anonymous_13)
FN:406,(anonymous_14)
FN:424,generateRiskRecommendations
FN:434,(anonymous_16)
FN:469,(anonymous_17)
FN:487,createErrorResult
FNF:19
FNH:0
FNDA:0,calculateRiskScore
FNDA:0,processFunctionRisks
FNDA:0,(anonymous_2)
FNDA:0,getRiskContributors
FNDA:0,calculateOverallRisk
FNDA:0,getRiskLevel
FNDA:0,generateHeatMapData
FNDA:0,(anonymous_7)
FNDA:0,calculateSubcategoryRisk
FNDA:0,calculateRiskSummary
FNDA:0,(anonymous_10)
FNDA:0,(anonymous_11)
FNDA:0,(anonymous_12)
FNDA:0,(anonymous_13)
FNDA:0,(anonymous_14)
FNDA:0,generateRiskRecommendations
FNDA:0,(anonymous_16)
FNDA:0,(anonymous_17)
FNDA:0,createErrorResult
DA:11,0
DA:79,0
DA:89,0
DA:102,0
DA:103,0
DA:105,0
DA:107,0
DA:108,0
DA:112,0
DA:113,0
DA:114,0
DA:118,0
DA:120,0
DA:121,0
DA:125,0
DA:126,0
DA:133,0
DA:134,0
DA:137,0
DA:142,0
DA:145,0
DA:149,0
DA:162,0
DA:163,0
DA:178,0
DA:180,0
DA:182,0
DA:189,0
DA:190,0
DA:191,0
DA:193,0
DA:195,0
DA:196,0
DA:199,0
DA:212,0
DA:214,0
DA:225,0
DA:228,0
DA:261,0
DA:264,0
DA:265,0
DA:268,0
DA:278,0
DA:280,0
DA:281,0
DA:283,0
DA:284,0
DA:285,0
DA:287,0
DA:288,0
DA:291,0
DA:298,0
DA:299,0
DA:300,0
DA:301,0
DA:312,0
DA:315,0
DA:318,0
DA:320,0
DA:321,0
DA:322,0
DA:324,0
DA:325,0
DA:328,0
DA:329,0
DA:330,0
DA:333,0
DA:341,0
DA:342,0
DA:344,0
DA:345,0
DA:347,0
DA:355,0
DA:362,0
DA:369,0
DA:371,0
DA:373,0
DA:374,0
DA:376,0
DA:377,0
DA:379,0
DA:380,0
DA:382,0
DA:383,0
DA:387,0
DA:389,0
DA:399,0
DA:400,0
DA:401,0
DA:402,0
DA:404,0
DA:406,0
DA:409,0
DA:411,0
DA:429,0
DA:430,0
DA:431,0
DA:434,0
DA:435,0
DA:436,0
DA:437,0
DA:444,0
DA:445,0
DA:451,0
DA:452,0
DA:458,0
DA:459,0
DA:468,0
DA:469,0
DA:471,0
DA:472,0
DA:477,0
DA:488,0
LF:113
LH:0
BRDA:107,0,0,0
BRDA:113,1,0,0
BRDA:120,2,0,0
BRDA:120,3,0,0
BRDA:120,3,1,0
BRDA:125,4,0,0
BRDA:125,4,1,0
BRDA:137,5,0,0
BRDA:137,5,1,0
BRDA:145,6,0,0
BRDA:145,6,1,0
BRDA:165,7,0,0
BRDA:165,7,1,0
BRDA:193,8,0,0
BRDA:193,9,0,0
BRDA:193,9,1,0
BRDA:195,10,0,0
BRDA:195,10,1,0
BRDA:201,11,0,0
BRDA:201,11,1,0
BRDA:261,12,0,0
BRDA:261,12,1,0
BRDA:264,13,0,0
BRDA:278,14,0,0
BRDA:285,15,0,0
BRDA:285,15,1,0
BRDA:285,15,2,0
BRDA:291,16,0,0
BRDA:291,16,1,0
BRDA:298,17,0,0
BRDA:299,18,0,0
BRDA:300,19,0,0
BRDA:324,20,0,0
BRDA:329,21,0,0
BRDA:357,22,0,0
BRDA:357,22,1,0
BRDA:371,23,0,0
BRDA:371,23,1,0
BRDA:371,23,2,0
BRDA:371,23,3,0
BRDA:387,24,0,0
BRDA:387,24,1,0
BRDA:409,25,0,0
BRDA:409,25,1,0
BRDA:434,26,0,0
BRDA:434,26,1,0
BRDA:436,27,0,0
BRDA:444,28,0,0
BRDA:444,28,1,0
BRDA:451,29,0,0
BRDA:451,29,1,0
BRDA:458,30,0,0
BRDA:469,31,0,0
BRDA:469,31,1,0
BRF:54
BRH:0
end_of_record
TN:
SF:src/tools/clone_profile.ts
FN:44,cloneProfile
FN:63,(anonymous_1)
FN:143,generateNewProfileId
FN:157,applyAssessmentModifications
FNF:4
FNH:0
FNDA:0,cloneProfile
FNDA:0,(anonymous_1)
FNDA:0,generateNewProfileId
FNDA:0,applyAssessmentModifications
DA:10,0
DA:45,0
DA:47,0
DA:49,0
DA:50,0
DA:51,0
DA:60,0
DA:63,0
DA:65,0
DA:66,0
DA:70,0
DA:73,0
DA:74,0
DA:80,0
DA:89,0
DA:90,0
DA:93,0
DA:94,0
DA:106,0
DA:113,0
DA:115,0
DA:129,0
DA:131,0
DA:144,0
DA:150,0
DA:151,0
DA:167,0
DA:169,0
DA:170,0
DA:172,0
DA:174,0
DA:176,0
DA:188,0
DA:189,0
DA:191,0
DA:194,0
DA:195,0
DA:204,0
DA:206,0
DA:210,0
DA:214,0
LF:41
LH:0
BRDA:50,0,0,0
BRDA:65,1,0,0
BRDA:65,1,1,0
BRDA:66,2,0,0
BRDA:66,2,1,0
BRDA:73,3,0,0
BRDA:73,4,0,0
BRDA:73,4,1,0
BRDA:83,5,0,0
BRDA:83,5,1,0
BRDA:93,6,0,0
BRDA:93,7,0,0
BRDA:93,7,1,0
BRDA:135,8,0,0
BRDA:135,8,1,0
BRDA:174,9,0,0
BRDA:174,9,1,0
BRDA:179,10,0,0
BRDA:179,10,1,0
BRDA:180,11,0,0
BRDA:180,11,1,0
BRDA:183,12,0,0
BRDA:183,12,1,0
BRDA:194,13,0,0
BRDA:194,14,0,0
BRDA:194,14,1,0
BRDA:201,15,0,0
BRDA:201,15,1,0
BRF:28
BRH:0
end_of_record
TN:
SF:src/tools/compare_profiles.ts
FN:40,compareProfiles
FN:81,(anonymous_1)
FN:86,(anonymous_2)
FN:93,(anonymous_3)
FN:98,(anonymous_4)
FN:99,(anonymous_5)
FN:141,calculateVariance
FN:142,(anonymous_7)
FN:143,(anonymous_8)
FN:144,(anonymous_9)
FN:147,identifyCommonPatterns
FN:155,(anonymous_11)
FN:158,(anonymous_12)
FN:165,(anonymous_13)
FN:168,(anonymous_14)
FN:173,(anonymous_15)
FN:188,(anonymous_16)
FN:190,(anonymous_17)
FN:197,(anonymous_18)
FN:202,(anonymous_19)
FN:212,calculateCorrelation
FN:230,(anonymous_21)
FN:234,(anonymous_22)
FN:235,(anonymous_23)
FN:245,(anonymous_24)
FN:249,pearsonCorrelation
FN:253,(anonymous_26)
FN:254,(anonymous_27)
FN:255,(anonymous_28)
FN:256,(anonymous_29)
FN:257,(anonymous_30)
FN:265,generateComparisonRecommendations
FN:280,(anonymous_32)
FN:294,(anonymous_33)
FN:302,(anonymous_34)
FN:336,(anonymous_35)
FNF:36
FNH:0
FNDA:0,compareProfiles
FNDA:0,(anonymous_1)
FNDA:0,(anonymous_2)
FNDA:0,(anonymous_3)
FNDA:0,(anonymous_4)
FNDA:0,(anonymous_5)
FNDA:0,calculateVariance
FNDA:0,(anonymous_7)
FNDA:0,(anonymous_8)
FNDA:0,(anonymous_9)
FNDA:0,identifyCommonPatterns
FNDA:0,(anonymous_11)
FNDA:0,(anonymous_12)
FNDA:0,(anonymous_13)
FNDA:0,(anonymous_14)
FNDA:0,(anonymous_15)
FNDA:0,(anonymous_16)
FNDA:0,(anonymous_17)
FNDA:0,(anonymous_18)
FNDA:0,(anonymous_19)
FNDA:0,calculateCorrelation
FNDA:0,(anonymous_21)
FNDA:0,(anonymous_22)
FNDA:0,(anonymous_23)
FNDA:0,(anonymous_24)
FNDA:0,pearsonCorrelation
FNDA:0,(anonymous_26)
FNDA:0,(anonymous_27)
FNDA:0,(anonymous_28)
FNDA:0,(anonymous_29)
FNDA:0,(anonymous_30)
FNDA:0,generateComparisonRecommendations
FNDA:0,(anonymous_32)
FNDA:0,(anonymous_33)
FNDA:0,(anonymous_34)
FNDA:0,(anonymous_35)
DA:44,0
DA:46,0
DA:47,0
DA:50,0
DA:51,0
DA:55,0
DA:57,0
DA:58,0
DA:62,0
DA:63,0
DA:65,0
DA:66,0
DA:70,0
DA:71,0
DA:81,0
DA:82,0
DA:86,0
DA:87,0
DA:88,0
DA:93,0
DA:94,0
DA:95,0
DA:96,0
DA:98,0
DA:99,0
DA:102,0
DA:105,0
DA:108,0
DA:117,0
DA:134,0
DA:136,0
DA:137,0
DA:142,0
DA:143,0
DA:144,0
DA:151,0
DA:152,0
DA:155,0
DA:156,0
DA:158,0
DA:159,0
DA:160,0
DA:164,0
DA:165,0
DA:168,0
DA:169,0
DA:173,0
DA:174,0
DA:180,0
DA:181,0
DA:184,0
DA:186,0
DA:188,0
DA:189,0
DA:190,0
DA:191,0
DA:192,0
DA:196,0
DA:197,0
DA:201,0
DA:202,0
DA:204,0
DA:205,0
DA:209,0
DA:213,0
DA:215,0
DA:216,0
DA:220,0
DA:222,0
DA:223,0
DA:224,0
DA:225,0
DA:226,0
DA:227,0
DA:230,0
DA:232,0
DA:234,0
DA:235,0
DA:237,0
DA:238,0
DA:244,0
DA:245,0
DA:250,0
DA:251,0
DA:253,0
DA:254,0
DA:255,0
DA:256,0
DA:257,0
DA:259,0
DA:260,0
DA:262,0
DA:272,0
DA:275,0
DA:276,0
DA:280,0
DA:281,0
DA:284,0
DA:285,0
DA:289,0
DA:290,0
DA:294,0
DA:295,0
DA:296,0
DA:298,0
DA:302,0
DA:303,0
DA:304,0
DA:308,0
DA:309,0
DA:310,0
DA:311,0
DA:312,0
DA:315,0
DA:318,0
DA:337,0
LF:116
LH:0
BRDA:46,0,0,0
BRDA:46,1,0,0
BRDA:46,1,1,0
BRDA:50,2,0,0
BRDA:57,3,0,0
BRDA:62,4,0,0
BRDA:62,4,1,0
BRDA:63,5,0,0
BRDA:63,5,1,0
BRDA:65,6,0,0
BRDA:87,7,0,0
BRDA:93,8,0,0
BRDA:93,8,1,0
BRDA:122,9,0,0
BRDA:122,9,1,0
BRDA:123,10,0,0
BRDA:123,10,1,0
BRDA:137,11,0,0
BRDA:137,11,1,0
BRDA:159,12,0,0
BRDA:164,13,0,0
BRDA:168,14,0,0
BRDA:173,15,0,0
BRDA:180,16,0,0
BRDA:184,17,0,0
BRDA:191,18,0,0
BRDA:196,19,0,0
BRDA:204,20,0,0
BRDA:215,21,0,0
BRDA:232,22,0,0
BRDA:244,23,0,0
BRDA:244,23,1,0
BRDA:251,24,0,0
BRDA:262,25,0,0
BRDA:262,25,1,0
BRDA:275,26,0,0
BRDA:281,27,0,0
BRDA:281,27,1,0
BRDA:284,28,0,0
BRDA:289,29,0,0
BRDA:295,30,0,0
BRDA:295,30,1,0
BRDA:303,31,0,0
BRDA:309,32,0,0
BRDA:309,32,1,0
BRDA:311,33,0,0
BRF:46
BRH:0
end_of_record
TN:
SF:src/tools/comprehensive_assessment_workflow.ts
FN:27,(anonymous_0)
FN:109,startAssessmentWorkflow
FN:129,(anonymous_2)
FN:231,(anonymous_3)
FN:274,checkAssessmentWorkflowStatus
FN:347,generateWorkflowId
FN:353,generateOrgId
FN:364,generateProfileId
FN:369,calculateTotalQuestions
FN:386,calculateWorkflowProgress
FN:419,determineNextAction
FN:477,calculateTimeRemaining
FNF:12
FNH:0
FNDA:0,(anonymous_0)
FNDA:0,startAssessmentWorkflow
FNDA:0,(anonymous_2)
FNDA:0,(anonymous_3)
FNDA:0,checkAssessmentWorkflowStatus
FNDA:0,generateWorkflowId
FNDA:0,generateOrgId
FNDA:0,generateProfileId
FNDA:0,calculateTotalQuestions
FNDA:0,calculateWorkflowProgress
FNDA:0,determineNextAction
FNDA:0,calculateTimeRemaining
DA:6,1
DA:7,1
DA:8,1
DA:11,1
DA:23,1
DA:27,0
DA:109,1
DA:110,0
DA:112,0
DA:114,0
DA:116,0
DA:124,0
DA:125,0
DA:126,0
DA:129,0
DA:131,0
DA:140,0
DA:150,0
DA:163,0
DA:167,0
DA:172,0
DA:173,0
DA:175,0
DA:215,0
DA:217,0
DA:218,0
DA:231,0
DA:242,0
DA:270,1
DA:274,1
DA:275,0
DA:277,0
DA:278,0
DA:281,0
DA:282,0
DA:283,0
DA:287,0
DA:288,0
DA:289,0
DA:293,0
DA:296,0
DA:298,0
DA:319,0
DA:321,0
DA:348,0
DA:349,0
DA:350,0
DA:354,0
DA:360,0
DA:361,0
DA:365,0
DA:366,0
DA:373,0
DA:374,0
DA:377,0
DA:379,0
DA:380,0
DA:383,0
DA:387,0
DA:390,0
DA:391,0
DA:396,0
DA:401,0
DA:402,0
DA:403,0
DA:404,0
DA:405,0
DA:406,0
DA:407,0
DA:410,0
DA:420,0
DA:422,0
DA:435,0
DA:445,0
DA:455,0
DA:464,0
DA:470,0
DA:478,0
DA:479,0
DA:480,0
DA:482,0
DA:483,0
DA:484,0
DA:486,0
DA:493,1
DA:550,1
LF:86
LH:10
BRDA:145,0,0,0
BRDA:145,0,1,0
BRDA:195,1,0,0
BRDA:195,1,1,0
BRDA:217,2,0,0
BRDA:255,3,0,0
BRDA:255,3,1,0
BRDA:282,4,0,0
BRDA:288,5,0,0
BRDA:311,6,0,0
BRDA:311,6,1,0
BRDA:313,7,0,0
BRDA:313,7,1,0
BRDA:334,8,0,0
BRDA:334,8,1,0
BRDA:373,9,0,0
BRDA:377,10,0,0
BRDA:377,11,0,0
BRDA:377,11,1,0
BRDA:393,12,0,0
BRDA:393,12,1,0
BRDA:396,13,0,0
BRDA:396,13,1,0
BRDA:402,14,0,0
BRDA:402,14,1,0
BRDA:402,14,2,0
BRDA:402,14,3,0
BRDA:402,14,4,0
BRDA:420,15,0,0
BRDA:420,15,1,0
BRDA:420,15,2,0
BRDA:420,15,3,0
BRDA:420,15,4,0
BRDA:420,15,5,0
BRF:34
BRH:0
end_of_record
TN:
SF:src/tools/create_custom_report.ts
FN:124,validateParams
FN:139,(anonymous_1)
FN:155,createCustomReport
FN:206,(anonymous_3)
FN:250,generateCustomSections
FN:280,applyContentFilters
FN:287,(anonymous_6)
FN:294,(anonymous_7)
FN:301,(anonymous_8)
FN:306,(anonymous_9)
FN:313,(anonymous_10)
FN:322,(anonymous_11)
FN:331,generateSectionContent
FN:375,generateSummaryContent
FN:377,(anonymous_14)
FN:378,(anonymous_15)
FN:379,(anonymous_16)
FN:382,(anonymous_17)
FN:405,generateMetricsContent
FN:406,(anonymous_19)
FN:416,(anonymous_20)
FN:429,(anonymous_21)
FN:432,(anonymous_22)
FN:439,generateAnalysisContent
FN:441,(anonymous_24)
FN:442,(anonymous_25)
FN:443,(anonymous_26)
FN:444,(anonymous_27)
FN:445,(anonymous_28)
FN:449,(anonymous_29)
FN:450,(anonymous_30)
FN:467,(anonymous_31)
FN:468,(anonymous_32)
FN:469,(anonymous_33)
FN:474,generateRecommendationsContent
FN:475,(anonymous_35)
FN:479,(anonymous_36)
FN:496,(anonymous_37)
FN:497,(anonymous_38)
FN:503,generateChartsContent
FN:520,generateTablesContent
FN:524,(anonymous_41)
FN:551,(anonymous_42)
FN:569,generateRecommendedActions
FN:590,estimateImplementationEffort
FN:598,estimateImplementationTimeline
FN:605,assessBusinessImpact
FN:615,analyzeMaturityTrend
FN:617,(anonymous_48)
FN:624,prepareChartData
FN:627,(anonymous_50)
FN:640,(anonymous_51)
FN:642,(anonymous_52)
FN:649,generateColors
FN:657,calculateSectionMetrics
FN:686,calculateReportStatistics
FN:687,(anonymous_56)
FN:688,(anonymous_57)
FN:688,(anonymous_58)
FN:689,(anonymous_59)
FN:700,(anonymous_60)
FN:711,applyStyling
FN:719,configureExportOptions
FN:733,estimateGenerationTime
FN:747,formatDate
FNF:65
FNH:0
FNDA:0,validateParams
FNDA:0,(anonymous_1)
FNDA:0,createCustomReport
FNDA:0,(anonymous_3)
FNDA:0,generateCustomSections
FNDA:0,applyContentFilters
FNDA:0,(anonymous_6)
FNDA:0,(anonymous_7)
FNDA:0,(anonymous_8)
FNDA:0,(anonymous_9)
FNDA:0,(anonymous_10)
FNDA:0,(anonymous_11)
FNDA:0,generateSectionContent
FNDA:0,generateSummaryContent
FNDA:0,(anonymous_14)
FNDA:0,(anonymous_15)
FNDA:0,(anonymous_16)
FNDA:0,(anonymous_17)
FNDA:0,generateMetricsContent
FNDA:0,(anonymous_19)
FNDA:0,(anonymous_20)
FNDA:0,(anonymous_21)
FNDA:0,(anonymous_22)
FNDA:0,generateAnalysisContent
FNDA:0,(anonymous_24)
FNDA:0,(anonymous_25)
FNDA:0,(anonymous_26)
FNDA:0,(anonymous_27)
FNDA:0,(anonymous_28)
FNDA:0,(anonymous_29)
FNDA:0,(anonymous_30)
FNDA:0,(anonymous_31)
FNDA:0,(anonymous_32)
FNDA:0,(anonymous_33)
FNDA:0,generateRecommendationsContent
FNDA:0,(anonymous_35)
FNDA:0,(anonymous_36)
FNDA:0,(anonymous_37)
FNDA:0,(anonymous_38)
FNDA:0,generateChartsContent
FNDA:0,generateTablesContent
FNDA:0,(anonymous_41)
FNDA:0,(anonymous_42)
FNDA:0,generateRecommendedActions
FNDA:0,estimateImplementationEffort
FNDA:0,estimateImplementationTimeline
FNDA:0,assessBusinessImpact
FNDA:0,analyzeMaturityTrend
FNDA:0,(anonymous_48)
FNDA:0,prepareChartData
FNDA:0,(anonymous_50)
FNDA:0,(anonymous_51)
FNDA:0,(anonymous_52)
FNDA:0,generateColors
FNDA:0,calculateSectionMetrics
FNDA:0,calculateReportStatistics
FNDA:0,(anonymous_56)
FNDA:0,(anonymous_57)
FNDA:0,(anonymous_58)
FNDA:0,(anonymous_59)
FNDA:0,(anonymous_60)
FNDA:0,applyStyling
FNDA:0,configureExportOptions
FNDA:0,estimateGenerationTime
FNDA:0,formatDate
DA:125,0
DA:127,0
DA:128,0
DA:129,0
DA:130,0
DA:133,0
DA:134,0
DA:135,0
DA:138,0
DA:139,0
DA:140,0
DA:141,0
DA:142,0
DA:143,0
DA:147,0
DA:148,0
DA:149,0
DA:152,0
DA:156,0
DA:158,0
DA:159,0
DA:160,0
DA:168,0
DA:169,0
DA:170,0
DA:177,0
DA:178,0
DA:179,0
DA:180,0
DA:183,0
DA:194,0
DA:197,0
DA:200,0
DA:203,0
DA:206,0
DA:207,0
DA:210,0
DA:217,0
DA:241,0
DA:242,0
DA:251,0
DA:253,0
DA:255,0
DA:258,0
DA:266,0
DA:268,0
DA:277,0
DA:281,0
DA:283,0
DA:286,0
DA:287,0
DA:288,0
DA:293,0
DA:294,0
DA:295,0
DA:300,0
DA:301,0
DA:302,0
DA:305,0
DA:306,0
DA:307,0
DA:312,0
DA:313,0
DA:314,0
DA:319,0
DA:320,0
DA:321,0
DA:322,0
DA:323,0
DA:324,0
DA:328,0
DA:332,0
DA:334,0
DA:337,0
DA:340,0
DA:343,0
DA:346,0
DA:349,0
DA:352,0
DA:359,0
DA:367,0
DA:376,0
DA:377,0
DA:378,0
DA:379,0
DA:381,0
DA:382,0
DA:384,0
DA:406,0
DA:407,0
DA:408,0
DA:409,0
DA:411,0
DA:412,0
DA:413,0
DA:416,0
DA:423,0
DA:430,0
DA:433,0
DA:440,0
DA:441,0
DA:442,0
DA:443,0
DA:444,0
DA:445,0
DA:448,0
DA:449,0
DA:450,0
DA:458,0
DA:467,0
DA:468,0
DA:469,0
DA:475,0
DA:477,0
DA:479,0
DA:491,0
DA:496,0
DA:497,0
DA:504,0
DA:505,0
DA:507,0
DA:521,0
DA:522,0
DA:524,0
DA:525,0
DA:527,0
DA:529,0
DA:532,0
DA:533,0
DA:536,0
DA:540,0
DA:551,0
DA:570,0
DA:572,0
DA:573,0
DA:574,0
DA:575,0
DA:576,0
DA:577,0
DA:578,0
DA:579,0
DA:582,0
DA:583,0
DA:584,0
DA:587,0
DA:591,0
DA:592,0
DA:593,0
DA:594,0
DA:595,0
DA:599,0
DA:600,0
DA:601,0
DA:602,0
DA:606,0
DA:607,0
DA:608,0
DA:609,0
DA:610,0
DA:611,0
DA:612,0
DA:617,0
DA:618,0
DA:619,0
DA:620,0
DA:621,0
DA:625,0
DA:627,0
DA:628,0
DA:629,0
DA:630,0
DA:632,0
DA:633,0
DA:636,0
DA:641,0
DA:642,0
DA:650,0
DA:654,0
DA:658,0
DA:660,0
DA:666,0
DA:672,0
DA:678,0
DA:687,0
DA:688,0
DA:689,0
DA:690,0
DA:693,0
DA:700,0
DA:712,0
DA:720,0
DA:722,0
DA:734,0
DA:735,0
DA:736,0
DA:738,0
DA:740,0
DA:741,0
DA:743,0
DA:748,0
DA:749,0
DA:752,0
LF:202
LH:0
BRDA:127,0,0,0
BRDA:128,1,0,0
BRDA:129,2,0,0
BRDA:129,3,0,0
BRDA:129,3,1,0
BRDA:134,4,0,0
BRDA:134,5,0,0
BRDA:134,5,1,0
BRDA:140,6,0,0
BRDA:141,7,0,0
BRDA:142,8,0,0
BRDA:148,9,0,0
BRDA:148,10,0,0
BRDA:148,10,1,0
BRDA:159,11,0,0
BRDA:169,12,0,0
BRDA:179,13,0,0
BRDA:179,13,1,0
BRDA:180,14,0,0
BRDA:180,14,1,0
BRDA:207,15,0,0
BRDA:207,15,1,0
BRDA:223,16,0,0
BRDA:223,16,1,0
BRDA:281,17,0,0
BRDA:286,18,0,0
BRDA:286,19,0,0
BRDA:286,19,1,0
BRDA:293,20,0,0
BRDA:293,21,0,0
BRDA:293,21,1,0
BRDA:300,22,0,0
BRDA:302,23,0,0
BRDA:302,23,1,0
BRDA:305,24,0,0
BRDA:307,25,0,0
BRDA:307,25,1,0
BRDA:312,26,0,0
BRDA:312,27,0,0
BRDA:312,27,1,0
BRDA:319,28,0,0
BRDA:323,29,0,0
BRDA:323,29,1,0
BRDA:323,29,2,0
BRDA:324,30,0,0
BRDA:324,30,1,0
BRDA:332,31,0,0
BRDA:332,31,1,0
BRDA:332,31,2,0
BRDA:332,31,3,0
BRDA:332,31,4,0
BRDA:332,31,5,0
BRDA:332,31,6,0
BRDA:332,31,7,0
BRDA:332,31,8,0
BRDA:354,32,0,0
BRDA:354,32,1,0
BRDA:355,33,0,0
BRDA:355,33,1,0
BRDA:361,34,0,0
BRDA:361,34,1,0
BRDA:363,35,0,0
BRDA:363,35,1,0
BRDA:381,36,0,0
BRDA:381,36,1,0
BRDA:382,37,0,0
BRDA:382,37,1,0
BRDA:393,38,0,0
BRDA:393,38,1,0
BRDA:407,39,0,0
BRDA:407,39,1,0
BRDA:408,40,0,0
BRDA:412,41,0,0
BRDA:412,41,1,0
BRDA:429,42,0,0
BRDA:429,42,1,0
BRDA:430,43,0,0
BRDA:430,43,1,0
BRDA:430,44,0,0
BRDA:430,44,1,0
BRDA:432,45,0,0
BRDA:432,45,1,0
BRDA:433,46,0,0
BRDA:433,46,1,0
BRDA:433,47,0,0
BRDA:433,47,1,0
BRDA:441,48,0,0
BRDA:441,48,1,0
BRDA:441,49,0,0
BRDA:441,49,1,0
BRDA:441,50,0,0
BRDA:441,50,1,0
BRDA:442,51,0,0
BRDA:442,51,1,0
BRDA:442,52,0,0
BRDA:442,52,1,0
BRDA:442,53,0,0
BRDA:442,53,1,0
BRDA:443,54,0,0
BRDA:443,54,1,0
BRDA:443,55,0,0
BRDA:443,55,1,0
BRDA:443,56,0,0
BRDA:443,56,1,0
BRDA:444,57,0,0
BRDA:444,57,1,0
BRDA:444,58,0,0
BRDA:444,58,1,0
BRDA:444,59,0,0
BRDA:444,59,1,0
BRDA:445,60,0,0
BRDA:445,60,1,0
BRDA:449,61,0,0
BRDA:449,61,1,0
BRDA:453,62,0,0
BRDA:453,62,1,0
BRDA:454,63,0,0
BRDA:454,63,1,0
BRDA:465,64,0,0
BRDA:465,64,1,0
BRDA:467,65,0,0
BRDA:467,65,1,0
BRDA:468,66,0,0
BRDA:468,66,1,0
BRDA:469,67,0,0
BRDA:469,67,1,0
BRDA:475,68,0,0
BRDA:475,68,1,0
BRDA:478,69,0,0
BRDA:478,69,1,0
BRDA:481,70,0,0
BRDA:481,70,1,0
BRDA:484,71,0,0
BRDA:484,71,1,0
BRDA:504,72,0,0
BRDA:504,72,1,0
BRDA:514,73,0,0
BRDA:514,73,1,0
BRDA:515,74,0,0
BRDA:515,74,1,0
BRDA:521,75,0,0
BRDA:521,75,1,0
BRDA:522,76,0,0
BRDA:522,76,1,0
BRDA:525,77,0,0
BRDA:525,77,1,0
BRDA:525,77,2,0
BRDA:525,77,3,0
BRDA:527,78,0,0
BRDA:527,78,1,0
BRDA:527,79,0,0
BRDA:527,79,1,0
BRDA:529,80,0,0
BRDA:529,80,1,0
BRDA:529,80,2,0
BRDA:530,81,0,0
BRDA:530,81,1,0
BRDA:530,81,2,0
BRDA:533,82,0,0
BRDA:533,82,1,0
BRDA:533,83,0,0
BRDA:533,83,1,0
BRDA:536,84,0,0
BRDA:536,84,1,0
BRDA:536,85,0,0
BRDA:536,85,1,0
BRDA:555,86,0,0
BRDA:555,86,1,0
BRDA:556,87,0,0
BRDA:556,87,1,0
BRDA:557,88,0,0
BRDA:557,88,1,0
BRDA:572,89,0,0
BRDA:572,89,1,0
BRDA:572,90,0,0
BRDA:572,90,1,0
BRDA:576,91,0,0
BRDA:582,92,0,0
BRDA:582,93,0,0
BRDA:582,93,1,0
BRDA:591,94,0,0
BRDA:591,94,1,0
BRDA:592,95,0,0
BRDA:593,96,0,0
BRDA:594,97,0,0
BRDA:599,98,0,0
BRDA:599,98,1,0
BRDA:600,99,0,0
BRDA:601,100,0,0
BRDA:606,101,0,0
BRDA:607,102,0,0
BRDA:608,103,0,0
BRDA:609,104,0,0
BRDA:610,105,0,0
BRDA:611,106,0,0
BRDA:617,107,0,0
BRDA:617,107,1,0
BRDA:618,108,0,0
BRDA:619,109,0,0
BRDA:620,110,0,0
BRDA:625,111,0,0
BRDA:625,111,1,0
BRDA:628,112,0,0
BRDA:628,112,1,0
BRDA:628,112,2,0
BRDA:629,113,0,0
BRDA:642,114,0,0
BRDA:642,114,1,0
BRDA:658,115,0,0
BRDA:658,115,1,0
BRDA:658,115,2,0
BRDA:658,115,3,0
BRDA:661,116,0,0
BRDA:661,116,1,0
BRDA:667,117,0,0
BRDA:667,117,1,0
BRDA:673,118,0,0
BRDA:673,118,1,0
BRDA:679,119,0,0
BRDA:679,119,1,0
BRDA:688,120,0,0
BRDA:688,120,1,0
BRDA:690,121,0,0
BRDA:690,121,1,0
BRDA:699,122,0,0
BRDA:699,122,1,0
BRDA:705,123,0,0
BRDA:705,123,1,0
BRDA:713,124,0,0
BRDA:713,124,1,0
BRDA:714,125,0,0
BRDA:714,125,1,0
BRDA:715,126,0,0
BRDA:715,126,1,0
BRDA:726,127,0,0
BRDA:726,127,1,0
BRDA:727,128,0,0
BRDA:727,128,1,0
BRDA:728,129,0,0
BRDA:728,129,1,0
BRDA:740,130,0,0
BRDA:740,130,1,0
BRDA:748,131,0,0
BRF:243
BRH:0
end_of_record
TN:
SF:src/tools/create_implementation_plan.ts
FN:93,createImplementationPlan
FN:117,(anonymous_1)
FN:145,(anonymous_2)
FN:227,(anonymous_3)
FN:229,(anonymous_4)
FN:251,sortItemsByStrategy
FN:261,(anonymous_6)
FN:266,(anonymous_7)
FN:277,(anonymous_8)
FN:279,(anonymous_9)
FN:290,(anonymous_10)
FN:304,calculateBalancedScore
FN:318,(anonymous_12)
FN:331,calculatePhases
FN:369,(anonymous_14)
FN:373,(anonymous_15)
FN:374,(anonymous_16)
FN:435,getPhaseName
FN:452,estimateItemEffort
FN:482,generateMilestones
FN:532,calculateResourceAllocation
FN:566,generateRecommendations
FN:594,(anonymous_22)
FN:611,(anonymous_23)
FN:636,createErrorResult
FNF:25
FNH:0
FNDA:0,createImplementationPlan
FNDA:0,(anonymous_1)
FNDA:0,(anonymous_2)
FNDA:0,(anonymous_3)
FNDA:0,(anonymous_4)
FNDA:0,sortItemsByStrategy
FNDA:0,(anonymous_6)
FNDA:0,(anonymous_7)
FNDA:0,(anonymous_8)
FNDA:0,(anonymous_9)
FNDA:0,(anonymous_10)
FNDA:0,calculateBalancedScore
FNDA:0,(anonymous_12)
FNDA:0,calculatePhases
FNDA:0,(anonymous_14)
FNDA:0,(anonymous_15)
FNDA:0,(anonymous_16)
FNDA:0,getPhaseName
FNDA:0,estimateItemEffort
FNDA:0,generateMilestones
FNDA:0,calculateResourceAllocation
FNDA:0,generateRecommendations
FNDA:0,(anonymous_22)
FNDA:0,(anonymous_23)
FNDA:0,createErrorResult
DA:12,0
DA:94,0
DA:95,0
DA:97,0
DA:99,0
DA:100,0
DA:104,0
DA:106,0
DA:107,0
DA:111,0
DA:112,0
DA:113,0
DA:117,0
DA:118,0
DA:123,0
DA:124,0
DA:128,0
DA:135,0
DA:144,0
DA:145,0
DA:149,0
DA:152,0
DA:157,0
DA:163,0
DA:171,0
DA:172,0
DA:175,0
DA:189,0
DA:190,0
DA:202,0
DA:203,0
DA:216,0
DA:227,0
DA:229,0
DA:241,0
DA:242,0
DA:256,0
DA:258,0
DA:261,0
DA:262,0
DA:266,0
DA:267,0
DA:268,0
DA:269,0
DA:271,0
DA:275,0
DA:276,0
DA:277,0
DA:279,0
DA:280,0
DA:281,0
DA:282,0
DA:285,0
DA:290,0
DA:291,0
DA:292,0
DA:293,0
DA:295,0
DA:298,0
DA:305,0
DA:306,0
DA:307,0
DA:309,0
DA:310,0
DA:311,0
DA:313,0
DA:316,0
DA:317,0
DA:318,0
DA:320,0
DA:321,0
DA:325,0
DA:338,0
DA:339,0
DA:340,0
DA:341,0
DA:344,0
DA:345,0
DA:360,0
DA:362,0
DA:364,0
DA:366,0
DA:368,0
DA:369,0
DA:372,0
DA:373,0
DA:374,0
DA:376,0
DA:377,0
DA:383,0
DA:384,0
DA:385,0
DA:386,0
DA:388,0
DA:389,0
DA:400,0
DA:401,0
DA:402,0
DA:405,0
DA:409,0
DA:410,0
DA:411,0
DA:412,0
DA:414,0
DA:425,0
DA:429,0
DA:436,0
DA:437,0
DA:438,0
DA:439,0
DA:440,0
DA:441,0
DA:442,0
DA:443,0
DA:445,0
DA:453,0
DA:460,0
DA:461,0
DA:464,0
DA:465,0
DA:474,0
DA:476,0
DA:483,0
DA:486,0
DA:487,0
DA:500,0
DA:501,0
DA:502,0
DA:515,0
DA:526,0
DA:536,0
DA:537,0
DA:539,0
DA:540,0
DA:542,0
DA:543,0
DA:545,0
DA:546,0
DA:547,0
DA:548,0
DA:549,0
DA:552,0
DA:560,0
DA:572,0
DA:580,0
DA:581,0
DA:586,0
DA:587,0
DA:588,0
DA:594,0
DA:595,0
DA:596,0
DA:599,0
DA:605,0
DA:606,0
DA:611,0
DA:612,0
DA:618,0
DA:624,0
DA:625,0
DA:630,0
DA:637,0
LF:162
LH:0
BRDA:99,0,0,0
BRDA:106,1,0,0
BRDA:106,2,0,0
BRDA:106,2,1,0
BRDA:111,3,0,0
BRDA:111,3,1,0
BRDA:112,4,0,0
BRDA:118,5,0,0
BRDA:118,5,1,0
BRDA:123,6,0,0
BRDA:152,7,0,0
BRDA:152,7,1,0
BRDA:172,8,0,0
BRDA:172,8,1,0
BRDA:226,9,0,0
BRDA:226,9,1,0
BRDA:229,10,0,0
BRDA:229,10,1,0
BRDA:243,11,0,0
BRDA:243,11,1,0
BRDA:258,12,0,0
BRDA:258,12,1,0
BRDA:258,12,2,0
BRDA:258,12,3,0
BRDA:258,12,4,0
BRDA:261,13,0,0
BRDA:261,13,1,0
BRDA:261,14,0,0
BRDA:261,14,1,0
BRDA:267,15,0,0
BRDA:267,15,1,0
BRDA:267,16,0,0
BRDA:267,16,1,0
BRDA:268,17,0,0
BRDA:269,18,0,0
BRDA:269,18,1,0
BRDA:269,19,0,0
BRDA:269,19,1,0
BRDA:275,20,0,0
BRDA:280,21,0,0
BRDA:280,21,1,0
BRDA:281,22,0,0
BRDA:281,22,1,0
BRDA:309,23,0,0
BRDA:309,23,1,0
BRDA:310,24,0,0
BRDA:310,24,1,0
BRDA:311,25,0,0
BRDA:311,25,1,0
BRDA:316,26,0,0
BRDA:320,27,0,0
BRDA:366,28,0,0
BRDA:376,29,0,0
BRDA:385,30,0,0
BRDA:388,31,0,0
BRDA:392,32,0,0
BRDA:392,32,1,0
BRDA:393,33,0,0
BRDA:393,33,1,0
BRDA:395,34,0,0
BRDA:395,34,1,0
BRDA:409,35,0,0
BRDA:411,36,0,0
BRDA:417,37,0,0
BRDA:417,37,1,0
BRDA:418,38,0,0
BRDA:418,38,1,0
BRDA:420,39,0,0
BRDA:420,39,1,0
BRDA:436,40,0,0
BRDA:436,40,1,0
BRDA:438,41,0,0
BRDA:438,41,1,0
BRDA:440,42,0,0
BRDA:440,42,1,0
BRDA:442,43,0,0
BRDA:442,43,1,0
BRDA:460,44,0,0
BRDA:460,44,1,0
BRDA:460,44,2,0
BRDA:461,45,0,0
BRDA:461,45,1,0
BRDA:474,46,0,0
BRDA:474,46,1,0
BRDA:486,47,0,0
BRDA:489,48,0,0
BRDA:489,48,1,0
BRDA:501,49,0,0
BRDA:501,50,0,0
BRDA:501,50,1,0
BRDA:504,51,0,0
BRDA:504,51,1,0
BRDA:546,52,0,0
BRDA:546,52,1,0
BRDA:548,53,0,0
BRDA:580,54,0,0
BRDA:586,55,0,0
BRDA:595,56,0,0
BRDA:605,57,0,0
BRDA:611,58,0,0
BRDA:624,59,0,0
BRF:101
BRH:0
end_of_record
TN:
SF:src/tools/create_profile.ts
FN:38,createProfile
FN:54,(anonymous_1)
FN:138,generateOrgId
FN:154,generateProfileId
FN:162,initializeBaselineAssessments
FN:208,getImplementationLevel
FN:218,capitalize
FNF:7
FNH:0
FNDA:0,createProfile
FNDA:0,(anonymous_1)
FNDA:0,generateOrgId
FNDA:0,generateProfileId
FNDA:0,initializeBaselineAssessments
FNDA:0,getImplementationLevel
FNDA:0,capitalize
DA:5,1
DA:6,1
DA:7,1
DA:10,1
DA:38,1
DA:39,0
DA:41,0
DA:43,0
DA:44,0
DA:47,0
DA:48,0
DA:51,0
DA:54,0
DA:56,0
DA:58,0
DA:60,0
DA:63,0
DA:71,0
DA:75,0
DA:83,0
DA:86,0
DA:87,0
DA:90,0
DA:97,0
DA:98,0
DA:100,0
DA:112,0
DA:115,0
DA:116,0
DA:117,0
DA:126,0
DA:140,0
DA:147,0
DA:148,0
DA:155,0
DA:156,0
DA:164,0
DA:173,0
DA:177,0
DA:186,0
DA:187,0
DA:188,0
DA:190,0
DA:201,0
DA:202,0
DA:209,0
DA:210,0
DA:211,0
DA:212,0
DA:219,0
DA:220,0
LF:51
LH:5
BRDA:44,0,0,0
BRDA:44,0,1,0
BRDA:51,1,0,0
BRDA:51,1,1,0
BRDA:58,2,0,0
BRDA:58,2,1,0
BRDA:80,3,0,0
BRDA:80,3,1,0
BRDA:86,4,0,0
BRDA:115,5,0,0
BRDA:116,6,0,0
BRDA:130,7,0,0
BRDA:130,7,1,0
BRDA:188,8,0,0
BRDA:188,8,1,0
BRDA:209,9,0,0
BRDA:210,10,0,0
BRDA:211,11,0,0
BRDA:219,12,0,0
BRDA:219,13,0,0
BRDA:219,13,1,0
BRF:21
BRH:0
end_of_record
TN:
SF:src/tools/csf_lookup.ts
FN:32,csfLookup
FN:145,lookupFunctions
FN:171,lookupCategories
FN:197,lookupSubcategories
FN:223,extractFunctionId
FN:232,extractCategoryId
FNF:6
FNH:2
FNDA:3,csfLookup
FNDA:3,lookupFunctions
FNDA:0,lookupCategories
FNDA:0,lookupSubcategories
FNDA:0,extractFunctionId
FNDA:0,extractCategoryId
DA:5,1
DA:6,1
DA:7,1
DA:11,1
DA:32,1
DA:33,3
DA:34,3
DA:36,3
DA:37,0
DA:40,3
DA:43,3
DA:44,0
DA:46,0
DA:47,0
DA:52,0
DA:53,0
DA:54,0
DA:58,0
DA:59,0
DA:63,0
DA:64,0
DA:67,0
DA:71,3
DA:72,0
DA:74,0
DA:75,0
DA:80,0
DA:81,0
DA:82,0
DA:86,0
DA:89,0
DA:90,0
DA:93,0
DA:97,3
DA:98,3
DA:100,3
DA:101,2
DA:106,2
DA:109,2
DA:110,0
DA:113,2
DA:118,0
DA:119,0
DA:120,0
DA:127,3
DA:134,0
DA:135,0
DA:146,3
DA:147,3
DA:150,3
DA:151,3
DA:152,2
DA:156,1
DA:157,1
DA:158,6
DA:161,0
DA:165,1
DA:172,0
DA:173,0
DA:176,0
DA:177,0
DA:178,0
DA:182,0
DA:183,0
DA:184,0
DA:187,0
DA:191,0
DA:198,0
DA:199,0
DA:202,0
DA:203,0
DA:204,0
DA:208,0
DA:209,0
DA:210,0
DA:213,0
DA:217,0
DA:225,0
DA:226,0
DA:234,0
DA:235,0
LF:81
LH:28
BRDA:36,0,0,0
BRDA:43,1,0,0
BRDA:43,1,1,3
BRDA:53,2,0,0
BRDA:58,3,0,0
BRDA:63,4,0,0
BRDA:71,5,0,0
BRDA:71,5,1,3
BRDA:81,6,0,0
BRDA:89,7,0,0
BRDA:97,8,0,3
BRDA:97,8,1,0
BRDA:109,9,0,0
BRDA:137,10,0,0
BRDA:137,10,1,0
BRDA:151,11,0,2
BRDA:158,12,0,0
BRDA:158,13,0,6
BRDA:158,13,1,6
BRDA:158,13,2,6
BRDA:177,14,0,0
BRDA:184,15,0,0
BRDA:184,16,0,0
BRDA:184,16,1,0
BRDA:184,16,2,0
BRDA:203,17,0,0
BRDA:210,18,0,0
BRDA:210,19,0,0
BRDA:210,19,1,0
BRDA:210,19,2,0
BRDA:226,20,0,0
BRDA:226,20,1,0
BRDA:235,21,0,0
BRDA:235,21,1,0
BRF:34
BRH:7
end_of_record
TN:
SF:src/tools/estimate_implementation_cost.ts
FN:179,estimateImplementationCost
FN:273,(anonymous_1)
FN:295,calculateSubcategoryCost
FN:357,calculateRiskFactor
FN:376,calculateCostSummary
FN:380,(anonymous_5)
FN:381,(anonymous_6)
FN:382,(anonymous_7)
FN:383,(anonymous_8)
FN:420,calculateCostByFunction
FN:422,(anonymous_10)
FN:449,(anonymous_11)
FN:457,generateCostBreakdown
FN:463,(anonymous_13)
FN:466,(anonymous_14)
[...]
BRDA:265,35,1,0
BRDA:269,36,0,0
BRDA:277,37,0,0
BRDA:277,37,1,0
BRDA:285,38,0,0
BRDA:285,38,1,0
BRDA:286,39,0,0
BRDA:286,39,1,0
BRDA:287,40,0,0
BRDA:287,40,1,0
BRDA:288,41,0,0
BRDA:288,41,1,0
BRF:66
BRH:0
end_of_record
TN:
SF:src/tools/track_progress.ts
FN:38,trackProgress
FN:87,(anonymous_1)
FN:102,(anonymous_2)
FN:172,(anonymous_3)
FNF:4
FNH:0
FNDA:0,trackProgress
FNDA:0,(anonymous_1)
FNDA:0,(anonymous_2)
FNDA:0,(anonymous_3)
DA:43,0
DA:49,0
DA:51,0
DA:54,0
DA:56,0
DA:60,0
DA:75,0
DA:83,0
DA:86,0
DA:87,0
DA:90,0
DA:93,0
DA:102,0
DA:113,0
DA:115,0
DA:116,0
DA:120,0
DA:173,0
LF:18
LH:0
BRDA:54,0,0,0
BRDA:68,1,0,0
BRDA:68,1,1,0
BRDA:77,2,0,0
BRDA:77,2,1,0
BRDA:78,3,0,0
BRDA:78,3,1,0
BRDA:83,4,0,0
BRDA:83,4,1,0
BRDA:90,5,0,0
BRDA:90,5,1,0
BRDA:95,6,0,0
BRDA:95,6,1,0
BRDA:96,7,0,0
BRDA:96,7,1,0
BRDA:97,8,0,0
BRDA:97,8,1,0
BRDA:98,9,0,0
BRDA:98,9,1,0
BRDA:99,10,0,0
BRDA:99,10,1,0
BRDA:100,11,0,0
BRDA:100,11,1,0
BRDA:101,12,0,0
BRDA:101,12,1,0
BRDA:104,13,0,0
BRDA:104,13,1,0
BRDA:108,14,0,0
BRDA:108,14,1,0
BRDA:116,15,0,0
BRDA:116,15,1,0
BRF:31
BRH:0
end_of_record
TN:
SF:src/tools/upload_evidence.ts
FN:51,validateParams
FN:90,sanitizeInput
FN:101,uploadEvidence
FNF:3
FNH:0
FNDA:0,validateParams
FNDA:0,sanitizeInput
FNDA:0,uploadEvidence
DA:52,0
DA:55,0
DA:56,0
DA:57,0
DA:58,0
DA:59,0
DA:62,0
DA:63,0
DA:64,0
DA:68,0
DA:69,0
DA:73,0
DA:74,0
DA:78,0
DA:79,0
DA:83,0
DA:84,0
DA:87,0
DA:91,0
DA:94,0
DA:102,0
DA:104,0
DA:105,0
DA:106,0
DA:107,0
DA:112,0
DA:114,0
DA:121,0
DA:122,0
DA:123,0
DA:131,0
DA:132,0
DA:133,0
DA:141,0
DA:142,0
DA:145,0
DA:146,0
DA:147,0
DA:150,0
DA:151,0
DA:152,0
DA:155,0
DA:163,0
DA:181,0
DA:182,0
DA:189,0
DA:195,0
DA:217,0
DA:218,0
DA:226,0
LF:50
LH:0
BRDA:55,0,0,0
BRDA:56,1,0,0
BRDA:57,2,0,0
BRDA:58,3,0,0
BRDA:59,4,0,0
BRDA:63,5,0,0
BRDA:63,6,0,0
BRDA:63,6,1,0
BRDA:68,7,0,0
BRDA:68,8,0,0
BRDA:68,8,1,0
BRDA:73,9,0,0
BRDA:73,10,0,0
BRDA:73,10,1,0
BRDA:73,10,2,0
BRDA:78,11,0,0
BRDA:78,12,0,0
BRDA:78,12,1,0
BRDA:78,12,2,0
BRDA:78,12,3,0
BRDA:83,13,0,0
BRDA:83,14,0,0
BRDA:83,14,1,0
BRDA:91,15,0,0
BRDA:104,16,0,0
BRDA:104,17,0,0
BRDA:104,17,1,0
BRDA:122,18,0,0
BRDA:132,19,0,0
BRDA:146,20,0,0
BRDA:146,20,1,0
BRDA:147,21,0,0
BRDA:147,21,1,0
BRDA:150,22,0,0
BRDA:150,22,1,0
BRDA:151,23,0,0
BRDA:151,23,1,0
BRDA:152,24,0,0
BRDA:152,24,1,0
BRDA:170,25,0,0
BRDA:170,25,1,0
BRDA:177,26,0,0
BRDA:177,26,1,0
BRDA:181,27,0,0
BRF:44
BRH:0
end_of_record
TN:
SF:src/tools/validate_assessment_responses.ts
FN:49,validateAssessmentResponses
FN:91,(anonymous_1)
FN:92,(anonymous_2)
FN:104,(anonymous_3)
FN:186,(anonymous_4)
FN:205,validateResponseValue
FN:206,(anonymous_6)
FN:233,isCriticalResponse
FN:245,checkConsistencyWithPrevious
FN:261,(anonymous_9)
FN:284,getProfile
FNF:11
FNH:0
FNDA:0,validateAssessmentResponses
FNDA:0,(anonymous_1)
FNDA:0,(anonymous_2)
FNDA:0,(anonymous_3)
FNDA:0,(anonymous_4)
FNDA:0,validateResponseValue
FNDA:0,(anonymous_6)
FNDA:0,isCriticalResponse
FNDA:0,checkConsistencyWithPrevious
FNDA:0,(anonymous_9)
FNDA:0,getProfile
DA:12,0
DA:29,0
DA:50,0
DA:52,0
DA:54,0
DA:56,0
DA:64,0
DA:65,0
DA:66,0
DA:70,0
DA:75,0
DA:91,0
DA:92,0
DA:94,0
DA:95,0
DA:96,0
DA:98,0
DA:103,0
DA:104,0
DA:106,0
DA:107,0
DA:108,0
DA:112,0
DA:113,0
DA:114,0
DA:120,0
DA:123,0
DA:124,0
DA:126,0
DA:131,0
DA:132,0
DA:137,0
DA:138,0
DA:139,0
DA:143,0
DA:148,0
DA:153,0
DA:162,0
DA:172,0
DA:175,0
DA:176,0
DA:182,0
DA:183,0
DA:186,0
DA:194,0
DA:206,0
DA:208,0
DA:210,0
DA:211,0
DA:218,0
DA:219,0
DA:227,0
DA:235,0
DA:237,0
DA:246,0
DA:248,0
DA:250,0
DA:260,0
DA:261,0
DA:263,0
DA:264,0
DA:267,0
DA:268,0
DA:274,0
DA:275,0
DA:278,0
DA:285,0
DA:286,0
DA:292,0
DA:293,0
DA:294,0
DA:299,0
LF:72
LH:0
BRDA:49,0,0,0
BRDA:65,1,0,0
BRDA:95,2,0,0
BRDA:95,2,1,0
BRDA:106,3,0,0
BRDA:113,4,0,0
BRDA:113,4,1,0
BRDA:123,5,0,0
BRDA:123,5,1,0
BRDA:131,6,0,0
BRDA:131,7,0,0
BRDA:131,7,1,0
BRDA:131,7,2,0
BRDA:137,8,0,0
BRDA:149,9,0,0
BRDA:149,9,1,0
BRDA:149,9,2,0
BRDA:149,9,3,0
BRDA:175,10,0,0
BRDA:175,10,1,0
BRDA:182,11,0,0
BRDA:189,12,0,0
BRDA:189,12,1,0
BRDA:197,13,0,0
BRDA:197,13,1,0
BRDA:208,14,0,0
BRDA:208,15,0,0
BRDA:208,15,1,0
BRDA:210,16,0,0
BRDA:218,17,0,0
BRDA:237,18,0,0
BRDA:237,18,1,0
BRDA:237,18,2,0
BRDA:263,19,0,0
BRDA:263,20,0,0
BRDA:263,20,1,0
BRDA:267,21,0,0
BRDA:267,22,0,0
BRDA:267,22,1,0
BRDA:274,23,0,0
BRDA:274,23,1,0
BRDA:292,24,0,0
BRDA:292,24,1,0
BRF:43
BRH:0
end_of_record
TN:
SF:src/tools/validate_evidence.ts
FN:63,validateEvidence
FN:236,getFileType
FN:265,inferEvidenceType
FN:277,isFileTypeAllowed
FN:284,performAutoValidation
FN:339,updateCompletenessCheck
FN:360,generateRecommendations
FN:386,(anonymous_7)
FN:391,(anonymous_8)
FN:399,formatFileSize
FN:464,(anonymous_10)
FNF:11
FNH:0
FNDA:0,validateEvidence
FNDA:0,getFileType
FNDA:0,inferEvidenceType
FNDA:0,isFileTypeAllowed
FNDA:0,performAutoValidation
FNDA:0,updateCompletenessCheck
FNDA:0,generateRecommendations
FNDA:0,(anonymous_7)
FNDA:0,(anonymous_8)
FNDA:0,formatFileSize
FNDA:0,(anonymous_10)
DA:53,0
DA:54,0
DA:67,0
DA:88,0
DA:90,0
DA:91,0
DA:93,0
DA:94,0
DA:95,0
DA:96,0
DA:98,0
DA:99,0
DA:102,0
DA:103,0
DA:107,0
DA:108,0
DA:113,0
DA:115,0
DA:116,0
DA:120,0
DA:121,0
DA:124,0
DA:125,0
DA:129,0
DA:130,0
DA:131,0
DA:134,0
DA:135,0
DA:139,0
DA:140,0
DA:143,0
DA:162,0
DA:163,0
DA:169,0
DA:176,0
DA:180,0
DA:181,0
DA:182,0
DA:183,0
DA:185,0
DA:186,0
DA:187,0
DA:190,0
DA:196,0
DA:197,0
DA:198,0
DA:199,0
DA:200,0
DA:203,0
DA:207,0
DA:208,0
DA:209,0
DA:210,0
DA:211,0
DA:212,0
DA:213,0
DA:216,0
DA:222,0
DA:228,0
DA:229,0
DA:230,0
DA:233,0
DA:237,0
DA:262,0
DA:266,0
DA:268,0
DA:269,0
DA:270,0
DA:271,0
DA:272,0
DA:274,0
DA:278,0
DA:279,0
DA:280,0
DA:281,0
DA:289,0
DA:292,0
DA:293,0
DA:297,0
DA:299,0
DA:300,0
DA:302,0
DA:304,0
DA:305,0
DA:307,0
DA:309,0
DA:310,0
DA:312,0
DA:314,0
DA:315,0
DA:317,0
DA:321,0
DA:322,0
DA:323,0
DA:326,0
DA:327,0
DA:333,0
DA:343,0
DA:346,0
DA:347,0
DA:349,0
DA:350,0
DA:352,0
DA:353,0
DA:355,0
DA:356,0
DA:364,0
DA:366,0
DA:367,0
DA:370,0
DA:371,0
DA:374,0
DA:375,0
DA:378,0
DA:379,0
DA:382,0
DA:383,0
DA:386,0
DA:387,0
DA:388,0
DA:391,0
DA:392,0
DA:393,0
DA:396,0
DA:400,0
DA:401,0
DA:402,0
DA:403,0
DA:406,0
DA:465,0
LF:130
LH:0
BRDA:93,0,0,0
BRDA:93,1,0,0
BRDA:93,1,1,0
BRDA:95,2,0,0
BRDA:98,3,0,0
BRDA:98,3,1,0
BRDA:99,4,0,0
BRDA:99,4,1,0
BRDA:102,5,0,0
BRDA:102,6,0,0
BRDA:102,6,1,0
BRDA:115,7,0,0
BRDA:124,8,0,0
BRDA:131,9,0,0
BRDA:131,9,1,0
BRDA:134,10,0,0
BRDA:134,11,0,0
BRDA:134,11,1,0
BRDA:162,12,0,0
BRDA:197,13,0,0
BRDA:197,13,1,0
BRDA:209,14,0,0
BRDA:210,15,0,0
BRDA:211,16,0,0
BRDA:212,17,0,0
BRDA:222,18,0,0
BRDA:230,19,0,0
BRDA:230,19,1,0
BRDA:262,20,0,0
BRDA:262,20,1,0
BRDA:268,21,0,0
BRDA:269,22,0,0
BRDA:270,23,0,0
BRDA:271,24,0,0
BRDA:272,25,0,0
BRDA:279,26,0,0
BRDA:280,27,0,0
BRDA:292,28,0,0
BRDA:297,29,0,0
BRDA:297,29,1,0
BRDA:297,29,2,0
BRDA:297,29,3,0
BRDA:299,30,0,0
BRDA:304,31,0,0
BRDA:309,32,0,0
BRDA:314,33,0,0
BRDA:322,34,0,0
BRDA:326,35,0,0
BRDA:343,36,0,0
BRDA:343,36,1,0
BRDA:343,36,2,0
BRDA:343,36,3,0
BRDA:343,36,4,0
BRDA:366,37,0,0
BRDA:370,38,0,0
BRDA:374,39,0,0
BRDA:378,40,0,0
BRDA:382,41,0,0
BRDA:387,42,0,0
BRDA:391,43,0,0
BRDA:391,43,1,0
BRDA:392,44,0,0
BRDA:401,45,0,0
BRF:63
BRH:0
end_of_record
TN:
SF:src/utils/analytics.ts
FN:54,(anonymous_0)
FN:69,(anonymous_1)
FN:134,(anonymous_2)
FN:175,(anonymous_3)
FN:222,(anonymous_4)
FN:234,(anonymous_5)
FN:236,(anonymous_6)
FN:242,(anonymous_7)
FN:244,(anonymous_8)
FN:250,(anonymous_9)
FN:254,(anonymous_10)
FN:258,(anonymous_11)
FN:261,(anonymous_12)
FN:267,(anonymous_13)
FN:274,(anonymous_14)
FN:276,(anonymous_15)
FN:283,(anonymous_16)
FN:285,(anonymous_17)
FN:286,(anonymous_18)
FN:293,(anonymous_19)
FN:296,(anonymous_20)
FN:297,(anonymous_21)
FN:303,(anonymous_22)
FN:307,(anonymous_23)
FN:309,(anonymous_24)
FN:326,(anonymous_25)
FN:332,(anonymous_26)
FN:337,(anonymous_27)
FN:344,(anonymous_28)
FN:356,(anonymous_29)
FN:369,(anonymous_30)
FN:381,(anonymous_31)
FN:384,(anonymous_32)
FN:392,(anonymous_33)
FN:412,(anonymous_34)
FNF:35
FNH:0
FNDA:0,(anonymous_0)
FNDA:0,(anonymous_1)
FNDA:0,(anonymous_2)
FNDA:0,(anonymous_3)
FNDA:0,(anonymous_4)
FNDA:0,(anonymous_5)
FNDA:0,(anonymous_6)
FNDA:0,(anonymous_7)
FNDA:0,(anonymous_8)
FNDA:0,(anonymous_9)
FNDA:0,(anonymous_10)
FNDA:0,(anonymous_11)
FNDA:0,(anonymous_12)
FNDA:0,(anonymous_13)
FNDA:0,(anonymous_14)
FNDA:0,(anonymous_15)
FNDA:0,(anonymous_16)
FNDA:0,(anonymous_17)
FNDA:0,(anonymous_18)
FNDA:0,(anonymous_19)
FNDA:0,(anonymous_20)
FNDA:0,(anonymous_21)
FNDA:0,(anonymous_22)
FNDA:0,(anonymous_23)
FNDA:0,(anonymous_24)
FNDA:0,(anonymous_25)
FNDA:0,(anonymous_26)
FNDA:0,(anonymous_27)
FNDA:0,(anonymous_28)
FNDA:0,(anonymous_29)
FNDA:0,(anonymous_30)
FNDA:0,(anonymous_31)
FNDA:0,(anonymous_32)
FNDA:0,(anonymous_33)
FNDA:0,(anonymous_34)
DA:55,0
DA:56,0
DA:57,0
DA:58,0
DA:59,0
DA:60,0
DA:63,0
DA:78,0
DA:81,0
DA:84,0
DA:87,0
DA:99,0
DA:105,0
DA:112,0
DA:122,0
DA:135,0
DA:137,0
DA:138,0
DA:149,0
DA:153,0
DA:154,0
DA:155,0
DA:156,0
DA:158,0
DA:159,0
DA:161,0
DA:164,0
DA:167,0
DA:168,0
DA:169,0
DA:183,0
DA:184,0
DA:186,0
DA:187,0
DA:197,0
DA:201,0
DA:202,0
DA:203,0
DA:205,0
DA:206,0
DA:209,0
DA:210,0
DA:214,0
DA:215,0
DA:216,0
DA:223,0
DA:226,0
DA:227,0
DA:235,0
DA:236,0
DA:243,0
DA:244,0
DA:251,0
DA:253,0
DA:254,0
DA:257,0
DA:258,0
DA:261,0
DA:268,0
DA:275,0
DA:276,0
DA:284,0
DA:285,0
DA:286,0
DA:294,0
DA:295,0
DA:296,0
DA:297,0
DA:304,0
DA:305,0
DA:306,0
DA:307,0
DA:308,0
DA:309,0
DA:310,0
DA:312,0
DA:313,0
DA:314,0
DA:315,0
DA:317,0
DA:326,0
DA:332,0
DA:337,0
DA:344,0
DA:357,0
DA:370,0
DA:371,0
DA:372,0
DA:374,0
DA:375,0
DA:382,0
DA:384,0
DA:385,0
DA:393,0
DA:396,0
DA:399,0
DA:400,0
DA:401,0
DA:402,0
DA:403,0
DA:406,0
DA:413,0
DA:414,0
DA:415,0
DA:419,0
DA:421,0
DA:422,0
DA:427,0
LF:108
LH:0
BRDA:60,0,0,0
BRDA:60,0,1,0
BRDA:101,1,0,0
BRDA:101,1,1,0
BRDA:107,2,0,0
BRDA:107,2,1,0
BRDA:127,3,0,0
BRDA:127,3,1,0
BRDA:137,4,0,0
BRDA:158,5,0,0
BRDA:158,5,1,0
BRDA:183,6,0,0
BRDA:183,6,1,0
BRDA:186,7,0,0
BRDA:205,8,0,0
BRDA:209,9,0,0
BRDA:226,10,0,0
BRDA:253,11,0,0
BRDA:257,12,0,0
BRDA:267,13,0,0
BRDA:274,14,0,0
BRDA:283,15,0,0
BRDA:293,16,0,0
BRDA:310,17,0,0
BRDA:310,17,1,0
BRDA:382,18,0,0
BRDA:382,18,1,0
BRDA:413,19,0,0
BRF:28
BRH:0
end_of_record
TN:
SF:src/utils/enhanced-logger.ts
FN:64,(anonymous_10)
FN:94,(anonymous_11)
FN:125,(anonymous_12)
FN:152,(anonymous_13)
FN:195,(anonymous_14)
FN:204,(anonymous_15)
FN:211,(anonymous_16)
FN:218,(anonymous_17)
FN:224,(anonymous_18)
FN:228,(anonymous_19)
FN:243,(anonymous_20)
FN:247,(anonymous_21)
FN:251,(anonymous_22)
FN:255,(anonymous_23)
FN:262,(anonymous_24)
FN:276,(anonymous_25)
FN:290,(anonymous_26)
FN:303,(anonymous_27)
FN:316,(anonymous_28)
FN:329,(anonymous_29)
FN:331,(anonymous_30)
FN:342,(anonymous_31)
FN:351,(anonymous_32)
FNF:23
FNH:1
FNDA:0,(anonymous_10)
FNDA:0,(anonymous_11)
FNDA:1,(anonymous_12)
FNDA:0,(anonymous_13)
FNDA:0,(anonymous_14)
FNDA:0,(anonymous_15)
FNDA:0,(anonymous_16)
FNDA:0,(anonymous_17)
FNDA:0,(anonymous_18)
FNDA:0,(anonymous_19)
FNDA:0,(anonymous_20)
FNDA:0,(anonymous_21)
FNDA:0,(anonymous_22)
FNDA:0,(anonymous_23)
FNDA:0,(anonymous_24)
FNDA:0,(anonymous_25)
FNDA:0,(anonymous_26)
FNDA:0,(anonymous_27)
FNDA:0,(anonymous_28)
FNDA:0,(anonymous_29)
FNDA:0,(anonymous_30)
FNDA:0,(anonymous_31)
FNDA:0,(anonymous_32)
DA:5,1
DA:6,1
DA:7,1
DA:8,1
DA:9,1
DA:12,1
DA:22,1
DA:31,1
DA:34,1
DA:50,1
DA:61,1
DA:65,0
DA:67,0
DA:75,0
DA:77,0
DA:79,0
DA:91,1
DA:95,0
DA:96,0
DA:98,0
DA:101,0
DA:102,0
DA:103,0
DA:106,0
DA:107,0
DA:109,0
DA:110,0
DA:111,0
DA:115,0
DA:127,1
DA:130,1
DA:134,1
DA:153,0
DA:154,0
DA:155,0
DA:157,0
DA:182,1
DA:183,0
DA:196,0
DA:197,0
DA:198,0
DA:205,0
DA:212,0
DA:219,0
DA:220,0
DA:225,0
DA:229,0
DA:230,0
DA:239,0
DA:244,0
DA:248,0
DA:252,0
DA:256,0
DA:263,0
DA:277,0
DA:278,0
DA:291,0
DA:292,0
DA:304,0
DA:305,0
DA:317,0
DA:330,0
DA:331,0
DA:332,0
DA:333,0
DA:339,1
DA:342,1
DA:343,0
DA:351,1
DA:352,0
DA:359,0
DA:362,1
LF:72
LH:20
BRDA:55,0,0,1
BRDA:55,0,1,0
BRDA:65,1,0,0
BRDA:65,1,1,0
BRDA:68,2,0,0
BRDA:68,2,1,0
BRDA:68,2,2,0
BRDA:95,3,0,0
BRDA:95,3,1,0
BRDA:96,4,0,0
BRDA:96,4,1,0
BRDA:96,4,2,0
BRDA:101,5,0,0
BRDA:102,6,0,0
BRDA:103,7,0,0
BRDA:106,8,0,0
BRDA:106,9,0,0
BRDA:106,9,1,0
BRDA:110,10,0,0
BRDA:127,11,0,1
BRDA:127,11,1,1
BRDA:130,12,0,1
BRDA:130,12,1,1
BRDA:130,12,2,1
BRDA:135,13,0,1
BRDA:135,13,1,1
BRDA:141,14,0,1
BRDA:141,14,1,0
BRDA:143,15,0,0
BRDA:143,15,1,0
BRDA:147,16,0,1
BRDA:147,16,1,0
BRDA:154,17,0,0
BRDA:182,18,0,0
BRDA:220,19,0,0
BRDA:220,19,1,0
BRDA:229,20,0,0
BRDA:229,20,1,0
BRDA:277,21,0,0
BRDA:277,21,1,0
BRDA:277,22,0,0
BRDA:277,22,1,0
BRDA:291,23,0,0
BRDA:291,23,1,0
BRDA:304,24,0,0
BRDA:304,24,1,0
BRDA:345,25,0,0
BRDA:345,25,1,0
BRDA:346,26,0,0
BRDA:346,26,1,0
BRF:50
BRH:10
end_of_record
TN:
SF:src/utils/instance-manager.ts
FN:23,checkExistingInstance
FN:57,createLockFile
FN:77,removeLockFile
FN:91,terminateExistingInstance
FN:128,setupShutdownHandlers
FN:129,(anonymous_5)
FN:149,(anonymous_6)
FN:150,(anonymous_7)
FN:151,(anonymous_8)
FN:154,(anonymous_9)
FN:160,(anonymous_10)
FN:167,(anonymous_11)
FN:175,initializeInstanceManager
FNF:13
FNH:0
FNDA:0,checkExistingInstance
FNDA:0,createLockFile
FNDA:0,removeLockFile
FNDA:0,terminateExistingInstance
FNDA:0,setupShutdownHandlers
FNDA:0,(anonymous_5)
FNDA:0,(anonymous_6)
FNDA:0,(anonymous_7)
FNDA:0,(anonymous_8)
FNDA:0,(anonymous_9)
FNDA:0,(anonymous_10)
FNDA:0,(anonymous_11)
FNDA:0,initializeInstanceManager
DA:11,0
DA:24,0
DA:25,0
DA:26,0
DA:29,0
DA:30,0
DA:33,0
DA:35,0
DA:36,0
DA:41,0
DA:44,0
DA:45,0
DA:46,0
DA:49,0
DA:50,0
DA:58,0
DA:65,0
DA:66,0
DA:67,0
DA:69,0
DA:70,0
DA:78,0
DA:79,0
DA:80,0
DA:81,0
DA:84,0
DA:92,0
DA:93,0
DA:96,0
DA:99,0
DA:100,0
DA:101,0
DA:102,0
DA:105,0
DA:108,0
DA:109,0
DA:110,0
DA:115,0
DA:116,0
DA:117,0
DA:118,0
DA:120,0
DA:121,0
DA:129,0
DA:130,0
DA:132,0
DA:134,0
DA:137,0
DA:139,0
DA:140,0
DA:142,0
DA:143,0
DA:144,0
DA:149,0
DA:150,0
DA:151,0
DA:154,0
DA:155,0
DA:156,0
DA:157,0
DA:160,0
DA:161,0
DA:162,0
DA:163,0
DA:167,0
DA:169,0
DA:176,0
DA:178,0
DA:179,0
DA:180,0
DA:181,0
DA:182,0
DA:183,0
DA:186,0
DA:191,0
DA:195,0
DA:196,0
LF:77
LH:0
BRDA:25,0,0,0
BRDA:79,1,0,0
BRDA:175,2,0,0
BRDA:178,3,0,0
BRDA:179,4,0,0
BRDA:179,4,1,0
BRDA:181,5,0,0
BRF:7
BRH:0
end_of_record
TN:
SF:src/utils/logger.ts
FN:30,(anonymous_1)
FN:68,(anonymous_2)
FN:98,(anonymous_3)
FN:103,(anonymous_4)
FNF:4
FNH:1
FNDA:4,(anonymous_1)
FNDA:0,(anonymous_2)
FNDA:0,(anonymous_3)
FNDA:0,(anonymous_4)
DA:5,1
DA:6,1
DA:9,1
DA:17,1
DA:24,1
DA:27,1
DA:31,4
DA:32,4
DA:33,0
DA:35,4
DA:40,1
DA:46,1
DA:51,1
DA:69,0
DA:70,0
DA:71,0
DA:73,0
DA:98,1
DA:99,0
DA:103,1
DA:104,0
DA:105,0
DA:108,1
LF:23
LH:15
BRDA:32,0,0,0
BRDA:46,1,0,1
BRDA:46,1,1,1
BRDA:46,1,2,1
BRDA:52,2,0,1
BRDA:52,2,1,1
BRDA:57,3,0,0
BRDA:57,3,1,1
BRDA:63,4,0,0
BRDA:63,4,1,1
BRDA:70,5,0,0
BRF:11
BRH:7
end_of_record
TN:
SF:src/utils/metrics.ts
FN:9,(anonymous_0)
FN:17,(anonymous_1)
FN:76,(anonymous_2)
FN:97,(anonymous_3)
FN:188,(anonymous_4)
FN:196,(anonymous_5)
FN:229,(anonymous_6)
FN:236,(anonymous_7)
FN:243,(anonymous_8)
FN:249,(anonymous_9)
FN:264,(anonymous_10)
FN:271,(anonymous_11)
FN:280,(anonymous_12)
FN:290,(anonymous_13)
FN:291,(anonymous_14)
FN:293,(anonymous_15)
FN:298,(anonymous_16)
FN:304,(anonymous_17)
FN:336,(anonymous_18)
FN:352,(anonymous_19)
FN:370,(anonymous_20)
FN:395,(anonymous_21)
FN:414,(anonymous_22)
FN:415,(anonymous_23)
FN:423,(anonymous_24)
FN:446,(anonymous_25)
FN:463,(anonymous_26)
FN:472,(anonymous_27)
FNF:28
FNH:0
FNDA:0,(anonymous_0)
FNDA:0,(anonymous_1)
FNDA:0,(anonymous_2)
FNDA:0,(anonymous_3)
FNDA:0,(anonymous_4)
FNDA:0,(anonymous_5)
FNDA:0,(anonymous_6)
FNDA:0,(anonymous_7)
FNDA:0,(anonymous_8)
FNDA:0,(anonymous_9)
FNDA:0,(anonymous_10)
FNDA:0,(anonymous_11)
FNDA:0,(anonymous_12)
FNDA:0,(anonymous_13)
FNDA:0,(anonymous_14)
FNDA:0,(anonymous_15)
FNDA:0,(anonymous_16)
FNDA:0,(anonymous_17)
FNDA:0,(anonymous_18)
FNDA:0,(anonymous_19)
FNDA:0,(anonymous_20)
FNDA:0,(anonymous_21)
FNDA:0,(anonymous_22)
FNDA:0,(anonymous_23)
FNDA:0,(anonymous_24)
FNDA:0,(anonymous_25)
FNDA:0,(anonymous_26)
FNDA:0,(anonymous_27)
DA:9,0
DA:10,0
DA:11,0
DA:12,0
DA:13,0
DA:17,0
DA:18,0
DA:19,0
DA:20,0
DA:21,0
DA:22,0
DA:23,0
DA:77,0
DA:78,0
DA:79,0
DA:80,0
DA:81,0
DA:82,0
DA:83,0
DA:86,0
DA:89,0
DA:90,0
DA:99,0
DA:108,0
DA:117,0
DA:126,0
DA:135,0
DA:144,0
DA:153,0
DA:162,0
DA:170,0
DA:177,0
DA:189,0
DA:190,0
DA:197,0
DA:198,0
DA:199,0
DA:200,0
DA:203,0
DA:204,0
DA:211,0
DA:212,0
DA:215,0
DA:218,0
DA:230,0
DA:237,0
DA:244,0
DA:245,0
DA:247,0
DA:249,0
DA:250,0
DA:251,0
DA:252,0
DA:253,0
DA:254,0
DA:255,0
DA:257,0
DA:265,0
DA:272,0
DA:273,0
DA:275,0
DA:276,0
DA:280,0
DA:281,0
DA:282,0
DA:283,0
DA:286,0
DA:287,0
DA:290,0
DA:291,0
DA:293,0
DA:294,0
DA:295,0
DA:298,0
DA:299,0
DA:300,0
DA:304,0
DA:305,0
DA:308,0
DA:311,0
DA:313,0
DA:337,0
DA:339,0
DA:340,0
DA:341,0
DA:342,0
DA:346,0
DA:353,0
DA:355,0
DA:356,0
DA:359,0
DA:360,0
DA:362,0
DA:365,0
DA:367,0
DA:368,0
DA:370,0
DA:373,0
DA:374,0
DA:376,0
DA:377,0
DA:379,0
DA:384,0
DA:385,0
DA:389,0
DA:396,0
DA:401,0
DA:402,0
DA:403,0
DA:404,0
DA:408,0
DA:415,0
DA:416,0
DA:424,0
DA:426,0
DA:427,0
DA:437,0
DA:440,0
DA:447,0
DA:449,0
DA:450,0
DA:451,0
DA:452,0
DA:455,0
DA:456,0
DA:457,0
DA:464,0
DA:465,0
DA:473,0
DA:474,0
DA:475,0
DA:481,0
LF:132
LH:0
BRDA:9,0,0,0
BRDA:9,0,1,0
BRDA:17,1,0,0
BRDA:17,1,1,0
BRDA:82,2,0,0
BRDA:82,2,1,0
BRDA:83,3,0,0
BRDA:83,3,1,0
BRDA:89,4,0,0
BRDA:198,5,0,0
BRDA:203,6,0,0
BRDA:203,6,1,0
BRDA:211,7,0,0
BRDA:229,8,0,0
BRDA:252,9,0,0
BRDA:275,10,0,0
BRDA:275,11,0,0
BRDA:275,11,1,0
BRDA:275,11,2,0
BRDA:281,12,0,0
BRDA:281,13,0,0
BRDA:281,13,1,0
BRDA:282,14,0,0
BRDA:282,15,0,0
BRDA:282,15,1,0
BRDA:286,16,0,0
BRDA:308,17,0,0
BRDA:308,17,1,0
BRDA:309,18,0,0
BRDA:309,18,1,0
BRDA:309,19,0,0
BRDA:309,19,1,0
BRDA:311,20,0,0
BRDA:311,20,1,0
BRDA:319,21,0,0
BRDA:319,21,1,0
BRDA:320,22,0,0
BRDA:320,22,1,0
BRDA:341,23,0,0
BRDA:356,24,0,0
BRDA:356,24,1,0
BRDA:359,25,0,0
BRDA:368,26,0,0
BRDA:368,26,1,0
BRDA:373,27,0,0
BRDA:373,27,1,0
BRDA:374,28,0,0
BRDA:374,28,1,0
BRDA:376,29,0,0
BRDA:376,29,1,0
BRDA:403,30,0,0
BRDA:473,31,0,0
BRF:52
BRH:0
end_of_record
TN:
SF:src/utils/report-templates.ts
FN:5,generateHTMLReport
FN:50,getHTMLStyles
FN:165,generateExecutiveHTML
FN:201,(anonymous_3)
FN:234,(anonymous_4)
FN:237,(anonymous_5)
FN:259,generateTechnicalHTML
FN:279,(anonymous_7)
FN:301,generateAuditHTML
FN:321,(anonymous_9)
FN:354,(anonymous_10)
FN:376,generateProgressHTML
FN:417,(anonymous_12)
FN:438,formatDataAsCSV
FN:445,(anonymous_14)
FN:453,formatDataAsJSON
FNF:16
FNH:0
FNDA:0,generateHTMLReport
FNDA:0,getHTMLStyles
FNDA:0,generateExecutiveHTML
FNDA:0,(anonymous_3)
FNDA:0,(anonymous_4)
FNDA:0,(anonymous_5)
FNDA:0,generateTechnicalHTML
FNDA:0,(anonymous_7)
FNDA:0,generateAuditHTML
FNDA:0,(anonymous_9)
FNDA:0,(anonymous_10)
FNDA:0,generateProgressHTML
FNDA:0,(anonymous_12)
FNDA:0,formatDataAsCSV
FNDA:0,(anonymous_14)
FNDA:0,formatDataAsJSON
DA:6,0
DA:7,0
DA:9,0
DA:10,0
DA:12,0
DA:13,0
DA:15,0
DA:16,0
DA:18,0
DA:19,0
DA:21,0
DA:22,0
DA:24,0
DA:27,0
DA:51,0
DA:166,0
DA:168,0
DA:201,0
DA:202,0
DA:203,0
DA:219,0
DA:234,0
DA:237,0
DA:256,0
DA:260,0
DA:262,0
DA:279,0
DA:280,0
DA:292,0
DA:298,0
DA:302,0
DA:303,0
DA:305,0
DA:321,0
DA:322,0
DA:333,0
DA:354,0
DA:355,0
DA:367,0
DA:373,0
DA:377,0
DA:379,0
DA:417,0
DA:418,0
DA:429,0
DA:435,0
DA:439,0
DA:442,0
DA:443,0
DA:444,0
DA:445,0
DA:446,0
DA:450,0
DA:455,0
DA:456,0
DA:457,0
DA:458,0
DA:459,0
DA:461,0
DA:464,0
DA:468,0
LF:61
LH:0
BRDA:10,0,0,0
BRDA:10,0,1,0
BRDA:10,0,2,0
BRDA:10,0,3,0
BRDA:10,0,4,0
BRDA:166,1,0,0
BRDA:166,1,1,0
BRDA:173,2,0,0
BRDA:173,2,1,0
BRDA:177,3,0,0
BRDA:177,3,1,0
BRDA:181,4,0,0
BRDA:181,4,1,0
BRDA:202,5,0,0
BRDA:202,5,1,0
BRDA:260,6,0,0
BRDA:260,6,1,0
BRDA:286,7,0,0
BRDA:286,7,1,0
BRDA:287,8,0,0
BRDA:287,8,1,0
BRDA:302,9,0,0
BRDA:302,9,1,0
BRDA:303,10,0,0
BRDA:303,10,1,0
BRDA:377,11,0,0
BRDA:377,11,1,0
BRDA:384,12,0,0
BRDA:384,12,1,0
BRDA:388,13,0,0
BRDA:388,13,1,0
BRDA:392,14,0,0
BRDA:392,14,1,0
BRDA:396,15,0,0
BRDA:396,15,1,0
BRDA:424,16,0,0
BRDA:424,16,1,0
BRDA:442,17,0,0
BRDA:446,18,0,0
BRDA:446,18,1,0
BRDA:446,19,0,0
BRDA:446,19,1,0
BRDA:457,20,0,0
BRDA:457,20,1,0
BRDA:457,21,0,0
BRDA:457,21,1,0
BRDA:457,21,2,0
BRF:47
BRH:0
end_of_record
